<?xml version="1.0" encoding="UTF-8"?>
<testsuites name="suite-safari" time="952" tests="7" failures="29" errors="1">
   <testsuite name="suite-safari" tests="7" failures="29" errors="1" time="952" timestamp="2019-08-13 09:47:37" hostname="sumankompelly - 10.0.126.233" id="Test Suites/suite-safari">
      <properties>
[...]
</properties>
      <testcase name="Test Cases/CRITICAL PATH - SPANISH/Increase quantity - cart page" classname="Test Cases/CRITICAL PATH - SPANISH/Increase quantity - cart page" status="FAILED">
         <failure type="FAILED" message="Test Cases/CRITICAL PATH - SPANISH/Increase quantity - cart page FAILED.
Reason:
com.kms.katalon.core.exception.StepFailedException: Unable to click on object 'Object Repository/CR-DESKTOP - SPANISH/Mega menu/shoes - tenis' (Root cause: org.openqa.selenium.ElementNotInteractableException: 
Build info: version: '3.7.1', revision: '8a0099a', time: '2017-11-06T21:07:36.161Z'
System info: host: 'sumans-MacBook-Pro.local', ip: 'fe80:0:0:0:101b:184c:e876:9570%en0', os.name: 'Mac OS X', os.arch: 'x86_64', os.version: '10.13.6', java.version: '1.8.0_181'
Driver info: com.kms.katalon.selenium.driver.CSafariDriver
Capabilities {acceptInsecureCerts: false, browserName: Safari, browserVersion: 12.1, javascriptEnabled: true, platform: MAC, platformName: MAC, safari:automaticInspection: false, safari:automaticProfiling: false, safari:diagnose: false, setWindowRect: true, strictFileInteractability: false, webkit:WebRTC: {DisableICECandidateFiltering: false, DisableInsecureMediaCapture: false}}
Session ID: 86831ABA-03C0-4B93-B2AC-A568130FE615)
	at com.kms.katalon.core.keyword.internal.KeywordMain.stepFailed(KeywordMain.groovy:36)
	at com.kms.katalon.core.webui.keyword.internal.WebUIKeywordMain.stepFailed(WebUIKeywordMain.groovy:65)
	at com.kms.katalon.core.webui.keyword.internal.WebUIKeywordMain.runKeyword(WebUIKeywordMain.groovy:27)
	at com.kms.katalon.core.webui.keyword.builtin.ClickKeyword.click(ClickKeyword.groovy:86)
	at com.kms.katalon.core.webui.keyword.builtin.ClickKeyword.execute(ClickKeyword.groovy:67)
	at com.kms.katalon.core.keyword.internal.KeywordExecutor.executeKeywordForPlatform(KeywordExecutor.groovy:53)
	at com.kms.katalon.core.webui.keyword.WebUiBuiltInKeywords.click(WebUiBuiltInKeywords.groovy:616)
	at com.kms.katalon.core.webui.keyword.WebUiBuiltInKeywords$click$1.call(Unknown Source)
	at Increase quantity - cart page.run(Increase quantity - cart page:24)
	at com.kms.katalon.core.main.ScriptEngine.run(ScriptEngine.java:194)
	at com.kms.katalon.core.main.ScriptEngine.runScriptAsRawText(ScriptEngine.java:119)
	at com.kms.katalon.core.main.TestCaseExecutor.runScript(TestCaseExecutor.java:328)
	at com.kms.katalon.core.main.TestCaseExecutor.doExecute(TestCaseExecutor.java:319)
	at com.kms.katalon.core.main.TestCaseExecutor.processExecutionPhase(TestCaseExecutor.java:298)
	at com.kms.katalon.core.main.TestCaseExecutor.accessMainPhase(TestCaseExecutor.java:290)
	at com.kms.katalon.core.main.TestCaseExecutor.execute(TestCaseExecutor.java:224)
	at com.kms.katalon.core.main.TestSuiteExecutor.accessTestCaseMainPhase(TestSuiteExecutor.java:129)
	at com.kms.katalon.core.main.TestSuiteExecutor.accessTestSuiteMainPhase(TestSuiteExecutor.java:112)
	at com.kms.katalon.core.main.TestSuiteExecutor.execute(TestSuiteExecutor.java:81)
	at com.kms.katalon.core.main.TestCaseMain.startTestSuite(TestCaseMain.java:149)
	at com.kms.katalon.core.main.TestCaseMain$startTestSuite$0.call(Unknown Source)
	at TempTestSuite1565704052965.run(TempTestSuite1565704052965.groovy:36)
"/>
         <system-out><![CDATA[2019-08-13 09:47:38 - [TEST_CASE][FAILED] - Test Cases/CRITICAL PATH - SPANISH/Increase quantity - cart page: Test Cases/CRITICAL PATH - SPANISH/Increase quantity - cart page FAILED.
Reason:
com.kms.katalon.core.exception.StepFailedException: Unable to click on object 'Object Repository/CR-DESKTOP - SPANISH/Mega menu/shoes - tenis' (Root cause: org.openqa.selenium.ElementNotInteractableException: 
Build info: version: '3.7.1', revision: '8a0099a', time: '2017-11-06T21:07:36.161Z'
System info: host: 'sumans-MacBook-Pro.local', ip: 'fe80:0:0:0:101b:184c:e876:9570%en0', os.name: 'Mac OS X', os.arch: 'x86_64', os.version: '10.13.6', java.version: '1.8.0_181'
Driver info: com.kms.katalon.selenium.driver.CSafariDriver
Capabilities {acceptInsecureCerts: false, browserName: Safari, browserVersion: 12.1, javascriptEnabled: true, platform: MAC, platformName: MAC, safari:automaticInspection: false, safari:automaticProfiling: false, safari:diagnose: false, setWindowRect: true, strictFileInteractability: false, webkit:WebRTC: {DisableICECandidateFiltering: false, DisableInsecureMediaCapture: false}}
Session ID: 86831ABA-03C0-4B93-B2AC-A568130FE615)
	at com.kms.katalon.core.keyword.internal.KeywordMain.stepFailed(KeywordMain.groovy:36)
	at com.kms.katalon.core.webui.keyword.internal.WebUIKeywordMain.stepFailed(WebUIKeywordMain.groovy:65)
	at com.kms.katalon.core.webui.keyword.internal.WebUIKeywordMain.runKeyword(WebUIKeywordMain.groovy:27)
	at com.kms.katalon.core.webui.keyword.builtin.ClickKeyword.click(ClickKeyword.groovy:86)
	at com.kms.katalon.core.webui.keyword.builtin.ClickKeyword.execute(ClickKeyword.groovy:67)
	at com.kms.katalon.core.keyword.internal.KeywordExecutor.executeKeywordForPlatform(KeywordExecutor.groovy:53)
	at com.kms.katalon.core.webui.keyword.WebUiBuiltInKeywords.click(WebUiBuiltInKeywords.groovy:616)
	at com.kms.katalon.core.webui.keyword.WebUiBuiltInKeywords$click$1.call(Unknown Source)
	at Increase quantity - cart page.run(Increase quantity - cart page:24)
	at com.kms.katalon.core.main.ScriptEngine.run(ScriptEngine.java:194)
	at com.kms.katalon.core.main.ScriptEngine.runScriptAsRawText(ScriptEngine.java:119)
	at com.kms.katalon.core.main.TestCaseExecutor.runScript(TestCaseExecutor.java:328)
	at com.kms.katalon.core.main.TestCaseExecutor.doExecute(TestCaseExecutor.java:319)
	at com.kms.katalon.core.main.TestCaseExecutor.processExecutionPhase(TestCaseExecutor.java:298)
	at com.kms.katalon.core.main.TestCaseExecutor.accessMainPhase(TestCaseExecutor.java:290)
	at com.kms.katalon.core.main.TestCaseExecutor.execute(TestCaseExecutor.java:224)
	at com.kms.katalon.core.main.TestSuiteExecutor.accessTestCaseMainPhase(TestSuiteExecutor.java:129)
	at com.kms.katalon.core.main.TestSuiteExecutor.accessTestSuiteMainPhase(TestSuiteExecutor.java:112)
	at com.kms.katalon.core.main.TestSuiteExecutor.execute(TestSuiteExecutor.java:81)
	at com.kms.katalon.core.main.TestCaseMain.startTestSuite(TestCaseMain.java:149)
	at com.kms.katalon.core.main.TestCaseMain$startTestSuite$0.call(Unknown Source)
	at TempTestSuite1565704052965.run(TempTestSuite1565704052965.groovy:36)


2019-08-13 09:47:39 - [TEST_STEP][PASSED] - callTestCase(findTestCase("CALL - LANGUAGE TOGGLER"), [:], STOP_ON_FAILURE): Call Test Case 'Test Cases/CALL - LANGUAGE TOGGLER' successfully

2019-08-13 09:47:39 - [TEST_CASE][PASSED] - Test Cases/CALL - LANGUAGE TOGGLER: Test Cases/CALL - LANGUAGE TOGGLER

2019-08-13 09:47:40 - [TEST_STEP][PASSED] - callTestCase(findTestCase("CALL-URL"), [:], STOP_ON_FAILURE): Call Test Case 'Test Cases/CALL-URL' successfully

2019-08-13 09:47:40 - [TEST_CASE][PASSED] - Test Cases/CALL-URL: Test Cases/CALL-URL

2019-08-13 09:47:40 - [TEST_STEP][PASSED] - openBrowser(""): Browser is opened with url: ''

2019-08-13 09:47:41 - [MESSAGE][INFO] - Starting 'Safari' driver

2019-08-13 09:47:41 - [MESSAGE][INFO] - Action delay is set to 0 seconds

2019-08-13 09:48:00 - [MESSAGE][PASSED] - Browser is opened with url: ''

2019-08-13 09:48:00 - [TEST_STEP][PASSED] - navigateToUrl("https://charlotterusse.com/"): Navigate to 'https://charlotterusse.com/' successfully

2019-08-13 09:48:05 - [MESSAGE][PASSED] - Navigate to 'https://charlotterusse.com/' successfully

2019-08-13 09:48:05 - [TEST_STEP][PASSED] - click(findTestObject("CR-DESKTOP/Window pop up/language- english")): Object: 'Object Repository/CR-DESKTOP/Window pop up/language- english' is clicked on

2019-08-13 09:48:05 - [MESSAGE][PASSED] - Object: 'Object Repository/CR-DESKTOP/Window pop up/language- english' is clicked on

2019-08-13 09:48:05 - [TEST_STEP][PASSED] - click(findTestObject("CR-DESKTOP/Window pop up/Pop up - close")): Object: 'Object Repository/CR-DESKTOP/Window pop up/Pop up - close' is clicked on

2019-08-13 09:48:06 - [MESSAGE][PASSED] - Object: 'Object Repository/CR-DESKTOP/Window pop up/Pop up - close' is clicked on

2019-08-13 09:48:06 - [TEST_STEP][PASSED] - maximizeWindow(): Current window maximized

2019-08-13 09:48:06 - [MESSAGE][PASSED] - Current window maximized

2019-08-13 09:48:06 - [MESSAGE][PASSED] - Call Test Case 'Test Cases/CALL-URL' successfully

2019-08-13 09:48:06 - [TEST_STEP][PASSED] - delay(2): Delayed 2 second(s)

2019-08-13 09:48:08 - [MESSAGE][PASSED] - Delayed 2 second(s)

2019-08-13 09:48:08 - [TEST_STEP][PASSED] - click(findTestObject("CR-DESKTOP/Home page/Spanish")): Object: 'Object Repository/CR-DESKTOP/Home page/Spanish' is clicked on

2019-08-13 09:48:08 - [MESSAGE][PASSED] - Object: 'Object Repository/CR-DESKTOP/Home page/Spanish' is clicked on

2019-08-13 09:48:08 - [MESSAGE][PASSED] - Call Test Case 'Test Cases/CALL - LANGUAGE TOGGLER' successfully

2019-08-13 09:48:08 - [TEST_STEP][PASSED] - delay(2): Delayed 2 second(s)

2019-08-13 09:48:10 - [MESSAGE][PASSED] - Delayed 2 second(s)

2019-08-13 09:48:10 - [TEST_STEP][PASSED] - mouseOver(findTestObject("CR-DESKTOP - SPANISH/Mega menu/SHOES")): Object: 'Object Repository/CR-DESKTOP - SPANISH/Mega menu/SHOES' is hovered

2019-08-13 09:48:11 - [MESSAGE][PASSED] - Object: 'Object Repository/CR-DESKTOP - SPANISH/Mega menu/SHOES' is hovered

2019-08-13 09:48:11 - [TEST_STEP][PASSED] - delay(2): Delayed 2 second(s)

2019-08-13 09:48:13 - [MESSAGE][PASSED] - Delayed 2 second(s)

2019-08-13 09:48:13 - [TEST_STEP][FAILED] - click(findTestObject("CR-DESKTOP - SPANISH/Mega menu/shoes - tenis")): click(findTestObject("CR-DESKTOP - SPANISH/Mega menu/shoes - tenis")) FAILED.
Reason:
com.kms.katalon.core.exception.StepFailedException: Unable to click on object 'Object Repository/CR-DESKTOP - SPANISH/Mega menu/shoes - tenis' (Root cause: org.openqa.selenium.ElementNotInteractableException: 
Build info: version: '3.7.1', revision: '8a0099a', time: '2017-11-06T21:07:36.161Z'
System info: host: 'sumans-MacBook-Pro.local', ip: 'fe80:0:0:0:101b:184c:e876:9570%en0', os.name: 'Mac OS X', os.arch: 'x86_64', os.version: '10.13.6', java.version: '1.8.0_181'
Driver info: com.kms.katalon.selenium.driver.CSafariDriver
Capabilities {acceptInsecureCerts: false, browserName: Safari, browserVersion: 12.1, javascriptEnabled: true, platform: MAC, platformName: MAC, safari:automaticInspection: false, safari:automaticProfiling: false, safari:diagnose: false, setWindowRect: true, strictFileInteractability: false, webkit:WebRTC: {DisableICECandidateFiltering: false, DisableInsecureMediaCapture: false}}
Session ID: 86831ABA-03C0-4B93-B2AC-A568130FE615)
	at com.kms.katalon.core.keyword.internal.KeywordMain.stepFailed(KeywordMain.groovy:36)
	at com.kms.katalon.core.webui.keyword.internal.WebUIKeywordMain.stepFailed(WebUIKeywordMain.groovy:65)
	at com.kms.katalon.core.webui.keyword.internal.WebUIKeywordMain.runKeyword(WebUIKeywordMain.groovy:27)
	at com.kms.katalon.core.webui.keyword.builtin.ClickKeyword.click(ClickKeyword.groovy:86)
	at com.kms.katalon.core.webui.keyword.builtin.ClickKeyword.execute(ClickKeyword.groovy:67)
	at com.kms.katalon.core.keyword.internal.KeywordExecutor.executeKeywordForPlatform(KeywordExecutor.groovy:53)
	at com.kms.katalon.core.webui.keyword.WebUiBuiltInKeywords.click(WebUiBuiltInKeywords.groovy:616)
	at com.kms.katalon.core.webui.keyword.WebUiBuiltInKeywords$click$1.call(Unknown Source)
	at Increase quantity - cart page.run(Increase quantity - cart page:24)
	at com.kms.katalon.core.main.ScriptEngine.run(ScriptEngine.java:194)
	at com.kms.katalon.core.main.ScriptEngine.runScriptAsRawText(ScriptEngine.java:119)
	at com.kms.katalon.core.main.TestCaseExecutor.runScript(TestCaseExecutor.java:328)
	at com.kms.katalon.core.main.TestCaseExecutor.doExecute(TestCaseExecutor.java:319)
	at com.kms.katalon.core.main.TestCaseExecutor.processExecutionPhase(TestCaseExecutor.java:298)
	at com.kms.katalon.core.main.TestCaseExecutor.accessMainPhase(TestCaseExecutor.java:290)
	at com.kms.katalon.core.main.TestCaseExecutor.execute(TestCaseExecutor.java:224)
	at com.kms.katalon.core.main.TestSuiteExecutor.accessTestCaseMainPhase(TestSuiteExecutor.java:129)
	at com.kms.katalon.core.main.TestSuiteExecutor.accessTestSuiteMainPhase(TestSuiteExecutor.java:112)
	at com.kms.katalon.core.main.TestSuiteExecutor.execute(TestSuiteExecutor.java:81)
	at com.kms.katalon.core.main.TestCaseMain.startTestSuite(TestCaseMain.java:149)
	at com.kms.katalon.core.main.TestCaseMain$startTestSuite$0.call(Unknown Source)
	at TempTestSuite1565704052965.run(TempTestSuite1565704052965.groovy:36)


2019-08-13 09:48:13 - [MESSAGE][FAILED] - Unable to click on object 'Object Repository/CR-DESKTOP - SPANISH/Mega menu/shoes - tenis' (Root cause: org.openqa.selenium.ElementNotInteractableException: 
Build info: version: '3.7.1', revision: '8a0099a', time: '2017-11-06T21:07:36.161Z'
System info: host: 'sumans-MacBook-Pro.local', ip: 'fe80:0:0:0:101b:184c:e876:9570%en0', os.name: 'Mac OS X', os.arch: 'x86_64', os.version: '10.13.6', java.version: '1.8.0_181'
Driver info: com.kms.katalon.selenium.driver.CSafariDriver
Capabilities {acceptInsecureCerts: false, browserName: Safari, browserVersion: 12.1, javascriptEnabled: true, platform: MAC, platformName: MAC, safari:automaticInspection: false, safari:automaticProfiling: false, safari:diagnose: false, setWindowRect: true, strictFileInteractability: false, webkit:WebRTC: {DisableICECandidateFiltering: false, DisableInsecureMediaCapture: false}}
Session ID: 86831ABA-03C0-4B93-B2AC-A568130FE615)
[[ATTACHMENT|/Users/sumankompelly/git/CR-Desktop/Reports/suite-safari/20190813_094732/1565704093251.png]]

2019-08-13 09:48:13 - [MESSAGE][FAILED] - click(findTestObject("CR-DESKTOP - SPANISH/Mega menu/shoes - tenis")) FAILED.
Reason:
com.kms.katalon.core.exception.StepFailedException: Unable to click on object 'Object Repository/CR-DESKTOP - SPANISH/Mega menu/shoes - tenis' (Root cause: org.openqa.selenium.ElementNotInteractableException: 
Build info: version: '3.7.1', revision: '8a0099a', time: '2017-11-06T21:07:36.161Z'
System info: host: 'sumans-MacBook-Pro.local', ip: 'fe80:0:0:0:101b:184c:e876:9570%en0', os.name: 'Mac OS X', os.arch: 'x86_64', os.version: '10.13.6', java.version: '1.8.0_181'
Driver info: com.kms.katalon.selenium.driver.CSafariDriver
Capabilities {acceptInsecureCerts: false, browserName: Safari, browserVersion: 12.1, javascriptEnabled: true, platform: MAC, platformName: MAC, safari:automaticInspection: false, safari:automaticProfiling: false, safari:diagnose: false, setWindowRect: true, strictFileInteractability: false, webkit:WebRTC: {DisableICECandidateFiltering: false, DisableInsecureMediaCapture: false}}
Session ID: 86831ABA-03C0-4B93-B2AC-A568130FE615)
	at com.kms.katalon.core.keyword.internal.KeywordMain.stepFailed(KeywordMain.groovy:36)
	at com.kms.katalon.core.webui.keyword.internal.WebUIKeywordMain.stepFailed(WebUIKeywordMain.groovy:65)
	at com.kms.katalon.core.webui.keyword.internal.WebUIKeywordMain.runKeyword(WebUIKeywordMain.groovy:27)
	at com.kms.katalon.core.webui.keyword.builtin.ClickKeyword.click(ClickKeyword.groovy:86)
	at com.kms.katalon.core.webui.keyword.builtin.ClickKeyword.execute(ClickKeyword.groovy:67)
	at com.kms.katalon.core.keyword.internal.KeywordExecutor.executeKeywordForPlatform(KeywordExecutor.groovy:53)
	at com.kms.katalon.core.webui.keyword.WebUiBuiltInKeywords.click(WebUiBuiltInKeywords.groovy:616)
	at com.kms.katalon.core.webui.keyword.WebUiBuiltInKeywords$click$1.call(Unknown Source)
	at Increase quantity - cart page.run(Increase quantity - cart page:24)
	at com.kms.katalon.core.main.ScriptEngine.run(ScriptEngine.java:194)
	at com.kms.katalon.core.main.ScriptEngine.runScriptAsRawText(ScriptEngine.java:119)
	at com.kms.katalon.core.main.TestCaseExecutor.runScript(TestCaseExecutor.java:328)
	at com.kms.katalon.core.main.TestCaseExecutor.doExecute(TestCaseExecutor.java:319)
	at com.kms.katalon.core.main.TestCaseExecutor.processExecutionPhase(TestCaseExecutor.java:298)
	at com.kms.katalon.core.main.TestCaseExecutor.accessMainPhase(TestCaseExecutor.java:290)
	at com.kms.katalon.core.main.TestCaseExecutor.execute(TestCaseExecutor.java:224)
	at com.kms.katalon.core.main.TestSuiteExecutor.accessTestCaseMainPhase(TestSuiteExecutor.java:129)
	at com.kms.katalon.core.main.TestSuiteExecutor.accessTestSuiteMainPhase(TestSuiteExecutor.java:112)
	at com.kms.katalon.core.main.TestSuiteExecutor.execute(TestSuiteExecutor.java:81)
	at com.kms.katalon.core.main.TestCaseMain.startTestSuite(TestCaseMain.java:149)
	at com.kms.katalon.core.main.TestCaseMain$startTestSuite$0.call(Unknown Source)
	at TempTestSuite1565704052965.run(TempTestSuite1565704052965.groovy:36)]]></system-out>
         <system-err><![CDATA[2019-08-13 09:47:38 - [TEST_CASE][FAILED] - Test Cases/CRITICAL PATH - SPANISH/Increase quantity - cart page: Test Cases/CRITICAL PATH - SPANISH/Increase quantity - cart page FAILED.
Reason:
com.kms.katalon.core.exception.StepFailedException: Unable to click on object 'Object Repository/CR-DESKTOP - SPANISH/Mega menu/shoes - tenis' (Root cause: org.openqa.selenium.ElementNotInteractableException: 
Build info: version: '3.7.1', revision: '8a0099a', time: '2017-11-06T21:07:36.161Z'
System info: host: 'sumans-MacBook-Pro.local', ip: 'fe80:0:0:0:101b:184c:e876:9570%en0', os.name: 'Mac OS X', os.arch: 'x86_64', os.version: '10.13.6', java.version: '1.8.0_181'
Driver info: com.kms.katalon.selenium.driver.CSafariDriver
Capabilities {acceptInsecureCerts: false, browserName: Safari, browserVersion: 12.1, javascriptEnabled: true, platform: MAC, platformName: MAC, safari:automaticInspection: false, safari:automaticProfiling: false, safari:diagnose: false, setWindowRect: true, strictFileInteractability: false, webkit:WebRTC: {DisableICECandidateFiltering: false, DisableInsecureMediaCapture: false}}
Session ID: 86831ABA-03C0-4B93-B2AC-A568130FE615)
	at com.kms.katalon.core.keyword.internal.KeywordMain.stepFailed(KeywordMain.groovy:36)
	at com.kms.katalon.core.webui.keyword.internal.WebUIKeywordMain.stepFailed(WebUIKeywordMain.groovy:65)
	at com.kms.katalon.core.webui.keyword.internal.WebUIKeywordMain.runKeyword(WebUIKeywordMain.groovy:27)
	at com.kms.katalon.core.webui.keyword.builtin.ClickKeyword.click(ClickKeyword.groovy:86)
	at com.kms.katalon.core.webui.keyword.builtin.ClickKeyword.execute(ClickKeyword.groovy:67)
	at com.kms.katalon.core.keyword.internal.KeywordExecutor.executeKeywordForPlatform(KeywordExecutor.groovy:53)
	at com.kms.katalon.core.webui.keyword.WebUiBuiltInKeywords.click(WebUiBuiltInKeywords.groovy:616)
	at com.kms.katalon.core.webui.keyword.WebUiBuiltInKeywords$click$1.call(Unknown Source)
	at Increase quantity - cart page.run(Increase quantity - cart page:24)
	at com.kms.katalon.core.main.ScriptEngine.run(ScriptEngine.java:194)
	at com.kms.katalon.core.main.ScriptEngine.runScriptAsRawText(ScriptEngine.java:119)
	at com.kms.katalon.core.main.TestCaseExecutor.runScript(TestCaseExecutor.java:328)
	at com.kms.katalon.core.main.TestCaseExecutor.doExecute(TestCaseExecutor.java:319)
	at com.kms.katalon.core.main.TestCaseExecutor.processExecutionPhase(TestCaseExecutor.java:298)
	at com.kms.katalon.core.main.TestCaseExecutor.accessMainPhase(TestCaseExecutor.java:290)
	at com.kms.katalon.core.main.TestCaseExecutor.execute(TestCaseExecutor.java:224)
	at com.kms.katalon.core.main.TestSuiteExecutor.accessTestCaseMainPhase(TestSuiteExecutor.java:129)
	at com.kms.katalon.core.main.TestSuiteExecutor.accessTestSuiteMainPhase(TestSuiteExecutor.java:112)
	at com.kms.katalon.core.main.TestSuiteExecutor.execute(TestSuiteExecutor.java:81)
	at com.kms.katalon.core.main.TestCaseMain.startTestSuite(TestCaseMain.java:149)
	at com.kms.katalon.core.main.TestCaseMain$startTestSuite$0.call(Unknown Source)
	at TempTestSuite1565704052965.run(TempTestSuite1565704052965.groovy:36)]]></system-err>
      </testcase>
      <testcase name="Test Cases/CRITICAL PATH - SPANISH/Increase quantity - cart flyout" classname="Test Cases/CRITICAL PATH - SPANISH/Increase quantity - cart flyout" status="FAILED">
         <failure type="FAILED" message="Test Cases/CRITICAL PATH - SPANISH/Increase quantity - cart flyout FAILED.
Reason:
com.kms.katalon.core.exception.StepFailedException: Unable to click on object 'Object Repository/CR-DESKTOP - SPANISH/Mega menu/shoes - tenis' (Root cause: org.openqa.selenium.ElementNotInteractableException: 
Build info: version: '3.7.1', revision: '8a0099a', time: '2017-11-06T21:07:36.161Z'
System info: host: 'sumans-MacBook-Pro.local', ip: 'fe80:0:0:0:101b:184c:e876:9570%en0', os.name: 'Mac OS X', os.arch: 'x86_64', os.version: '10.13.6', java.version: '1.8.0_181'
Driver info: com.kms.katalon.selenium.driver.CSafariDriver
Capabilities {acceptInsecureCerts: false, browserName: Safari, browserVersion: 12.1, javascriptEnabled: true, platform: MAC, platformName: MAC, safari:automaticInspection: false, safari:automaticProfiling: false, safari:diagnose: false, setWindowRect: true, strictFileInteractability: false, webkit:WebRTC: {DisableICECandidateFiltering: false, DisableInsecureMediaCapture: false}}
Session ID: 7676C47E-299D-4F4E-9E13-7694883F3A97)
	at com.kms.katalon.core.keyword.internal.KeywordMain.stepFailed(KeywordMain.groovy:36)
	at com.kms.katalon.core.webui.keyword.internal.WebUIKeywordMain.stepFailed(WebUIKeywordMain.groovy:65)
	at com.kms.katalon.core.webui.keyword.internal.WebUIKeywordMain.runKeyword(WebUIKeywordMain.groovy:27)
	at com.kms.katalon.core.webui.keyword.builtin.ClickKeyword.click(ClickKeyword.groovy:86)
	at com.kms.katalon.core.webui.keyword.builtin.ClickKeyword.execute(ClickKeyword.groovy:67)
	at com.kms.katalon.core.keyword.internal.KeywordExecutor.executeKeywordForPlatform(KeywordExecutor.groovy:53)
	at com.kms.katalon.core.webui.keyword.WebUiBuiltInKeywords.click(WebUiBuiltInKeywords.groovy:616)
	at com.kms.katalon.core.webui.keyword.WebUiBuiltInKeywords$click$1.call(Unknown Source)
	at Increase quantity - cart flyout.run(Increase quantity - cart flyout:24)
	at com.kms.katalon.core.main.ScriptEngine.run(ScriptEngine.java:194)
	at com.kms.katalon.core.main.ScriptEngine.runScriptAsRawText(ScriptEngine.java:119)
	at com.kms.katalon.core.main.TestCaseExecutor.runScript(TestCaseExecutor.java:328)
	at com.kms.katalon.core.main.TestCaseExecutor.doExecute(TestCaseExecutor.java:319)
	at com.kms.katalon.core.main.TestCaseExecutor.processExecutionPhase(TestCaseExecutor.java:298)
	at com.kms.katalon.core.main.TestCaseExecutor.accessMainPhase(TestCaseExecutor.java:290)
	at com.kms.katalon.core.main.TestCaseExecutor.execute(TestCaseExecutor.java:224)
	at com.kms.katalon.core.main.TestSuiteExecutor.accessTestCaseMainPhase(TestSuiteExecutor.java:129)
	at com.kms.katalon.core.main.TestSuiteExecutor.accessTestSuiteMainPhase(TestSuiteExecutor.java:112)
	at com.kms.katalon.core.main.TestSuiteExecutor.execute(TestSuiteExecutor.java:81)
	at com.kms.katalon.core.main.TestCaseMain.startTestSuite(TestCaseMain.java:149)
	at com.kms.katalon.core.main.TestCaseMain$startTestSuite$0.call(Unknown Source)
	at TempTestSuite1565704052965.run(TempTestSuite1565704052965.groovy:36)
"/>
         <system-out><![CDATA[2019-08-13 09:48:13 - [TEST_CASE][FAILED] - Test Cases/CRITICAL PATH - SPANISH/Increase quantity - cart flyout: Test Cases/CRITICAL PATH - SPANISH/Increase quantity - cart flyout FAILED.
Reason:
com.kms.katalon.core.exception.StepFailedException: Unable to click on object 'Object Repository/CR-DESKTOP - SPANISH/Mega menu/shoes - tenis' (Root cause: org.openqa.selenium.ElementNotInteractableException: 
Build info: version: '3.7.1', revision: '8a0099a', time: '2017-11-06T21:07:36.161Z'
System info: host: 'sumans-MacBook-Pro.local', ip: 'fe80:0:0:0:101b:184c:e876:9570%en0', os.name: 'Mac OS X', os.arch: 'x86_64', os.version: '10.13.6', java.version: '1.8.0_181'
Driver info: com.kms.katalon.selenium.driver.CSafariDriver
Capabilities {acceptInsecureCerts: false, browserName: Safari, browserVersion: 12.1, javascriptEnabled: true, platform: MAC, platformName: MAC, safari:automaticInspection: false, safari:automaticProfiling: false, safari:diagnose: false, setWindowRect: true, strictFileInteractability: false, webkit:WebRTC: {DisableICECandidateFiltering: false, DisableInsecureMediaCapture: false}}
Session ID: 7676C47E-299D-4F4E-9E13-7694883F3A97)
	at com.kms.katalon.core.keyword.internal.KeywordMain.stepFailed(KeywordMain.groovy:36)
	at com.kms.katalon.core.webui.keyword.internal.WebUIKeywordMain.stepFailed(WebUIKeywordMain.groovy:65)
	at com.kms.katalon.core.webui.keyword.internal.WebUIKeywordMain.runKeyword(WebUIKeywordMain.groovy:27)
	at com.kms.katalon.core.webui.keyword.builtin.ClickKeyword.click(ClickKeyword.groovy:86)
	at com.kms.katalon.core.webui.keyword.builtin.ClickKeyword.execute(ClickKeyword.groovy:67)
	at com.kms.katalon.core.keyword.internal.KeywordExecutor.executeKeywordForPlatform(KeywordExecutor.groovy:53)
	at com.kms.katalon.core.webui.keyword.WebUiBuiltInKeywords.click(WebUiBuiltInKeywords.groovy:616)
	at com.kms.katalon.core.webui.keyword.WebUiBuiltInKeywords$click$1.call(Unknown Source)
	at Increase quantity - cart flyout.run(Increase quantity - cart flyout:24)
	at com.kms.katalon.core.main.ScriptEngine.run(ScriptEngine.java:194)
	at com.kms.katalon.core.main.ScriptEngine.runScriptAsRawText(ScriptEngine.java:119)
	at com.kms.katalon.core.main.TestCaseExecutor.runScript(TestCaseExecutor.java:328)
	at com.kms.katalon.core.main.TestCaseExecutor.doExecute(TestCaseExecutor.java:319)
	at com.kms.katalon.core.main.TestCaseExecutor.processExecutionPhase(TestCaseExecutor.java:298)
	at com.kms.katalon.core.main.TestCaseExecutor.accessMainPhase(TestCaseExecutor.java:290)
	at com.kms.katalon.core.main.TestCaseExecutor.execute(TestCaseExecutor.java:224)
	at com.kms.katalon.core.main.TestSuiteExecutor.accessTestCaseMainPhase(TestSuiteExecutor.java:129)
	at com.kms.katalon.core.main.TestSuiteExecutor.accessTestSuiteMainPhase(TestSuiteExecutor.java:112)
	at com.kms.katalon.core.main.TestSuiteExecutor.execute(TestSuiteExecutor.java:81)
	at com.kms.katalon.core.main.TestCaseMain.startTestSuite(TestCaseMain.java:149)
	at com.kms.katalon.core.main.TestCaseMain$startTestSuite$0.call(Unknown Source)
	at TempTestSuite1565704052965.run(TempTestSuite1565704052965.groovy:36)


2019-08-13 09:48:13 - [TEST_STEP][PASSED] - callTestCase(findTestCase("CALL - LANGUAGE TOGGLER"), [:], STOP_ON_FAILURE): Call Test Case 'Test Cases/CALL - LANGUAGE TOGGLER' successfully

2019-08-13 09:48:13 - [TEST_CASE][PASSED] - Test Cases/CALL - LANGUAGE TOGGLER: Test Cases/CALL - LANGUAGE TOGGLER

2019-08-13 09:48:13 - [TEST_STEP][PASSED] - callTestCase(findTestCase("CALL-URL"), [:], STOP_ON_FAILURE): Call Test Case 'Test Cases/CALL-URL' successfully

2019-08-13 09:48:14 - [TEST_CASE][PASSED] - Test Cases/CALL-URL: Test Cases/CALL-URL

2019-08-13 09:48:14 - [TEST_STEP][PASSED] - openBrowser(""): Browser is opened with url: ''

2019-08-13 09:48:14 - [MESSAGE][WARNING] - A browser is already opened. Closing browser and opening a new one

2019-08-13 09:48:14 - [MESSAGE][INFO] - Starting 'Safari' driver

2019-08-13 09:48:16 - [MESSAGE][PASSED] - Browser is opened with url: ''

2019-08-13 09:48:16 - [TEST_STEP][PASSED] - navigateToUrl("https://charlotterusse.com/"): Navigate to 'https://charlotterusse.com/' successfully

2019-08-13 09:48:18 - [MESSAGE][PASSED] - Navigate to 'https://charlotterusse.com/' successfully

2019-08-13 09:48:18 - [TEST_STEP][PASSED] - click(findTestObject("CR-DESKTOP/Window pop up/language- english")): Object: 'Object Repository/CR-DESKTOP/Window pop up/language- english' is clicked on

2019-08-13 09:48:18 - [MESSAGE][PASSED] - Object: 'Object Repository/CR-DESKTOP/Window pop up/language- english' is clicked on

2019-08-13 09:48:18 - [TEST_STEP][PASSED] - click(findTestObject("CR-DESKTOP/Window pop up/Pop up - close")): Object: 'Object Repository/CR-DESKTOP/Window pop up/Pop up - close' is clicked on

2019-08-13 09:48:19 - [MESSAGE][PASSED] - Object: 'Object Repository/CR-DESKTOP/Window pop up/Pop up - close' is clicked on

2019-08-13 09:48:19 - [TEST_STEP][PASSED] - maximizeWindow(): Current window maximized

2019-08-13 09:48:19 - [MESSAGE][PASSED] - Current window maximized

2019-08-13 09:48:19 - [MESSAGE][PASSED] - Call Test Case 'Test Cases/CALL-URL' successfully

2019-08-13 09:48:19 - [TEST_STEP][PASSED] - delay(2): Delayed 2 second(s)

2019-08-13 09:48:21 - [MESSAGE][PASSED] - Delayed 2 second(s)

2019-08-13 09:48:21 - [TEST_STEP][PASSED] - click(findTestObject("CR-DESKTOP/Home page/Spanish")): Object: 'Object Repository/CR-DESKTOP/Home page/Spanish' is clicked on

2019-08-13 09:48:21 - [MESSAGE][PASSED] - Object: 'Object Repository/CR-DESKTOP/Home page/Spanish' is clicked on

2019-08-13 09:48:21 - [MESSAGE][PASSED] - Call Test Case 'Test Cases/CALL - LANGUAGE TOGGLER' successfully

2019-08-13 09:48:21 - [TEST_STEP][PASSED] - delay(2): Delayed 2 second(s)

2019-08-13 09:48:23 - [MESSAGE][PASSED] - Delayed 2 second(s)

2019-08-13 09:48:23 - [TEST_STEP][PASSED] - mouseOver(findTestObject("CR-DESKTOP - SPANISH/Mega menu/SHOES")): Object: 'Object Repository/CR-DESKTOP - SPANISH/Mega menu/SHOES' is hovered

2019-08-13 09:48:23 - [MESSAGE][PASSED] - Object: 'Object Repository/CR-DESKTOP - SPANISH/Mega menu/SHOES' is hovered

2019-08-13 09:48:23 - [TEST_STEP][PASSED] - delay(2): Delayed 2 second(s)

2019-08-13 09:48:25 - [MESSAGE][PASSED] - Delayed 2 second(s)

2019-08-13 09:48:25 - [TEST_STEP][FAILED] - click(findTestObject("CR-DESKTOP - SPANISH/Mega menu/shoes - tenis")): click(findTestObject("CR-DESKTOP - SPANISH/Mega menu/shoes - tenis")) FAILED.
Reason:
com.kms.katalon.core.exception.StepFailedException: Unable to click on object 'Object Repository/CR-DESKTOP - SPANISH/Mega menu/shoes - tenis' (Root cause: org.openqa.selenium.ElementNotInteractableException: 
Build info: version: '3.7.1', revision: '8a0099a', time: '2017-11-06T21:07:36.161Z'
System info: host: 'sumans-MacBook-Pro.local', ip: 'fe80:0:0:0:101b:184c:e876:9570%en0', os.name: 'Mac OS X', os.arch: 'x86_64', os.version: '10.13.6', java.version: '1.8.0_181'
Driver info: com.kms.katalon.selenium.driver.CSafariDriver
Capabilities {acceptInsecureCerts: false, browserName: Safari, browserVersion: 12.1, javascriptEnabled: true, platform: MAC, platformName: MAC, safari:automaticInspection: false, safari:automaticProfiling: false, safari:diagnose: false, setWindowRect: true, strictFileInteractability: false, webkit:WebRTC: {DisableICECandidateFiltering: false, DisableInsecureMediaCapture: false}}
Session ID: 7676C47E-299D-4F4E-9E13-7694883F3A97)
	at com.kms.katalon.core.keyword.internal.KeywordMain.stepFailed(KeywordMain.groovy:36)
	at com.kms.katalon.core.webui.keyword.internal.WebUIKeywordMain.stepFailed(WebUIKeywordMain.groovy:65)
	at com.kms.katalon.core.webui.keyword.internal.WebUIKeywordMain.runKeyword(WebUIKeywordMain.groovy:27)
	at com.kms.katalon.core.webui.keyword.builtin.ClickKeyword.click(ClickKeyword.groovy:86)
	at com.kms.katalon.core.webui.keyword.builtin.ClickKeyword.execute(ClickKeyword.groovy:67)
	at com.kms.katalon.core.keyword.internal.KeywordExecutor.executeKeywordForPlatform(KeywordExecutor.groovy:53)
	at com.kms.katalon.core.webui.keyword.WebUiBuiltInKeywords.click(WebUiBuiltInKeywords.groovy:616)
	at com.kms.katalon.core.webui.keyword.WebUiBuiltInKeywords$click$1.call(Unknown Source)
	at Increase quantity - cart flyout.run(Increase quantity - cart flyout:24)
	at com.kms.katalon.core.main.ScriptEngine.run(ScriptEngine.java:194)
	at com.kms.katalon.core.main.ScriptEngine.runScriptAsRawText(ScriptEngine.java:119)
	at com.kms.katalon.core.main.TestCaseExecutor.runScript(TestCaseExecutor.java:328)
	at com.kms.katalon.core.main.TestCaseExecutor.doExecute(TestCaseExecutor.java:319)
	at com.kms.katalon.core.main.TestCaseExecutor.processExecutionPhase(TestCaseExecutor.java:298)
	at com.kms.katalon.core.main.TestCaseExecutor.accessMainPhase(TestCaseExecutor.java:290)
	at com.kms.katalon.core.main.TestCaseExecutor.execute(TestCaseExecutor.java:224)
	at com.kms.katalon.core.main.TestSuiteExecutor.accessTestCaseMainPhase(TestSuiteExecutor.java:129)
	at com.kms.katalon.core.main.TestSuiteExecutor.accessTestSuiteMainPhase(TestSuiteExecutor.java:112)
	at com.kms.katalon.core.main.TestSuiteExecutor.execute(TestSuiteExecutor.java:81)
	at com.kms.katalon.core.main.TestCaseMain.startTestSuite(TestCaseMain.java:149)
	at com.kms.katalon.core.main.TestCaseMain$startTestSuite$0.call(Unknown Source)
	at TempTestSuite1565704052965.run(TempTestSuite1565704052965.groovy:36)


2019-08-13 09:48:25 - [MESSAGE][FAILED] - Unable to click on object 'Object Repository/CR-DESKTOP - SPANISH/Mega menu/shoes - tenis' (Root cause: org.openqa.selenium.ElementNotInteractableException: 
Build info: version: '3.7.1', revision: '8a0099a', time: '2017-11-06T21:07:36.161Z'
System info: host: 'sumans-MacBook-Pro.local', ip: 'fe80:0:0:0:101b:184c:e876:9570%en0', os.name: 'Mac OS X', os.arch: 'x86_64', os.version: '10.13.6', java.version: '1.8.0_181'
Driver info: com.kms.katalon.selenium.driver.CSafariDriver
Capabilities {acceptInsecureCerts: false, browserName: Safari, browserVersion: 12.1, javascriptEnabled: true, platform: MAC, platformName: MAC, safari:automaticInspection: false, safari:automaticProfiling: false, safari:diagnose: false, setWindowRect: true, strictFileInteractability: false, webkit:WebRTC: {DisableICECandidateFiltering: false, DisableInsecureMediaCapture: false}}
Session ID: 7676C47E-299D-4F4E-9E13-7694883F3A97)
[[ATTACHMENT|/Users/sumankompelly/git/CR-Desktop/Reports/suite-safari/20190813_094732/1565704105525.png]]

2019-08-13 09:48:25 - [MESSAGE][FAILED] - click(findTestObject("CR-DESKTOP - SPANISH/Mega menu/shoes - tenis")) FAILED.
Reason:
com.kms.katalon.core.exception.StepFailedException: Unable to click on object 'Object Repository/CR-DESKTOP - SPANISH/Mega menu/shoes - tenis' (Root cause: org.openqa.selenium.ElementNotInteractableException: 
Build info: version: '3.7.1', revision: '8a0099a', time: '2017-11-06T21:07:36.161Z'
System info: host: 'sumans-MacBook-Pro.local', ip: 'fe80:0:0:0:101b:184c:e876:9570%en0', os.name: 'Mac OS X', os.arch: 'x86_64', os.version: '10.13.6', java.version: '1.8.0_181'
Driver info: com.kms.katalon.selenium.driver.CSafariDriver
Capabilities {acceptInsecureCerts: false, browserName: Safari, browserVersion: 12.1, javascriptEnabled: true, platform: MAC, platformName: MAC, safari:automaticInspection: false, safari:automaticProfiling: false, safari:diagnose: false, setWindowRect: true, strictFileInteractability: false, webkit:WebRTC: {DisableICECandidateFiltering: false, DisableInsecureMediaCapture: false}}
Session ID: 7676C47E-299D-4F4E-9E13-7694883F3A97)
	at com.kms.katalon.core.keyword.internal.KeywordMain.stepFailed(KeywordMain.groovy:36)
	at com.kms.katalon.core.webui.keyword.internal.WebUIKeywordMain.stepFailed(WebUIKeywordMain.groovy:65)
	at com.kms.katalon.core.webui.keyword.internal.WebUIKeywordMain.runKeyword(WebUIKeywordMain.groovy:27)
	at com.kms.katalon.core.webui.keyword.builtin.ClickKeyword.click(ClickKeyword.groovy:86)
	at com.kms.katalon.core.webui.keyword.builtin.ClickKeyword.execute(ClickKeyword.groovy:67)
	at com.kms.katalon.core.keyword.internal.KeywordExecutor.executeKeywordForPlatform(KeywordExecutor.groovy:53)
	at com.kms.katalon.core.webui.keyword.WebUiBuiltInKeywords.click(WebUiBuiltInKeywords.groovy:616)
	at com.kms.katalon.core.webui.keyword.WebUiBuiltInKeywords$click$1.call(Unknown Source)
	at Increase quantity - cart flyout.run(Increase quantity - cart flyout:24)
	at com.kms.katalon.core.main.ScriptEngine.run(ScriptEngine.java:194)
	at com.kms.katalon.core.main.ScriptEngine.runScriptAsRawText(ScriptEngine.java:119)
	at com.kms.katalon.core.main.TestCaseExecutor.runScript(TestCaseExecutor.java:328)
	at com.kms.katalon.core.main.TestCaseExecutor.doExecute(TestCaseExecutor.java:319)
	at com.kms.katalon.core.main.TestCaseExecutor.processExecutionPhase(TestCaseExecutor.java:298)
	at com.kms.katalon.core.main.TestCaseExecutor.accessMainPhase(TestCaseExecutor.java:290)
	at com.kms.katalon.core.main.TestCaseExecutor.execute(TestCaseExecutor.java:224)
	at com.kms.katalon.core.main.TestSuiteExecutor.accessTestCaseMainPhase(TestSuiteExecutor.java:129)
	at com.kms.katalon.core.main.TestSuiteExecutor.accessTestSuiteMainPhase(TestSuiteExecutor.java:112)
	at com.kms.katalon.core.main.TestSuiteExecutor.execute(TestSuiteExecutor.java:81)
	at com.kms.katalon.core.main.TestCaseMain.startTestSuite(TestCaseMain.java:149)
	at com.kms.katalon.core.main.TestCaseMain$startTestSuite$0.call(Unknown Source)
	at TempTestSuite1565704052965.run(TempTestSuite1565704052965.groovy:36)]]></system-out>
         <system-err><![CDATA[2019-08-13 09:48:13 - [TEST_CASE][FAILED] - Test Cases/CRITICAL PATH - SPANISH/Increase quantity - cart flyout: Test Cases/CRITICAL PATH - SPANISH/Increase quantity - cart flyout FAILED.
Reason:
com.kms.katalon.core.exception.StepFailedException: Unable to click on object 'Object Repository/CR-DESKTOP - SPANISH/Mega menu/shoes - tenis' (Root cause: org.openqa.selenium.ElementNotInteractableException: 
Build info: version: '3.7.1', revision: '8a0099a', time: '2017-11-06T21:07:36.161Z'
System info: host: 'sumans-MacBook-Pro.local', ip: 'fe80:0:0:0:101b:184c:e876:9570%en0', os.name: 'Mac OS X', os.arch: 'x86_64', os.version: '10.13.6', java.version: '1.8.0_181'
Driver info: com.kms.katalon.selenium.driver.CSafariDriver
Capabilities {acceptInsecureCerts: false, browserName: Safari, browserVersion: 12.1, javascriptEnabled: true, platform: MAC, platformName: MAC, safari:automaticInspection: false, safari:automaticProfiling: false, safari:diagnose: false, setWindowRect: true, strictFileInteractability: false, webkit:WebRTC: {DisableICECandidateFiltering: false, DisableInsecureMediaCapture: false}}
Session ID: 7676C47E-299D-4F4E-9E13-7694883F3A97)
	at com.kms.katalon.core.keyword.internal.KeywordMain.stepFailed(KeywordMain.groovy:36)
	at com.kms.katalon.core.webui.keyword.internal.WebUIKeywordMain.stepFailed(WebUIKeywordMain.groovy:65)
	at com.kms.katalon.core.webui.keyword.internal.WebUIKeywordMain.runKeyword(WebUIKeywordMain.groovy:27)
	at com.kms.katalon.core.webui.keyword.builtin.ClickKeyword.click(ClickKeyword.groovy:86)
	at com.kms.katalon.core.webui.keyword.builtin.ClickKeyword.execute(ClickKeyword.groovy:67)
	at com.kms.katalon.core.keyword.internal.KeywordExecutor.executeKeywordForPlatform(KeywordExecutor.groovy:53)
	at com.kms.katalon.core.webui.keyword.WebUiBuiltInKeywords.click(WebUiBuiltInKeywords.groovy:616)
	at com.kms.katalon.core.webui.keyword.WebUiBuiltInKeywords$click$1.call(Unknown Source)
	at Increase quantity - cart flyout.run(Increase quantity - cart flyout:24)
	at com.kms.katalon.core.main.ScriptEngine.run(ScriptEngine.java:194)
	at com.kms.katalon.core.main.ScriptEngine.runScriptAsRawText(ScriptEngine.java:119)
	at com.kms.katalon.core.main.TestCaseExecutor.runScript(TestCaseExecutor.java:328)
	at com.kms.katalon.core.main.TestCaseExecutor.doExecute(TestCaseExecutor.java:319)
	at com.kms.katalon.core.main.TestCaseExecutor.processExecutionPhase(TestCaseExecutor.java:298)
	at com.kms.katalon.core.main.TestCaseExecutor.accessMainPhase(TestCaseExecutor.java:290)
	at com.kms.katalon.core.main.TestCaseExecutor.execute(TestCaseExecutor.java:224)
	at com.kms.katalon.core.main.TestSuiteExecutor.accessTestCaseMainPhase(TestSuiteExecutor.java:129)
	at com.kms.katalon.core.main.TestSuiteExecutor.accessTestSuiteMainPhase(TestSuiteExecutor.java:112)
	at com.kms.katalon.core.main.TestSuiteExecutor.execute(TestSuiteExecutor.java:81)
	at com.kms.katalon.core.main.TestCaseMain.startTestSuite(TestCaseMain.java:149)
	at com.kms.katalon.core.main.TestCaseMain$startTestSuite$0.call(Unknown Source)
	at TempTestSuite1565704052965.run(TempTestSuite1565704052965.groovy:36)]]></system-err>
      </testcase>
      <testcase name="Test Cases/CRITICAL PATH - SPANISH/Quick add" classname="Test Cases/CRITICAL PATH - SPANISH/Quick add" status="PASSED">
         <system-out><![CDATA[2019-08-13 09:48:25 - [TEST_CASE][PASSED] - Test Cases/CRITICAL PATH - SPANISH/Quick add: Test Cases/CRITICAL PATH - SPANISH/Quick add

2019-08-13 09:48:26 - [TEST_STEP][PASSED] - callTestCase(findTestCase("CALL - LANGUAGE TOGGLER"), [:], STOP_ON_FAILURE): Call Test Case 'Test Cases/CALL - LANGUAGE TOGGLER' successfully

2019-08-13 09:48:26 - [TEST_CASE][PASSED] - Test Cases/CALL - LANGUAGE TOGGLER: Test Cases/CALL - LANGUAGE TOGGLER

2019-08-13 09:48:26 - [TEST_STEP][PASSED] - callTestCase(findTestCase("CALL-URL"), [:], STOP_ON_FAILURE): Call Test Case 'Test Cases/CALL-URL' successfully

2019-08-13 09:48:26 - [TEST_CASE][PASSED] - Test Cases/CALL-URL: Test Cases/CALL-URL

2019-08-13 09:48:26 - [TEST_STEP][PASSED] - openBrowser(""): Browser is opened with url: ''

2019-08-13 09:48:26 - [MESSAGE][WARNING] - A browser is already opened. Closing browser and opening a new one

2019-08-13 09:48:26 - [MESSAGE][INFO] - Starting 'Safari' driver

2019-08-13 09:48:27 - [MESSAGE][PASSED] - Browser is opened with url: ''

2019-08-13 09:48:27 - [TEST_STEP][PASSED] - navigateToUrl("https://charlotterusse.com/"): Navigate to 'https://charlotterusse.com/' successfully

2019-08-13 09:48:30 - [MESSAGE][PASSED] - Navigate to 'https://charlotterusse.com/' successfully

2019-08-13 09:48:30 - [TEST_STEP][PASSED] - click(findTestObject("CR-DESKTOP/Window pop up/language- english")): Object: 'Object Repository/CR-DESKTOP/Window pop up/language- english' is clicked on

2019-08-13 09:48:30 - [MESSAGE][PASSED] - Object: 'Object Repository/CR-DESKTOP/Window pop up/language- english' is clicked on

2019-08-13 09:48:30 - [TEST_STEP][PASSED] - click(findTestObject("CR-DESKTOP/Window pop up/Pop up - close")): Object: 'Object Repository/CR-DESKTOP/Window pop up/Pop up - close' is clicked on

2019-08-13 09:48:30 - [MESSAGE][PASSED] - Object: 'Object Repository/CR-DESKTOP/Window pop up/Pop up - close' is clicked on

2019-08-13 09:48:30 - [TEST_STEP][PASSED] - maximizeWindow(): Current window maximized

2019-08-13 09:48:31 - [MESSAGE][PASSED] - Current window maximized

2019-08-13 09:48:31 - [MESSAGE][PASSED] - Call Test Case 'Test Cases/CALL-URL' successfully

2019-08-13 09:48:31 - [TEST_STEP][PASSED] - delay(2): Delayed 2 second(s)

2019-08-13 09:48:33 - [MESSAGE][PASSED] - Delayed 2 second(s)

2019-08-13 09:48:33 - [TEST_STEP][PASSED] - click(findTestObject("CR-DESKTOP/Home page/Spanish")): Object: 'Object Repository/CR-DESKTOP/Home page/Spanish' is clicked on

2019-08-13 09:48:33 - [MESSAGE][PASSED] - Object: 'Object Repository/CR-DESKTOP/Home page/Spanish' is clicked on

2019-08-13 09:48:33 - [MESSAGE][PASSED] - Call Test Case 'Test Cases/CALL - LANGUAGE TOGGLER' successfully

2019-08-13 09:48:33 - [TEST_STEP][PASSED] - delay(2): Delayed 2 second(s)

2019-08-13 09:48:35 - [MESSAGE][PASSED] - Delayed 2 second(s)

2019-08-13 09:48:35 - [TEST_STEP][PASSED] - mouseOver(findTestObject("CR-DESKTOP - SPANISH/Mega menu/SHOES")): Object: 'Object Repository/CR-DESKTOP - SPANISH/Mega menu/SHOES' is hovered

2019-08-13 09:48:35 - [MESSAGE][PASSED] - Object: 'Object Repository/CR-DESKTOP - SPANISH/Mega menu/SHOES' is hovered

2019-08-13 09:48:35 - [TEST_STEP][PASSED] - delay(2): Delayed 2 second(s)

2019-08-13 09:48:37 - [MESSAGE][PASSED] - Delayed 2 second(s)

2019-08-13 09:48:37 - [TEST_STEP][PASSED] - click(findTestObject("CR-DESKTOP - SPANISH/Mega menu/shoes - tenis")): Object: 'Object Repository/CR-DESKTOP - SPANISH/Mega menu/shoes - tenis' is clicked on

2019-08-13 09:48:39 - [MESSAGE][PASSED] - Object: 'Object Repository/CR-DESKTOP - SPANISH/Mega menu/shoes - tenis' is clicked on

2019-08-13 09:48:39 - [TEST_STEP][PASSED] - delay(2): Delayed 2 second(s)

2019-08-13 09:48:41 - [MESSAGE][PASSED] - Delayed 2 second(s)

2019-08-13 09:48:41 - [TEST_STEP][PASSED] - mouseOver(findTestObject("CR-DESKTOP/Collection page/product 3")): Object: 'Object Repository/CR-DESKTOP/Collection page/product 3' is hovered

2019-08-13 09:48:41 - [MESSAGE][PASSED] - Object: 'Object Repository/CR-DESKTOP/Collection page/product 3' is hovered

2019-08-13 09:48:41 - [TEST_STEP][PASSED] - delay(2): Delayed 2 second(s)

2019-08-13 09:48:43 - [MESSAGE][PASSED] - Delayed 2 second(s)

2019-08-13 09:48:43 - [TEST_STEP][PASSED] - click(findTestObject("CR-DESKTOP/product page/Quick add")): Object: 'Object Repository/CR-DESKTOP/product page/Quick add' is clicked on

2019-08-13 09:48:43 - [MESSAGE][PASSED] - Object: 'Object Repository/CR-DESKTOP/product page/Quick add' is clicked on

2019-08-13 09:48:43 - [TEST_STEP][PASSED] - delay(2): Delayed 2 second(s)

2019-08-13 09:48:45 - [MESSAGE][PASSED] - Delayed 2 second(s)

2019-08-13 09:48:45 - [TEST_STEP][PASSED] - click(findTestObject("CR-DESKTOP/product page/Quick add - size - 6")): Object: 'Object Repository/CR-DESKTOP/product page/Quick add - size - 6' is clicked on

2019-08-13 09:48:45 - [MESSAGE][PASSED] - Object: 'Object Repository/CR-DESKTOP/product page/Quick add - size - 6' is clicked on

2019-08-13 09:48:45 - [TEST_STEP][PASSED] - delay(2): Delayed 2 second(s)

2019-08-13 09:48:47 - [MESSAGE][PASSED] - Delayed 2 second(s)

2019-08-13 09:48:47 - [TEST_STEP][PASSED] - click(findTestObject("CR-DESKTOP/Cart flyout/Checkout")): Object: 'Object Repository/CR-DESKTOP/Cart flyout/Checkout' is clicked on

2019-08-13 09:48:50 - [MESSAGE][PASSED] - Object: 'Object Repository/CR-DESKTOP/Cart flyout/Checkout' is clicked on

2019-08-13 09:48:50 - [TEST_STEP][PASSED] - callTestCase(findTestCase("CALL - CUTOMER INFO PAGE"), [:], STOP_ON_FAILURE): Call Test Case 'Test Cases/CALL - CUTOMER INFO PAGE' successfully

2019-08-13 09:48:50 - [TEST_CASE][PASSED] - Test Cases/CALL - CUTOMER INFO PAGE: Test Cases/CALL - CUTOMER INFO PAGE

2019-08-13 09:48:51 - [TEST_STEP][PASSED] - setText(findTestObject("CR-DESKTOP/Customer info page/Email"), "suman@gmail.com"): Text 'suman@gmail.com' is set on object 'Object Repository/CR-DESKTOP/Customer info page/Email'

2019-08-13 09:48:52 - [MESSAGE][PASSED] - Text 'suman@gmail.com' is set on object 'Object Repository/CR-DESKTOP/Customer info page/Email'

2019-08-13 09:48:52 - [TEST_STEP][PASSED] - delay(1): Delayed 1 second(s)

2019-08-13 09:48:53 - [MESSAGE][PASSED] - Delayed 1 second(s)

2019-08-13 09:48:53 - [TEST_STEP][PASSED] - setText(findTestObject("CR-DESKTOP/Customer info page/First name"), "suman"): Text 'suman' is set on object 'Object Repository/CR-DESKTOP/Customer info page/First name'

2019-08-13 09:48:53 - [MESSAGE][PASSED] - Text 'suman' is set on object 'Object Repository/CR-DESKTOP/Customer info page/First name'

2019-08-13 09:48:53 - [TEST_STEP][PASSED] - delay(1): Delayed 1 second(s)

2019-08-13 09:48:54 - [MESSAGE][PASSED] - Delayed 1 second(s)

2019-08-13 09:48:54 - [TEST_STEP][PASSED] - setText(findTestObject("CR-DESKTOP/Customer info page/Last name"), "kompelly"): Text 'kompelly' is set on object 'Object Repository/CR-DESKTOP/Customer info page/Last name'

2019-08-13 09:48:55 - [MESSAGE][PASSED] - Text 'kompelly' is set on object 'Object Repository/CR-DESKTOP/Customer info page/Last name'

2019-08-13 09:48:55 - [TEST_STEP][PASSED] - delay(1): Delayed 1 second(s)

2019-08-13 09:48:56 - [MESSAGE][PASSED] - Delayed 1 second(s)

2019-08-13 09:48:56 - [TEST_STEP][PASSED] - setText(findTestObject("CR-DESKTOP/Customer info page/Address"), "123 saint alxendre"): Text '123 saint alxendre' is set on object 'Object Repository/CR-DESKTOP/Customer info page/Address'

2019-08-13 09:48:56 - [MESSAGE][PASSED] - Text '123 saint alxendre' is set on object 'Object Repository/CR-DESKTOP/Customer info page/Address'

2019-08-13 09:48:56 - [TEST_STEP][PASSED] - delay(1): Delayed 1 second(s)

2019-08-13 09:48:57 - [MESSAGE][PASSED] - Delayed 1 second(s)

2019-08-13 09:48:57 - [TEST_STEP][PASSED] - setText(findTestObject("CR-DESKTOP/Customer info page/apt suite"), "199"): Text '199' is set on object 'Object Repository/CR-DESKTOP/Customer info page/apt suite'

2019-08-13 09:48:59 - [MESSAGE][PASSED] - Text '199' is set on object 'Object Repository/CR-DESKTOP/Customer info page/apt suite'

2019-08-13 09:48:59 - [TEST_STEP][PASSED] - delay(1): Delayed 1 second(s)

2019-08-13 09:49:00 - [MESSAGE][PASSED] - Delayed 1 second(s)

2019-08-13 09:49:00 - [TEST_STEP][PASSED] - setText(findTestObject("CR-DESKTOP/Customer info page/City"), "montreal"): Text 'montreal' is set on object 'Object Repository/CR-DESKTOP/Customer info page/City'

2019-08-13 09:49:00 - [MESSAGE][PASSED] - Text 'montreal' is set on object 'Object Repository/CR-DESKTOP/Customer info page/City'

2019-08-13 09:49:00 - [TEST_STEP][PASSED] - delay(1): Delayed 1 second(s)

2019-08-13 09:49:01 - [MESSAGE][PASSED] - Delayed 1 second(s)

2019-08-13 09:49:01 - [TEST_STEP][PASSED] - selectOptionByValue(findTestObject("CR-DESKTOP/Customer info page/state dropdown"), "NJ", true): All options with value 'NJ' are selected in object 'Object Repository/CR-DESKTOP/Customer info page/state dropdown'  using regular expression

2019-08-13 09:49:04 - [MESSAGE][PASSED] - All options with value 'NJ' are selected in object 'Object Repository/CR-DESKTOP/Customer info page/state dropdown'  using regular expression

2019-08-13 09:49:04 - [TEST_STEP][PASSED] - delay(1): Delayed 1 second(s)

2019-08-13 09:49:05 - [MESSAGE][PASSED] - Delayed 1 second(s)

2019-08-13 09:49:05 - [TEST_STEP][PASSED] - setText(findTestObject("CR-DESKTOP/Customer info page/Zip code"), "07057"): Text '07057' is set on object 'Object Repository/CR-DESKTOP/Customer info page/Zip code'

2019-08-13 09:49:06 - [MESSAGE][PASSED] - Text '07057' is set on object 'Object Repository/CR-DESKTOP/Customer info page/Zip code'

2019-08-13 09:49:06 - [MESSAGE][PASSED] - Call Test Case 'Test Cases/CALL - CUTOMER INFO PAGE' successfully

2019-08-13 09:49:06 - [TEST_STEP][PASSED] - callTestCase(findTestCase("CALL- SHIPPING TO PAYMENT"), [:], STOP_ON_FAILURE): Call Test Case 'Test Cases/CALL- SHIPPING TO PAYMENT' successfully

2019-08-13 09:49:06 - [TEST_CASE][PASSED] - Test Cases/CALL- SHIPPING TO PAYMENT: Test Cases/CALL- SHIPPING TO PAYMENT

2019-08-13 09:49:06 - [TEST_STEP][PASSED] - click(findTestObject("CR-DESKTOP/Customer info page/Continue to shipping")): Object: 'Object Repository/CR-DESKTOP/Customer info page/Continue to shipping' is clicked on

2019-08-13 09:49:07 - [MESSAGE][PASSED] - Object: 'Object Repository/CR-DESKTOP/Customer info page/Continue to shipping' is clicked on

2019-08-13 09:49:07 - [TEST_STEP][PASSED] - delay(2): Delayed 2 second(s)

2019-08-13 09:49:09 - [MESSAGE][PASSED] - Delayed 2 second(s)

2019-08-13 09:49:09 - [TEST_STEP][PASSED] - click(findTestObject("CR-DESKTOP/Payment page/Continue to payment")): Object: 'Object Repository/CR-DESKTOP/Payment page/Continue to payment' is clicked on

2019-08-13 09:49:10 - [MESSAGE][PASSED] - Object: 'Object Repository/CR-DESKTOP/Payment page/Continue to payment' is clicked on

2019-08-13 09:49:10 - [TEST_STEP][PASSED] - delay(2): Delayed 2 second(s)

2019-08-13 09:49:12 - [MESSAGE][PASSED] - Delayed 2 second(s)

2019-08-13 09:49:12 - [TEST_STEP][PASSED] - verifyTextPresent("payment", false): Text 'payment' is present on page 

2019-08-13 09:49:12 - [MESSAGE][PASSED] - Text 'payment' is present on page 

2019-08-13 09:49:12 - [MESSAGE][PASSED] - Call Test Case 'Test Cases/CALL- SHIPPING TO PAYMENT' successfully]]></system-out>
         <system-err><![CDATA[]]></system-err>
      </testcase>
      <testcase name="Test Cases/CRITICAL PATH - SPANISH/Price comparison - cart page" classname="Test Cases/CRITICAL PATH - SPANISH/Price comparison - cart page" status="FAILED">
         <failure type="FAILED" message="Test Cases/CRITICAL PATH - SPANISH/Price comparison - cart page FAILED.
Reason:
com.kms.katalon.core.exception.StepFailedException: Unable to click on object 'Object Repository/CR-DESKTOP - SPANISH/Mega menu/shoes - tenis' (Root cause: org.openqa.selenium.ElementNotInteractableException: 
Build info: version: '3.7.1', revision: '8a0099a', time: '2017-11-06T21:07:36.161Z'
System info: host: 'sumans-MacBook-Pro.local', ip: 'fe80:0:0:0:101b:184c:e876:9570%en0', os.name: 'Mac OS X', os.arch: 'x86_64', os.version: '10.13.6', java.version: '1.8.0_181'
Driver info: com.kms.katalon.selenium.driver.CSafariDriver
Capabilities {acceptInsecureCerts: false, browserName: Safari, browserVersion: 12.1, javascriptEnabled: true, platform: MAC, platformName: MAC, safari:automaticInspection: false, safari:automaticProfiling: false, safari:diagnose: false, setWindowRect: true, strictFileInteractability: false, webkit:WebRTC: {DisableICECandidateFiltering: false, DisableInsecureMediaCapture: false}}
Session ID: 5CCF17C5-D93A-42A9-86D2-953729A0440C)
	at com.kms.katalon.core.keyword.internal.KeywordMain.stepFailed(KeywordMain.groovy:36)
	at com.kms.katalon.core.webui.keyword.internal.WebUIKeywordMain.stepFailed(WebUIKeywordMain.groovy:65)
	at com.kms.katalon.core.webui.keyword.internal.WebUIKeywordMain.runKeyword(WebUIKeywordMain.groovy:27)
	at com.kms.katalon.core.webui.keyword.builtin.ClickKeyword.click(ClickKeyword.groovy:86)
	at com.kms.katalon.core.webui.keyword.builtin.ClickKeyword.execute(ClickKeyword.groovy:67)
	at com.kms.katalon.core.keyword.internal.KeywordExecutor.executeKeywordForPlatform(KeywordExecutor.groovy:53)
	at com.kms.katalon.core.webui.keyword.WebUiBuiltInKeywords.click(WebUiBuiltInKeywords.groovy:616)
	at com.kms.katalon.core.webui.keyword.WebUiBuiltInKeywords$click$1.call(Unknown Source)
	at Price comparison - cart page.run(Price comparison - cart page:24)
	at com.kms.katalon.core.main.ScriptEngine.run(ScriptEngine.java:194)
	at com.kms.katalon.core.main.ScriptEngine.runScriptAsRawText(ScriptEngine.java:119)
	at com.kms.katalon.core.main.TestCaseExecutor.runScript(TestCaseExecutor.java:328)
	at com.kms.katalon.core.main.TestCaseExecutor.doExecute(TestCaseExecutor.java:319)
	at com.kms.katalon.core.main.TestCaseExecutor.processExecutionPhase(TestCaseExecutor.java:298)
	at com.kms.katalon.core.main.TestCaseExecutor.accessMainPhase(TestCaseExecutor.java:290)
	at com.kms.katalon.core.main.TestCaseExecutor.execute(TestCaseExecutor.java:224)
	at com.kms.katalon.core.main.TestSuiteExecutor.accessTestCaseMainPhase(TestSuiteExecutor.java:129)
	at com.kms.katalon.core.main.TestSuiteExecutor.accessTestSuiteMainPhase(TestSuiteExecutor.java:112)
	at com.kms.katalon.core.main.TestSuiteExecutor.execute(TestSuiteExecutor.java:81)
	at com.kms.katalon.core.main.TestCaseMain.startTestSuite(TestCaseMain.java:149)
	at com.kms.katalon.core.main.TestCaseMain$startTestSuite$0.call(Unknown Source)
	at TempTestSuite1565704052965.run(TempTestSuite1565704052965.groovy:36)
"/>
         <system-out><![CDATA[2019-08-13 09:49:12 - [TEST_CASE][FAILED] - Test Cases/CRITICAL PATH - SPANISH/Price comparison - cart page: Test Cases/CRITICAL PATH - SPANISH/Price comparison - cart page FAILED.
Reason:
com.kms.katalon.core.exception.StepFailedException: Unable to click on object 'Object Repository/CR-DESKTOP - SPANISH/Mega menu/shoes - tenis' (Root cause: org.openqa.selenium.ElementNotInteractableException: 
Build info: version: '3.7.1', revision: '8a0099a', time: '2017-11-06T21:07:36.161Z'
System info: host: 'sumans-MacBook-Pro.local', ip: 'fe80:0:0:0:101b:184c:e876:9570%en0', os.name: 'Mac OS X', os.arch: 'x86_64', os.version: '10.13.6', java.version: '1.8.0_181'
Driver info: com.kms.katalon.selenium.driver.CSafariDriver
Capabilities {acceptInsecureCerts: false, browserName: Safari, browserVersion: 12.1, javascriptEnabled: true, platform: MAC, platformName: MAC, safari:automaticInspection: false, safari:automaticProfiling: false, safari:diagnose: false, setWindowRect: true, strictFileInteractability: false, webkit:WebRTC: {DisableICECandidateFiltering: false, DisableInsecureMediaCapture: false}}
Session ID: 5CCF17C5-D93A-42A9-86D2-953729A0440C)
	at com.kms.katalon.core.keyword.internal.KeywordMain.stepFailed(KeywordMain.groovy:36)
	at com.kms.katalon.core.webui.keyword.internal.WebUIKeywordMain.stepFailed(WebUIKeywordMain.groovy:65)
	at com.kms.katalon.core.webui.keyword.internal.WebUIKeywordMain.runKeyword(WebUIKeywordMain.groovy:27)
	at com.kms.katalon.core.webui.keyword.builtin.ClickKeyword.click(ClickKeyword.groovy:86)
	at com.kms.katalon.core.webui.keyword.builtin.ClickKeyword.execute(ClickKeyword.groovy:67)
	at com.kms.katalon.core.keyword.internal.KeywordExecutor.executeKeywordForPlatform(KeywordExecutor.groovy:53)
	at com.kms.katalon.core.webui.keyword.WebUiBuiltInKeywords.click(WebUiBuiltInKeywords.groovy:616)
	at com.kms.katalon.core.webui.keyword.WebUiBuiltInKeywords$click$1.call(Unknown Source)
	at Price comparison - cart page.run(Price comparison - cart page:24)
	at com.kms.katalon.core.main.ScriptEngine.run(ScriptEngine.java:194)
	at com.kms.katalon.core.main.ScriptEngine.runScriptAsRawText(ScriptEngine.java:119)
	at com.kms.katalon.core.main.TestCaseExecutor.runScript(TestCaseExecutor.java:328)
	at com.kms.katalon.core.main.TestCaseExecutor.doExecute(TestCaseExecutor.java:319)
	at com.kms.katalon.core.main.TestCaseExecutor.processExecutionPhase(TestCaseExecutor.java:298)
	at com.kms.katalon.core.main.TestCaseExecutor.accessMainPhase(TestCaseExecutor.java:290)
	at com.kms.katalon.core.main.TestCaseExecutor.execute(TestCaseExecutor.java:224)
	at com.kms.katalon.core.main.TestSuiteExecutor.accessTestCaseMainPhase(TestSuiteExecutor.java:129)
	at com.kms.katalon.core.main.TestSuiteExecutor.accessTestSuiteMainPhase(TestSuiteExecutor.java:112)
	at com.kms.katalon.core.main.TestSuiteExecutor.execute(TestSuiteExecutor.java:81)
	at com.kms.katalon.core.main.TestCaseMain.startTestSuite(TestCaseMain.java:149)
	at com.kms.katalon.core.main.TestCaseMain$startTestSuite$0.call(Unknown Source)
	at TempTestSuite1565704052965.run(TempTestSuite1565704052965.groovy:36)


2019-08-13 09:49:13 - [TEST_STEP][PASSED] - callTestCase(findTestCase("CALL - LANGUAGE TOGGLER"), [:], STOP_ON_FAILURE): Call Test Case 'Test Cases/CALL - LANGUAGE TOGGLER' successfully

2019-08-13 09:49:13 - [TEST_CASE][PASSED] - Test Cases/CALL - LANGUAGE TOGGLER: Test Cases/CALL - LANGUAGE TOGGLER

2019-08-13 09:49:13 - [TEST_STEP][PASSED] - callTestCase(findTestCase("CALL-URL"), [:], STOP_ON_FAILURE): Call Test Case 'Test Cases/CALL-URL' successfully

2019-08-13 09:49:13 - [TEST_CASE][PASSED] - Test Cases/CALL-URL: Test Cases/CALL-URL

2019-08-13 09:49:13 - [TEST_STEP][PASSED] - openBrowser(""): Browser is opened with url: ''

2019-08-13 09:49:13 - [MESSAGE][WARNING] - A browser is already opened. Closing browser and opening a new one

2019-08-13 09:49:13 - [MESSAGE][INFO] - Starting 'Safari' driver

2019-08-13 09:49:14 - [MESSAGE][PASSED] - Browser is opened with url: ''

2019-08-13 09:49:14 - [TEST_STEP][PASSED] - navigateToUrl("https://charlotterusse.com/"): Navigate to 'https://charlotterusse.com/' successfully

2019-08-13 09:49:18 - [MESSAGE][PASSED] - Navigate to 'https://charlotterusse.com/' successfully

2019-08-13 09:49:18 - [TEST_STEP][PASSED] - click(findTestObject("CR-DESKTOP/Window pop up/language- english")): Object: 'Object Repository/CR-DESKTOP/Window pop up/language- english' is clicked on

2019-08-13 09:49:18 - [MESSAGE][PASSED] - Object: 'Object Repository/CR-DESKTOP/Window pop up/language- english' is clicked on

2019-08-13 09:49:18 - [TEST_STEP][PASSED] - click(findTestObject("CR-DESKTOP/Window pop up/Pop up - close")): Object: 'Object Repository/CR-DESKTOP/Window pop up/Pop up - close' is clicked on

2019-08-13 09:49:18 - [MESSAGE][PASSED] - Object: 'Object Repository/CR-DESKTOP/Window pop up/Pop up - close' is clicked on

2019-08-13 09:49:18 - [TEST_STEP][PASSED] - maximizeWindow(): Current window maximized

2019-08-13 09:49:18 - [MESSAGE][PASSED] - Current window maximized

2019-08-13 09:49:18 - [MESSAGE][PASSED] - Call Test Case 'Test Cases/CALL-URL' successfully

2019-08-13 09:49:18 - [TEST_STEP][PASSED] - delay(2): Delayed 2 second(s)

2019-08-13 09:49:20 - [MESSAGE][PASSED] - Delayed 2 second(s)

2019-08-13 09:49:20 - [TEST_STEP][PASSED] - click(findTestObject("CR-DESKTOP/Home page/Spanish")): Object: 'Object Repository/CR-DESKTOP/Home page/Spanish' is clicked on

2019-08-13 09:49:20 - [MESSAGE][PASSED] - Object: 'Object Repository/CR-DESKTOP/Home page/Spanish' is clicked on

2019-08-13 09:49:20 - [MESSAGE][PASSED] - Call Test Case 'Test Cases/CALL - LANGUAGE TOGGLER' successfully

2019-08-13 09:49:20 - [TEST_STEP][PASSED] - delay(2): Delayed 2 second(s)

2019-08-13 09:49:22 - [MESSAGE][PASSED] - Delayed 2 second(s)

2019-08-13 09:49:22 - [TEST_STEP][PASSED] - mouseOver(findTestObject("CR-DESKTOP - SPANISH/Mega menu/SHOES")): Object: 'Object Repository/CR-DESKTOP - SPANISH/Mega menu/SHOES' is hovered

2019-08-13 09:49:23 - [MESSAGE][PASSED] - Object: 'Object Repository/CR-DESKTOP - SPANISH/Mega menu/SHOES' is hovered

2019-08-13 09:49:23 - [TEST_STEP][PASSED] - delay(2): Delayed 2 second(s)

2019-08-13 09:49:25 - [MESSAGE][PASSED] - Delayed 2 second(s)

2019-08-13 09:49:25 - [TEST_STEP][FAILED] - click(findTestObject("CR-DESKTOP - SPANISH/Mega menu/shoes - tenis")): click(findTestObject("CR-DESKTOP - SPANISH/Mega menu/shoes - tenis")) FAILED.
Reason:
com.kms.katalon.core.exception.StepFailedException: Unable to click on object 'Object Repository/CR-DESKTOP - SPANISH/Mega menu/shoes - tenis' (Root cause: org.openqa.selenium.ElementNotInteractableException: 
Build info: version: '3.7.1', revision: '8a0099a', time: '2017-11-06T21:07:36.161Z'
System info: host: 'sumans-MacBook-Pro.local', ip: 'fe80:0:0:0:101b:184c:e876:9570%en0', os.name: 'Mac OS X', os.arch: 'x86_64', os.version: '10.13.6', java.version: '1.8.0_181'
Driver info: com.kms.katalon.selenium.driver.CSafariDriver
Capabilities {acceptInsecureCerts: false, browserName: Safari, browserVersion: 12.1, javascriptEnabled: true, platform: MAC, platformName: MAC, safari:automaticInspection: false, safari:automaticProfiling: false, safari:diagnose: false, setWindowRect: true, strictFileInteractability: false, webkit:WebRTC: {DisableICECandidateFiltering: false, DisableInsecureMediaCapture: false}}
Session ID: 5CCF17C5-D93A-42A9-86D2-953729A0440C)
	at com.kms.katalon.core.keyword.internal.KeywordMain.stepFailed(KeywordMain.groovy:36)
	at com.kms.katalon.core.webui.keyword.internal.WebUIKeywordMain.stepFailed(WebUIKeywordMain.groovy:65)
	at com.kms.katalon.core.webui.keyword.internal.WebUIKeywordMain.runKeyword(WebUIKeywordMain.groovy:27)
	at com.kms.katalon.core.webui.keyword.builtin.ClickKeyword.click(ClickKeyword.groovy:86)
	at com.kms.katalon.core.webui.keyword.builtin.ClickKeyword.execute(ClickKeyword.groovy:67)
	at com.kms.katalon.core.keyword.internal.KeywordExecutor.executeKeywordForPlatform(KeywordExecutor.groovy:53)
	at com.kms.katalon.core.webui.keyword.WebUiBuiltInKeywords.click(WebUiBuiltInKeywords.groovy:616)
	at com.kms.katalon.core.webui.keyword.WebUiBuiltInKeywords$click$1.call(Unknown Source)
	at Price comparison - cart page.run(Price comparison - cart page:24)
	at com.kms.katalon.core.main.ScriptEngine.run(ScriptEngine.java:194)
	at com.kms.katalon.core.main.ScriptEngine.runScriptAsRawText(ScriptEngine.java:119)
	at com.kms.katalon.core.main.TestCaseExecutor.runScript(TestCaseExecutor.java:328)
	at com.kms.katalon.core.main.TestCaseExecutor.doExecute(TestCaseExecutor.java:319)
	at com.kms.katalon.core.main.TestCaseExecutor.processExecutionPhase(TestCaseExecutor.java:298)
	at com.kms.katalon.core.main.TestCaseExecutor.accessMainPhase(TestCaseExecutor.java:290)
	at com.kms.katalon.core.main.TestCaseExecutor.execute(TestCaseExecutor.java:224)
	at com.kms.katalon.core.main.TestSuiteExecutor.accessTestCaseMainPhase(TestSuiteExecutor.java:129)
	at com.kms.katalon.core.main.TestSuiteExecutor.accessTestSuiteMainPhase(TestSuiteExecutor.java:112)
	at com.kms.katalon.core.main.TestSuiteExecutor.execute(TestSuiteExecutor.java:81)
	at com.kms.katalon.core.main.TestCaseMain.startTestSuite(TestCaseMain.java:149)
	at com.kms.katalon.core.main.TestCaseMain$startTestSuite$0.call(Unknown Source)
	at TempTestSuite1565704052965.run(TempTestSuite1565704052965.groovy:36)


2019-08-13 09:49:26 - [MESSAGE][FAILED] - Unable to click on object 'Object Repository/CR-DESKTOP - SPANISH/Mega menu/shoes - tenis' (Root cause: org.openqa.selenium.ElementNotInteractableException: 
Build info: version: '3.7.1', revision: '8a0099a', time: '2017-11-06T21:07:36.161Z'
System info: host: 'sumans-MacBook-Pro.local', ip: 'fe80:0:0:0:101b:184c:e876:9570%en0', os.name: 'Mac OS X', os.arch: 'x86_64', os.version: '10.13.6', java.version: '1.8.0_181'
Driver info: com.kms.katalon.selenium.driver.CSafariDriver
Capabilities {acceptInsecureCerts: false, browserName: Safari, browserVersion: 12.1, javascriptEnabled: true, platform: MAC, platformName: MAC, safari:automaticInspection: false, safari:automaticProfiling: false, safari:diagnose: false, setWindowRect: true, strictFileInteractability: false, webkit:WebRTC: {DisableICECandidateFiltering: false, DisableInsecureMediaCapture: false}}
Session ID: 5CCF17C5-D93A-42A9-86D2-953729A0440C)
[[ATTACHMENT|/Users/sumankompelly/git/CR-Desktop/Reports/suite-safari/20190813_094732/1565704165730.png]]

2019-08-13 09:49:26 - [MESSAGE][FAILED] - click(findTestObject("CR-DESKTOP - SPANISH/Mega menu/shoes - tenis")) FAILED.
Reason:
com.kms.katalon.core.exception.StepFailedException: Unable to click on object 'Object Repository/CR-DESKTOP - SPANISH/Mega menu/shoes - tenis' (Root cause: org.openqa.selenium.ElementNotInteractableException: 
Build info: version: '3.7.1', revision: '8a0099a', time: '2017-11-06T21:07:36.161Z'
System info: host: 'sumans-MacBook-Pro.local', ip: 'fe80:0:0:0:101b:184c:e876:9570%en0', os.name: 'Mac OS X', os.arch: 'x86_64', os.version: '10.13.6', java.version: '1.8.0_181'
Driver info: com.kms.katalon.selenium.driver.CSafariDriver
Capabilities {acceptInsecureCerts: false, browserName: Safari, browserVersion: 12.1, javascriptEnabled: true, platform: MAC, platformName: MAC, safari:automaticInspection: false, safari:automaticProfiling: false, safari:diagnose: false, setWindowRect: true, strictFileInteractability: false, webkit:WebRTC: {DisableICECandidateFiltering: false, DisableInsecureMediaCapture: false}}
Session ID: 5CCF17C5-D93A-42A9-86D2-953729A0440C)
	at com.kms.katalon.core.keyword.internal.KeywordMain.stepFailed(KeywordMain.groovy:36)
	at com.kms.katalon.core.webui.keyword.internal.WebUIKeywordMain.stepFailed(WebUIKeywordMain.groovy:65)
	at com.kms.katalon.core.webui.keyword.internal.WebUIKeywordMain.runKeyword(WebUIKeywordMain.groovy:27)
	at com.kms.katalon.core.webui.keyword.builtin.ClickKeyword.click(ClickKeyword.groovy:86)
	at com.kms.katalon.core.webui.keyword.builtin.ClickKeyword.execute(ClickKeyword.groovy:67)
	at com.kms.katalon.core.keyword.internal.KeywordExecutor.executeKeywordForPlatform(KeywordExecutor.groovy:53)
	at com.kms.katalon.core.webui.keyword.WebUiBuiltInKeywords.click(WebUiBuiltInKeywords.groovy:616)
	at com.kms.katalon.core.webui.keyword.WebUiBuiltInKeywords$click$1.call(Unknown Source)
	at Price comparison - cart page.run(Price comparison - cart page:24)
	at com.kms.katalon.core.main.ScriptEngine.run(ScriptEngine.java:194)
	at com.kms.katalon.core.main.ScriptEngine.runScriptAsRawText(ScriptEngine.java:119)
	at com.kms.katalon.core.main.TestCaseExecutor.runScript(TestCaseExecutor.java:328)
	at com.kms.katalon.core.main.TestCaseExecutor.doExecute(TestCaseExecutor.java:319)
	at com.kms.katalon.core.main.TestCaseExecutor.processExecutionPhase(TestCaseExecutor.java:298)
	at com.kms.katalon.core.main.TestCaseExecutor.accessMainPhase(TestCaseExecutor.java:290)
	at com.kms.katalon.core.main.TestCaseExecutor.execute(TestCaseExecutor.java:224)
	at com.kms.katalon.core.main.TestSuiteExecutor.accessTestCaseMainPhase(TestSuiteExecutor.java:129)
	at com.kms.katalon.core.main.TestSuiteExecutor.accessTestSuiteMainPhase(TestSuiteExecutor.java:112)
	at com.kms.katalon.core.main.TestSuiteExecutor.execute(TestSuiteExecutor.java:81)
	at com.kms.katalon.core.main.TestCaseMain.startTestSuite(TestCaseMain.java:149)
	at com.kms.katalon.core.main.TestCaseMain$startTestSuite$0.call(Unknown Source)
	at TempTestSuite1565704052965.run(TempTestSuite1565704052965.groovy:36)]]></system-out>
         <system-err><![CDATA[2019-08-13 09:49:12 - [TEST_CASE][FAILED] - Test Cases/CRITICAL PATH - SPANISH/Price comparison - cart page: Test Cases/CRITICAL PATH - SPANISH/Price comparison - cart page FAILED.
Reason:
com.kms.katalon.core.exception.StepFailedException: Unable to click on object 'Object Repository/CR-DESKTOP - SPANISH/Mega menu/shoes - tenis' (Root cause: org.openqa.selenium.ElementNotInteractableException: 
Build info: version: '3.7.1', revision: '8a0099a', time: '2017-11-06T21:07:36.161Z'
System info: host: 'sumans-MacBook-Pro.local', ip: 'fe80:0:0:0:101b:184c:e876:9570%en0', os.name: 'Mac OS X', os.arch: 'x86_64', os.version: '10.13.6', java.version: '1.8.0_181'
Driver info: com.kms.katalon.selenium.driver.CSafariDriver
Capabilities {acceptInsecureCerts: false, browserName: Safari, browserVersion: 12.1, javascriptEnabled: true, platform: MAC, platformName: MAC, safari:automaticInspection: false, safari:automaticProfiling: false, safari:diagnose: false, setWindowRect: true, strictFileInteractability: false, webkit:WebRTC: {DisableICECandidateFiltering: false, DisableInsecureMediaCapture: false}}
Session ID: 5CCF17C5-D93A-42A9-86D2-953729A0440C)
	at com.kms.katalon.core.keyword.internal.KeywordMain.stepFailed(KeywordMain.groovy:36)
	at com.kms.katalon.core.webui.keyword.internal.WebUIKeywordMain.stepFailed(WebUIKeywordMain.groovy:65)
	at com.kms.katalon.core.webui.keyword.internal.WebUIKeywordMain.runKeyword(WebUIKeywordMain.groovy:27)
	at com.kms.katalon.core.webui.keyword.builtin.ClickKeyword.click(ClickKeyword.groovy:86)
	at com.kms.katalon.core.webui.keyword.builtin.ClickKeyword.execute(ClickKeyword.groovy:67)
	at com.kms.katalon.core.keyword.internal.KeywordExecutor.executeKeywordForPlatform(KeywordExecutor.groovy:53)
	at com.kms.katalon.core.webui.keyword.WebUiBuiltInKeywords.click(WebUiBuiltInKeywords.groovy:616)
	at com.kms.katalon.core.webui.keyword.WebUiBuiltInKeywords$click$1.call(Unknown Source)
	at Price comparison - cart page.run(Price comparison - cart page:24)
	at com.kms.katalon.core.main.ScriptEngine.run(ScriptEngine.java:194)
	at com.kms.katalon.core.main.ScriptEngine.runScriptAsRawText(ScriptEngine.java:119)
	at com.kms.katalon.core.main.TestCaseExecutor.runScript(TestCaseExecutor.java:328)
	at com.kms.katalon.core.main.TestCaseExecutor.doExecute(TestCaseExecutor.java:319)
	at com.kms.katalon.core.main.TestCaseExecutor.processExecutionPhase(TestCaseExecutor.java:298)
	at com.kms.katalon.core.main.TestCaseExecutor.accessMainPhase(TestCaseExecutor.java:290)
	at com.kms.katalon.core.main.TestCaseExecutor.execute(TestCaseExecutor.java:224)
	at com.kms.katalon.core.main.TestSuiteExecutor.accessTestCaseMainPhase(TestSuiteExecutor.java:129)
	at com.kms.katalon.core.main.TestSuiteExecutor.accessTestSuiteMainPhase(TestSuiteExecutor.java:112)
	at com.kms.katalon.core.main.TestSuiteExecutor.execute(TestSuiteExecutor.java:81)
	at com.kms.katalon.core.main.TestCaseMain.startTestSuite(TestCaseMain.java:149)
	at com.kms.katalon.core.main.TestCaseMain$startTestSuite$0.call(Unknown Source)
	at TempTestSuite1565704052965.run(TempTestSuite1565704052965.groovy:36)]]></system-err>
      </testcase>
      <testcase name="Test Cases/CRITICAL PATH - SPANISH/Decrease quantity - cart page" classname="Test Cases/CRITICAL PATH - SPANISH/Decrease quantity - cart page" status="PASSED">
         <system-out><![CDATA[2019-08-13 09:49:26 - [TEST_CASE][PASSED] - Test Cases/CRITICAL PATH - SPANISH/Decrease quantity - cart page: Test Cases/CRITICAL PATH - SPANISH/Decrease quantity - cart page

2019-08-13 09:49:26 - [TEST_STEP][PASSED] - callTestCase(findTestCase("CALL - LANGUAGE TOGGLER"), [:], STOP_ON_FAILURE): Call Test Case 'Test Cases/CALL - LANGUAGE TOGGLER' successfully

2019-08-13 09:49:26 - [TEST_CASE][PASSED] - Test Cases/CALL - LANGUAGE TOGGLER: Test Cases/CALL - LANGUAGE TOGGLER

2019-08-13 09:49:26 - [TEST_STEP][PASSED] - callTestCase(findTestCase("CALL-URL"), [:], STOP_ON_FAILURE): Call Test Case 'Test Cases/CALL-URL' successfully

2019-08-13 09:49:27 - [TEST_CASE][PASSED] - Test Cases/CALL-URL: Test Cases/CALL-URL

2019-08-13 09:49:27 - [TEST_STEP][PASSED] - openBrowser(""): Browser is opened with url: ''

2019-08-13 09:49:27 - [MESSAGE][WARNING] - A browser is already opened. Closing browser and opening a new one

2019-08-13 09:49:27 - [MESSAGE][INFO] - Starting 'Safari' driver

2019-08-13 09:49:34 - [MESSAGE][PASSED] - Browser is opened with url: ''

2019-08-13 09:49:34 - [TEST_STEP][PASSED] - navigateToUrl("https://charlotterusse.com/"): Navigate to 'https://charlotterusse.com/' successfully

2019-08-13 09:49:38 - [MESSAGE][PASSED] - Navigate to 'https://charlotterusse.com/' successfully

2019-08-13 09:49:38 - [TEST_STEP][PASSED] - click(findTestObject("CR-DESKTOP/Window pop up/language- english")): Object: 'Object Repository/CR-DESKTOP/Window pop up/language- english' is clicked on

2019-08-13 09:49:38 - [MESSAGE][PASSED] - Object: 'Object Repository/CR-DESKTOP/Window pop up/language- english' is clicked on

2019-08-13 09:49:38 - [TEST_STEP][PASSED] - click(findTestObject("CR-DESKTOP/Window pop up/Pop up - close")): Object: 'Object Repository/CR-DESKTOP/Window pop up/Pop up - close' is clicked on

2019-08-13 09:49:38 - [MESSAGE][PASSED] - Object: 'Object Repository/CR-DESKTOP/Window pop up/Pop up - close' is clicked on

2019-08-13 09:49:38 - [TEST_STEP][PASSED] - maximizeWindow(): Current window maximized

2019-08-13 09:49:38 - [MESSAGE][PASSED] - Current window maximized

2019-08-13 09:49:38 - [MESSAGE][PASSED] - Call Test Case 'Test Cases/CALL-URL' successfully

2019-08-13 09:49:38 - [TEST_STEP][PASSED] - delay(2): Delayed 2 second(s)

2019-08-13 09:49:40 - [MESSAGE][PASSED] - Delayed 2 second(s)

2019-08-13 09:49:40 - [TEST_STEP][PASSED] - click(findTestObject("CR-DESKTOP/Home page/Spanish")): Object: 'Object Repository/CR-DESKTOP/Home page/Spanish' is clicked on

2019-08-13 09:49:40 - [MESSAGE][PASSED] - Object: 'Object Repository/CR-DESKTOP/Home page/Spanish' is clicked on

2019-08-13 09:49:40 - [MESSAGE][PASSED] - Call Test Case 'Test Cases/CALL - LANGUAGE TOGGLER' successfully

2019-08-13 09:49:40 - [TEST_STEP][PASSED] - delay(2): Delayed 2 second(s)

2019-08-13 09:49:42 - [MESSAGE][PASSED] - Delayed 2 second(s)

2019-08-13 09:49:42 - [TEST_STEP][PASSED] - mouseOver(findTestObject("CR-DESKTOP - SPANISH/Mega menu/SHOES")): Object: 'Object Repository/CR-DESKTOP - SPANISH/Mega menu/SHOES' is hovered

2019-08-13 09:49:42 - [MESSAGE][PASSED] - Object: 'Object Repository/CR-DESKTOP - SPANISH/Mega menu/SHOES' is hovered

2019-08-13 09:49:42 - [TEST_STEP][PASSED] - delay(2): Delayed 2 second(s)

2019-08-13 09:49:44 - [MESSAGE][PASSED] - Delayed 2 second(s)

2019-08-13 09:49:44 - [TEST_STEP][PASSED] - click(findTestObject("CR-DESKTOP - SPANISH/Mega menu/shoes - tenis")): Object: 'Object Repository/CR-DESKTOP - SPANISH/Mega menu/shoes - tenis' is clicked on

2019-08-13 09:49:46 - [MESSAGE][PASSED] - Object: 'Object Repository/CR-DESKTOP - SPANISH/Mega menu/shoes - tenis' is clicked on

2019-08-13 09:49:46 - [TEST_STEP][PASSED] - delay(2): Delayed 2 second(s)

2019-08-13 09:49:48 - [MESSAGE][PASSED] - Delayed 2 second(s)

2019-08-13 09:49:48 - [TEST_STEP][PASSED] - click(findTestObject("CR-DESKTOP/Collection page/product 3")): Object: 'Object Repository/CR-DESKTOP/Collection page/product 3' is clicked on

2019-08-13 09:49:49 - [MESSAGE][PASSED] - Object: 'Object Repository/CR-DESKTOP/Collection page/product 3' is clicked on

2019-08-13 09:49:49 - [TEST_STEP][PASSED] - delay(2): Delayed 2 second(s)

2019-08-13 09:49:51 - [MESSAGE][PASSED] - Delayed 2 second(s)

2019-08-13 09:49:51 - [TEST_STEP][PASSED] - click(findTestObject("CR-DESKTOP - SPANISH/product page/verde neon")): Object: 'Object Repository/CR-DESKTOP - SPANISH/product page/verde neon' is clicked on

2019-08-13 09:49:51 - [MESSAGE][PASSED] - Object: 'Object Repository/CR-DESKTOP - SPANISH/product page/verde neon' is clicked on

2019-08-13 09:49:51 - [TEST_STEP][PASSED] - delay(2): Delayed 2 second(s)

2019-08-13 09:49:53 - [MESSAGE][PASSED] - Delayed 2 second(s)

2019-08-13 09:49:53 - [TEST_STEP][PASSED] - click(findTestObject("CR-DESKTOP/product page/Size -6")): Object: 'Object Repository/CR-DESKTOP/product page/Size -6' is clicked on

2019-08-13 09:49:54 - [MESSAGE][PASSED] - Object: 'Object Repository/CR-DESKTOP/product page/Size -6' is clicked on

2019-08-13 09:49:54 - [TEST_STEP][PASSED] - delay(2): Delayed 2 second(s)

2019-08-13 09:49:56 - [MESSAGE][PASSED] - Delayed 2 second(s)

2019-08-13 09:49:56 - [TEST_STEP][PASSED] - click(findTestObject("CR-DESKTOP - SPANISH/product page/Add to bag")): Object: 'Object Repository/CR-DESKTOP - SPANISH/product page/Add to bag' is clicked on

2019-08-13 09:49:56 - [MESSAGE][PASSED] - Object: 'Object Repository/CR-DESKTOP - SPANISH/product page/Add to bag' is clicked on

2019-08-13 09:49:56 - [TEST_STEP][PASSED] - delay(3): Delayed 3 second(s)

2019-08-13 09:49:59 - [MESSAGE][PASSED] - Delayed 3 second(s)

2019-08-13 09:49:59 - [TEST_STEP][PASSED] - click(findTestObject("CR-DESKTOP/Cart flyout/cart quantity increase - cart flyout")): Object: 'Object Repository/CR-DESKTOP/Cart flyout/cart quantity increase - cart flyout' is clicked on

2019-08-13 09:49:59 - [MESSAGE][PASSED] - Object: 'Object Repository/CR-DESKTOP/Cart flyout/cart quantity increase - cart flyout' is clicked on

2019-08-13 09:49:59 - [TEST_STEP][PASSED] - delay(2): Delayed 2 second(s)

2019-08-13 09:50:01 - [MESSAGE][PASSED] - Delayed 2 second(s)

2019-08-13 09:50:01 - [TEST_STEP][PASSED] - click(findTestObject("CR-DESKTOP/Cart flyout/cart quantity increase - cart flyout")): Object: 'Object Repository/CR-DESKTOP/Cart flyout/cart quantity increase - cart flyout' is clicked on

2019-08-13 09:50:01 - [MESSAGE][PASSED] - Object: 'Object Repository/CR-DESKTOP/Cart flyout/cart quantity increase - cart flyout' is clicked on

2019-08-13 09:50:01 - [TEST_STEP][PASSED] - delay(2): Delayed 2 second(s)

2019-08-13 09:50:03 - [MESSAGE][PASSED] - Delayed 2 second(s)

2019-08-13 09:50:03 - [TEST_STEP][PASSED] - click(findTestObject("CR-DESKTOP/Cart flyout/cart quantity increase - cart flyout")): Object: 'Object Repository/CR-DESKTOP/Cart flyout/cart quantity increase - cart flyout' is clicked on

2019-08-13 09:50:03 - [MESSAGE][PASSED] - Object: 'Object Repository/CR-DESKTOP/Cart flyout/cart quantity increase - cart flyout' is clicked on

2019-08-13 09:50:03 - [TEST_STEP][PASSED] - delay(2): Delayed 2 second(s)

2019-08-13 09:50:05 - [MESSAGE][PASSED] - Delayed 2 second(s)

2019-08-13 09:50:05 - [TEST_STEP][PASSED] - click(findTestObject("CR-DESKTOP/Cart flyout/cart quantity increase - cart flyout")): Object: 'Object Repository/CR-DESKTOP/Cart flyout/cart quantity increase - cart flyout' is clicked on

2019-08-13 09:50:05 - [MESSAGE][PASSED] - Object: 'Object Repository/CR-DESKTOP/Cart flyout/cart quantity increase - cart flyout' is clicked on

2019-08-13 09:50:05 - [TEST_STEP][PASSED] - delay(2): Delayed 2 second(s)

2019-08-13 09:50:07 - [MESSAGE][PASSED] - Delayed 2 second(s)

2019-08-13 09:50:07 - [TEST_STEP][PASSED] - click(findTestObject("CR-DESKTOP/Cart flyout/Checkout")): Object: 'Object Repository/CR-DESKTOP/Cart flyout/Checkout' is clicked on

2019-08-13 09:50:07 - [MESSAGE][PASSED] - Object: 'Object Repository/CR-DESKTOP/Cart flyout/Checkout' is clicked on

2019-08-13 09:50:07 - [TEST_STEP][PASSED] - delay(3): Delayed 3 second(s)

[...]
	at com.kms.katalon.core.main.ScriptEngine.runScriptAsRawText(ScriptEngine.java:119)
	at com.kms.katalon.core.main.TestCaseExecutor.runScript(TestCaseExecutor.java:328)
	at com.kms.katalon.core.main.TestCaseExecutor.doExecute(TestCaseExecutor.java:319)
	at com.kms.katalon.core.main.TestCaseExecutor.processExecutionPhase(TestCaseExecutor.java:298)
	at com.kms.katalon.core.main.TestCaseExecutor.accessMainPhase(TestCaseExecutor.java:290)
	at com.kms.katalon.core.main.TestCaseExecutor.execute(TestCaseExecutor.java:224)
	at com.kms.katalon.core.main.TestSuiteExecutor.accessTestCaseMainPhase(TestSuiteExecutor.java:129)
	at com.kms.katalon.core.main.TestSuiteExecutor.accessTestSuiteMainPhase(TestSuiteExecutor.java:112)
	at com.kms.katalon.core.main.TestSuiteExecutor.execute(TestSuiteExecutor.java:81)
	at com.kms.katalon.core.main.TestCaseMain.startTestSuite(TestCaseMain.java:149)
	at com.kms.katalon.core.main.TestCaseMain$startTestSuite$0.call(Unknown Source)
	at TempTestSuite1565704052965.run(TempTestSuite1565704052965.groovy:36)


2019-08-13 10:03:30 - [MESSAGE][INFO] - Unable to find the element located by 'By.xpath: //body[@id='charlotte-russe']/div/div[2]/form/div/label'. Please recheck the objects properties to make sure the desired element is located. 

2019-08-13 10:03:30 - [MESSAGE][FAILED] - Unable to click on object 'Object Repository/CR-DESKTOP/Window pop up/language- english' (Root cause: com.kms.katalon.core.webui.exception.WebElementNotFoundException: Web element with id: 'Object Repository/CR-DESKTOP/Window pop up/language- english' located by 'By.xpath: //body[@id='charlotte-russe']/div/div[2]/form/div/label' not found)
[[ATTACHMENT|/Users/sumankompelly/git/CR-Desktop/Reports/suite-safari/20190813_094732/1565705010711.png]]

2019-08-13 10:03:30 - [MESSAGE][FAILED] - click(findTestObject("CR-DESKTOP/Window pop up/language- english")) FAILED.
Reason:
com.kms.katalon.core.exception.StepFailedException: Unable to click on object 'Object Repository/CR-DESKTOP/Window pop up/language- english' (Root cause: com.kms.katalon.core.webui.exception.WebElementNotFoundException: Web element with id: 'Object Repository/CR-DESKTOP/Window pop up/language- english' located by 'By.xpath: //body[@id='charlotte-russe']/div/div[2]/form/div/label' not found)
	at com.kms.katalon.core.keyword.internal.KeywordMain.stepFailed(KeywordMain.groovy:36)
	at com.kms.katalon.core.webui.keyword.internal.WebUIKeywordMain.stepFailed(WebUIKeywordMain.groovy:65)
	at com.kms.katalon.core.webui.keyword.internal.WebUIKeywordMain.runKeyword(WebUIKeywordMain.groovy:27)
	at com.kms.katalon.core.webui.keyword.builtin.ClickKeyword.click(ClickKeyword.groovy:86)
	at com.kms.katalon.core.webui.keyword.builtin.ClickKeyword.execute(ClickKeyword.groovy:67)
	at com.kms.katalon.core.keyword.internal.KeywordExecutor.executeKeywordForPlatform(KeywordExecutor.groovy:53)
	at com.kms.katalon.core.webui.keyword.WebUiBuiltInKeywords.click(WebUiBuiltInKeywords.groovy:616)
	at com.kms.katalon.core.webui.keyword.WebUiBuiltInKeywords$click$1.call(Unknown Source)
	at CALL-URL.run(CALL-URL:20)
	at com.kms.katalon.core.main.ScriptEngine.run(ScriptEngine.java:194)
	at com.kms.katalon.core.main.ScriptEngine.runScriptAsRawText(ScriptEngine.java:119)
	at com.kms.katalon.core.main.TestCaseExecutor.runScript(TestCaseExecutor.java:328)
	at com.kms.katalon.core.main.TestCaseExecutor.doExecute(TestCaseExecutor.java:319)
	at com.kms.katalon.core.main.TestCaseExecutor.processExecutionPhase(TestCaseExecutor.java:298)
	at com.kms.katalon.core.main.TestCaseExecutor.accessMainPhase(TestCaseExecutor.java:290)
	at com.kms.katalon.core.main.TestCaseExecutor.execute(TestCaseExecutor.java:224)
	at com.kms.katalon.core.main.TestCaseMain.runTestCase(TestCaseMain.java:106)
	at com.kms.katalon.core.keyword.builtin.CallTestCaseKeyword$_callTestCase_closure1.doCall(CallTestCaseKeyword.groovy:59)
	at com.kms.katalon.core.keyword.builtin.CallTestCaseKeyword$_callTestCase_closure1.call(CallTestCaseKeyword.groovy)
	at com.kms.katalon.core.keyword.internal.KeywordMain.runKeyword(KeywordMain.groovy:54)
	at com.kms.katalon.core.keyword.builtin.CallTestCaseKeyword.callTestCase(CallTestCaseKeyword.groovy:80)
	at com.kms.katalon.core.keyword.builtin.CallTestCaseKeyword.execute(CallTestCaseKeyword.groovy:44)
	at com.kms.katalon.core.keyword.internal.KeywordExecutor.executeKeywordForPlatform(KeywordExecutor.groovy:53)
	at com.kms.katalon.core.keyword.BuiltinKeywords.callTestCase(BuiltinKeywords.groovy:334)
	at Different products.run(Different products:16)
	at com.kms.katalon.core.main.ScriptEngine.run(ScriptEngine.java:194)
	at com.kms.katalon.core.main.ScriptEngine.runScriptAsRawText(ScriptEngine.java:119)
	at com.kms.katalon.core.main.TestCaseExecutor.runScript(TestCaseExecutor.java:328)
	at com.kms.katalon.core.main.TestCaseExecutor.doExecute(TestCaseExecutor.java:319)
	at com.kms.katalon.core.main.TestCaseExecutor.processExecutionPhase(TestCaseExecutor.java:298)
	at com.kms.katalon.core.main.TestCaseExecutor.accessMainPhase(TestCaseExecutor.java:290)
	at com.kms.katalon.core.main.TestCaseExecutor.execute(TestCaseExecutor.java:224)
	at com.kms.katalon.core.main.TestSuiteExecutor.accessTestCaseMainPhase(TestSuiteExecutor.java:129)
	at com.kms.katalon.core.main.TestSuiteExecutor.accessTestSuiteMainPhase(TestSuiteExecutor.java:112)
	at com.kms.katalon.core.main.TestSuiteExecutor.execute(TestSuiteExecutor.java:81)
	at com.kms.katalon.core.main.TestCaseMain.startTestSuite(TestCaseMain.java:149)
	at com.kms.katalon.core.main.TestCaseMain$startTestSuite$0.call(Unknown Source)
	at TempTestSuite1565704052965.run(TempTestSuite1565704052965.groovy:36)


2019-08-13 10:03:30 - [MESSAGE][FAILED] - Unable to call Test Case 'Test Cases/CALL-URL' (Root cause: com.kms.katalon.core.exception.StepFailedException: Call Test Case 'Test Cases/CALL-URL' failed)

2019-08-13 10:03:30 - [MESSAGE][FAILED] - callTestCase(findTestCase("CALL-URL"), [:], STOP_ON_FAILURE) FAILED.
Reason:
com.kms.katalon.core.exception.StepFailedException: Unable to click on object 'Object Repository/CR-DESKTOP/Window pop up/language- english' (Root cause: com.kms.katalon.core.webui.exception.WebElementNotFoundException: Web element with id: 'Object Repository/CR-DESKTOP/Window pop up/language- english' located by 'By.xpath: //body[@id='charlotte-russe']/div/div[2]/form/div/label' not found)
	at com.kms.katalon.core.keyword.internal.KeywordMain.stepFailed(KeywordMain.groovy:36)
	at com.kms.katalon.core.webui.keyword.internal.WebUIKeywordMain.stepFailed(WebUIKeywordMain.groovy:65)
	at com.kms.katalon.core.webui.keyword.internal.WebUIKeywordMain.runKeyword(WebUIKeywordMain.groovy:27)
	at com.kms.katalon.core.webui.keyword.builtin.ClickKeyword.click(ClickKeyword.groovy:86)
	at com.kms.katalon.core.webui.keyword.builtin.ClickKeyword.execute(ClickKeyword.groovy:67)
	at com.kms.katalon.core.keyword.internal.KeywordExecutor.executeKeywordForPlatform(KeywordExecutor.groovy:53)
	at com.kms.katalon.core.webui.keyword.WebUiBuiltInKeywords.click(WebUiBuiltInKeywords.groovy:616)
	at com.kms.katalon.core.webui.keyword.WebUiBuiltInKeywords$click$1.call(Unknown Source)
	at CALL-URL.run(CALL-URL:20)
	at com.kms.katalon.core.main.ScriptEngine.run(ScriptEngine.java:194)
	at com.kms.katalon.core.main.ScriptEngine.runScriptAsRawText(ScriptEngine.java:119)
	at com.kms.katalon.core.main.TestCaseExecutor.runScript(TestCaseExecutor.java:328)
	at com.kms.katalon.core.main.TestCaseExecutor.doExecute(TestCaseExecutor.java:319)
	at com.kms.katalon.core.main.TestCaseExecutor.processExecutionPhase(TestCaseExecutor.java:298)
	at com.kms.katalon.core.main.TestCaseExecutor.accessMainPhase(TestCaseExecutor.java:290)
	at com.kms.katalon.core.main.TestCaseExecutor.execute(TestCaseExecutor.java:224)
	at com.kms.katalon.core.main.TestCaseMain.runTestCase(TestCaseMain.java:106)
	at com.kms.katalon.core.keyword.builtin.CallTestCaseKeyword$_callTestCase_closure1.doCall(CallTestCaseKeyword.groovy:59)
	at com.kms.katalon.core.keyword.builtin.CallTestCaseKeyword$_callTestCase_closure1.call(CallTestCaseKeyword.groovy)
	at com.kms.katalon.core.keyword.internal.KeywordMain.runKeyword(KeywordMain.groovy:54)
	at com.kms.katalon.core.keyword.builtin.CallTestCaseKeyword.callTestCase(CallTestCaseKeyword.groovy:80)
	at com.kms.katalon.core.keyword.builtin.CallTestCaseKeyword.execute(CallTestCaseKeyword.groovy:44)
	at com.kms.katalon.core.keyword.internal.KeywordExecutor.executeKeywordForPlatform(KeywordExecutor.groovy:53)
	at com.kms.katalon.core.keyword.BuiltinKeywords.callTestCase(BuiltinKeywords.groovy:334)
	at Different products.run(Different products:16)
	at com.kms.katalon.core.main.ScriptEngine.run(ScriptEngine.java:194)
	at com.kms.katalon.core.main.ScriptEngine.runScriptAsRawText(ScriptEngine.java:119)
	at com.kms.katalon.core.main.TestCaseExecutor.runScript(TestCaseExecutor.java:328)
	at com.kms.katalon.core.main.TestCaseExecutor.doExecute(TestCaseExecutor.java:319)
	at com.kms.katalon.core.main.TestCaseExecutor.processExecutionPhase(TestCaseExecutor.java:298)
	at com.kms.katalon.core.main.TestCaseExecutor.accessMainPhase(TestCaseExecutor.java:290)
	at com.kms.katalon.core.main.TestCaseExecutor.execute(TestCaseExecutor.java:224)
	at com.kms.katalon.core.main.TestSuiteExecutor.accessTestCaseMainPhase(TestSuiteExecutor.java:129)
	at com.kms.katalon.core.main.TestSuiteExecutor.accessTestSuiteMainPhase(TestSuiteExecutor.java:112)
	at com.kms.katalon.core.main.TestSuiteExecutor.execute(TestSuiteExecutor.java:81)
	at com.kms.katalon.core.main.TestCaseMain.startTestSuite(TestCaseMain.java:149)
	at com.kms.katalon.core.main.TestCaseMain$startTestSuite$0.call(Unknown Source)
	at TempTestSuite1565704052965.run(TempTestSuite1565704052965.groovy:36)]]></system-out>
         <system-err><![CDATA[2019-08-13 10:02:58 - [TEST_CASE][FAILED] - Test Cases/CRITICAL PATH/Different products: Test Cases/CRITICAL PATH/Different products FAILED.
Reason:
com.kms.katalon.core.exception.StepFailedException: Unable to click on object 'Object Repository/CR-DESKTOP/Window pop up/language- english' (Root cause: com.kms.katalon.core.webui.exception.WebElementNotFoundException: Web element with id: 'Object Repository/CR-DESKTOP/Window pop up/language- english' located by 'By.xpath: //body[@id='charlotte-russe']/div/div[2]/form/div/label' not found)
	at com.kms.katalon.core.keyword.internal.KeywordMain.stepFailed(KeywordMain.groovy:36)
	at com.kms.katalon.core.webui.keyword.internal.WebUIKeywordMain.stepFailed(WebUIKeywordMain.groovy:65)
	at com.kms.katalon.core.webui.keyword.internal.WebUIKeywordMain.runKeyword(WebUIKeywordMain.groovy:27)
	at com.kms.katalon.core.webui.keyword.builtin.ClickKeyword.click(ClickKeyword.groovy:86)
	at com.kms.katalon.core.webui.keyword.builtin.ClickKeyword.execute(ClickKeyword.groovy:67)
	at com.kms.katalon.core.keyword.internal.KeywordExecutor.executeKeywordForPlatform(KeywordExecutor.groovy:53)
	at com.kms.katalon.core.webui.keyword.WebUiBuiltInKeywords.click(WebUiBuiltInKeywords.groovy:616)
	at com.kms.katalon.core.webui.keyword.WebUiBuiltInKeywords$click$1.call(Unknown Source)
	at CALL-URL.run(CALL-URL:20)
	at com.kms.katalon.core.main.ScriptEngine.run(ScriptEngine.java:194)
	at com.kms.katalon.core.main.ScriptEngine.runScriptAsRawText(ScriptEngine.java:119)
	at com.kms.katalon.core.main.TestCaseExecutor.runScript(TestCaseExecutor.java:328)
	at com.kms.katalon.core.main.TestCaseExecutor.doExecute(TestCaseExecutor.java:319)
	at com.kms.katalon.core.main.TestCaseExecutor.processExecutionPhase(TestCaseExecutor.java:298)
	at com.kms.katalon.core.main.TestCaseExecutor.accessMainPhase(TestCaseExecutor.java:290)
	at com.kms.katalon.core.main.TestCaseExecutor.execute(TestCaseExecutor.java:224)
	at com.kms.katalon.core.main.TestCaseMain.runTestCase(TestCaseMain.java:106)
	at com.kms.katalon.core.keyword.builtin.CallTestCaseKeyword$_callTestCase_closure1.doCall(CallTestCaseKeyword.groovy:59)
	at com.kms.katalon.core.keyword.builtin.CallTestCaseKeyword$_callTestCase_closure1.call(CallTestCaseKeyword.groovy)
	at com.kms.katalon.core.keyword.internal.KeywordMain.runKeyword(KeywordMain.groovy:54)
	at com.kms.katalon.core.keyword.builtin.CallTestCaseKeyword.callTestCase(CallTestCaseKeyword.groovy:80)
	at com.kms.katalon.core.keyword.builtin.CallTestCaseKeyword.execute(CallTestCaseKeyword.groovy:44)
	at com.kms.katalon.core.keyword.internal.KeywordExecutor.executeKeywordForPlatform(KeywordExecutor.groovy:53)
	at com.kms.katalon.core.keyword.BuiltinKeywords.callTestCase(BuiltinKeywords.groovy:334)
	at Different products.run(Different products:16)
	at com.kms.katalon.core.main.ScriptEngine.run(ScriptEngine.java:194)
	at com.kms.katalon.core.main.ScriptEngine.runScriptAsRawText(ScriptEngine.java:119)
	at com.kms.katalon.core.main.TestCaseExecutor.runScript(TestCaseExecutor.java:328)
	at com.kms.katalon.core.main.TestCaseExecutor.doExecute(TestCaseExecutor.java:319)
	at com.kms.katalon.core.main.TestCaseExecutor.processExecutionPhase(TestCaseExecutor.java:298)
	at com.kms.katalon.core.main.TestCaseExecutor.accessMainPhase(TestCaseExecutor.java:290)
	at com.kms.katalon.core.main.TestCaseExecutor.execute(TestCaseExecutor.java:224)
	at com.kms.katalon.core.main.TestSuiteExecutor.accessTestCaseMainPhase(TestSuiteExecutor.java:129)
	at com.kms.katalon.core.main.TestSuiteExecutor.accessTestSuiteMainPhase(TestSuiteExecutor.java:112)
	at com.kms.katalon.core.main.TestSuiteExecutor.execute(TestSuiteExecutor.java:81)
	at com.kms.katalon.core.main.TestCaseMain.startTestSuite(TestCaseMain.java:149)
	at com.kms.katalon.core.main.TestCaseMain$startTestSuite$0.call(Unknown Source)
	at TempTestSuite1565704052965.run(TempTestSuite1565704052965.groovy:36)]]></system-err>
      </testcase>
      <system-out><![CDATA[2019-08-13 09:47:37 - [TEST_SUITE][FAILED] - suite-safari: Test Cases/CRITICAL PATH - SPANISH/Increase quantity - cart page FAILED.
Reason:
com.kms.katalon.core.exception.StepFailedException: Unable to click on object 'Object Repository/CR-DESKTOP - SPANISH/Mega menu/shoes - tenis' (Root cause: org.openqa.selenium.ElementNotInteractableException: 
Build info: version: '3.7.1', revision: '8a0099a', time: '2017-11-06T21:07:36.161Z'
System info: host: 'sumans-MacBook-Pro.local', ip: 'fe80:0:0:0:101b:184c:e876:9570%en0', os.name: 'Mac OS X', os.arch: 'x86_64', os.version: '10.13.6', java.version: '1.8.0_181'
Driver info: com.kms.katalon.selenium.driver.CSafariDriver
Capabilities {acceptInsecureCerts: false, browserName: Safari, browserVersion: 12.1, javascriptEnabled: true, platform: MAC, platformName: MAC, safari:automaticInspection: false, safari:automaticProfiling: false, safari:diagnose: false, setWindowRect: true, strictFileInteractability: false, webkit:WebRTC: {DisableICECandidateFiltering: false, DisableInsecureMediaCapture: false}}
Session ID: 86831ABA-03C0-4B93-B2AC-A568130FE615)
	at com.kms.katalon.core.keyword.internal.KeywordMain.stepFailed(KeywordMain.groovy:36)
	at com.kms.katalon.core.webui.keyword.internal.WebUIKeywordMain.stepFailed(WebUIKeywordMain.groovy:65)
	at com.kms.katalon.core.webui.keyword.internal.WebUIKeywordMain.runKeyword(WebUIKeywordMain.groovy:27)
	at com.kms.katalon.core.webui.keyword.builtin.ClickKeyword.click(ClickKeyword.groovy:86)
	at com.kms.katalon.core.webui.keyword.builtin.ClickKeyword.execute(ClickKeyword.groovy:67)
	at com.kms.katalon.core.keyword.internal.KeywordExecutor.executeKeywordForPlatform(KeywordExecutor.groovy:53)
	at com.kms.katalon.core.webui.keyword.WebUiBuiltInKeywords.click(WebUiBuiltInKeywords.groovy:616)
	at com.kms.katalon.core.webui.keyword.WebUiBuiltInKeywords$click$1.call(Unknown Source)
	at Increase quantity - cart page.run(Increase quantity - cart page:24)
	at com.kms.katalon.core.main.ScriptEngine.run(ScriptEngine.java:194)
	at com.kms.katalon.core.main.ScriptEngine.runScriptAsRawText(ScriptEngine.java:119)
	at com.kms.katalon.core.main.TestCaseExecutor.runScript(TestCaseExecutor.java:328)
	at com.kms.katalon.core.main.TestCaseExecutor.doExecute(TestCaseExecutor.java:319)
	at com.kms.katalon.core.main.TestCaseExecutor.processExecutionPhase(TestCaseExecutor.java:298)
	at com.kms.katalon.core.main.TestCaseExecutor.accessMainPhase(TestCaseExecutor.java:290)
	at com.kms.katalon.core.main.TestCaseExecutor.execute(TestCaseExecutor.java:224)
	at com.kms.katalon.core.main.TestSuiteExecutor.accessTestCaseMainPhase(TestSuiteExecutor.java:129)
	at com.kms.katalon.core.main.TestSuiteExecutor.accessTestSuiteMainPhase(TestSuiteExecutor.java:112)
	at com.kms.katalon.core.main.TestSuiteExecutor.execute(TestSuiteExecutor.java:81)
	at com.kms.katalon.core.main.TestCaseMain.startTestSuite(TestCaseMain.java:149)
	at com.kms.katalon.core.main.TestCaseMain$startTestSuite$0.call(Unknown Source)
	at TempTestSuite1565704052965.run(TempTestSuite1565704052965.groovy:36)]]></system-out>
      <system-err><![CDATA[2019-08-13 09:47:37 - [TEST_SUITE][FAILED] - suite-safari: Test Cases/CRITICAL PATH - SPANISH/Increase quantity - cart page FAILED.
Reason:
com.kms.katalon.core.exception.StepFailedException: Unable to click on object 'Object Repository/CR-DESKTOP - SPANISH/Mega menu/shoes - tenis' (Root cause: org.openqa.selenium.ElementNotInteractableException: 
Build info: version: '3.7.1', revision: '8a0099a', time: '2017-11-06T21:07:36.161Z'
System info: host: 'sumans-MacBook-Pro.local', ip: 'fe80:0:0:0:101b:184c:e876:9570%en0', os.name: 'Mac OS X', os.arch: 'x86_64', os.version: '10.13.6', java.version: '1.8.0_181'
Driver info: com.kms.katalon.selenium.driver.CSafariDriver
Capabilities {acceptInsecureCerts: false, browserName: Safari, browserVersion: 12.1, javascriptEnabled: true, platform: MAC, platformName: MAC, safari:automaticInspection: false, safari:automaticProfiling: false, safari:diagnose: false, setWindowRect: true, strictFileInteractability: false, webkit:WebRTC: {DisableICECandidateFiltering: false, DisableInsecureMediaCapture: false}}
Session ID: 86831ABA-03C0-4B93-B2AC-A568130FE615)
	at com.kms.katalon.core.keyword.internal.KeywordMain.stepFailed(KeywordMain.groovy:36)
	at com.kms.katalon.core.webui.keyword.internal.WebUIKeywordMain.stepFailed(WebUIKeywordMain.groovy:65)
	at com.kms.katalon.core.webui.keyword.internal.WebUIKeywordMain.runKeyword(WebUIKeywordMain.groovy:27)
	at com.kms.katalon.core.webui.keyword.builtin.ClickKeyword.click(ClickKeyword.groovy:86)
	at com.kms.katalon.core.webui.keyword.builtin.ClickKeyword.execute(ClickKeyword.groovy:67)
	at com.kms.katalon.core.keyword.internal.KeywordExecutor.executeKeywordForPlatform(KeywordExecutor.groovy:53)
	at com.kms.katalon.core.webui.keyword.WebUiBuiltInKeywords.click(WebUiBuiltInKeywords.groovy:616)
	at com.kms.katalon.core.webui.keyword.WebUiBuiltInKeywords$click$1.call(Unknown Source)
	at Increase quantity - cart page.run(Increase quantity - cart page:24)
	at com.kms.katalon.core.main.ScriptEngine.run(ScriptEngine.java:194)
	at com.kms.katalon.core.main.ScriptEngine.runScriptAsRawText(ScriptEngine.java:119)
	at com.kms.katalon.core.main.TestCaseExecutor.runScript(TestCaseExecutor.java:328)
	at com.kms.katalon.core.main.TestCaseExecutor.doExecute(TestCaseExecutor.java:319)
	at com.kms.katalon.core.main.TestCaseExecutor.processExecutionPhase(TestCaseExecutor.java:298)
	at com.kms.katalon.core.main.TestCaseExecutor.accessMainPhase(TestCaseExecutor.java:290)
	at com.kms.katalon.core.main.TestCaseExecutor.execute(TestCaseExecutor.java:224)
	at com.kms.katalon.core.main.TestSuiteExecutor.accessTestCaseMainPhase(TestSuiteExecutor.java:129)
	at com.kms.katalon.core.main.TestSuiteExecutor.accessTestSuiteMainPhase(TestSuiteExecutor.java:112)
	at com.kms.katalon.core.main.TestSuiteExecutor.execute(TestSuiteExecutor.java:81)
	at com.kms.katalon.core.main.TestCaseMain.startTestSuite(TestCaseMain.java:149)
	at com.kms.katalon.core.main.TestCaseMain$startTestSuite$0.call(Unknown Source)
	at TempTestSuite1565704052965.run(TempTestSuite1565704052965.groovy:36)]]></system-err>
   </testsuite>
</testsuites>
