<?xml version="1.0" encoding="UTF-8"?>
<testsuites name="suite-chrome" time="1789" tests="9" failures="26" errors="2">
   <testsuite name="suite-chrome" tests="9" failures="26" errors="2" time="1789" timestamp="2019-08-13 10:51:37" hostname="sumankompelly - 10.0.126.233" id="Test Suites/suite-chrome">
      <properties>
[...]
</properties>
      <testcase name="Test Cases/CRITICAL PATH - SPANISH/Increase quantity - cart page" classname="Test Cases/CRITICAL PATH - SPANISH/Increase quantity - cart page" status="FAILED">
         <failure type="FAILED" message="Test Cases/CRITICAL PATH - SPANISH/Increase quantity - cart page FAILED.
Reason:
com.kms.katalon.core.exception.StepFailedException: Unable to verify text 'payment' is present  (Root cause: com.kms.katalon.core.exception.StepFailedException: Text 'payment' is not present on page )
	at com.kms.katalon.core.keyword.internal.KeywordMain.stepFailed(KeywordMain.groovy:36)
	at com.kms.katalon.core.webui.keyword.internal.WebUIKeywordMain.stepFailed(WebUIKeywordMain.groovy:65)
	at com.kms.katalon.core.webui.keyword.internal.WebUIKeywordMain.runKeyword(WebUIKeywordMain.groovy:27)
	at com.kms.katalon.core.webui.keyword.builtin.VerifyTextPresentKeyword.verifyTextPresent(VerifyTextPresentKeyword.groovy:83)
	at com.kms.katalon.core.webui.keyword.builtin.VerifyTextPresentKeyword.execute(VerifyTextPresentKeyword.groovy:68)
	at com.kms.katalon.core.keyword.internal.KeywordExecutor.executeKeywordForPlatform(KeywordExecutor.groovy:53)
	at com.kms.katalon.core.webui.keyword.WebUiBuiltInKeywords.verifyTextPresent(WebUiBuiltInKeywords.groovy:1693)
	at com.kms.katalon.core.webui.keyword.WebUiBuiltInKeywords$verifyTextPresent$7.call(Unknown Source)
	at CALL- SHIPPING TO PAYMENT.run(CALL- SHIPPING TO PAYMENT:24)
	at com.kms.katalon.core.main.ScriptEngine.run(ScriptEngine.java:194)
	at com.kms.katalon.core.main.ScriptEngine.runScriptAsRawText(ScriptEngine.java:119)
	at com.kms.katalon.core.main.TestCaseExecutor.runScript(TestCaseExecutor.java:328)
	at com.kms.katalon.core.main.TestCaseExecutor.doExecute(TestCaseExecutor.java:319)
	at com.kms.katalon.core.main.TestCaseExecutor.processExecutionPhase(TestCaseExecutor.java:298)
	at com.kms.katalon.core.main.TestCaseExecutor.accessMainPhase(TestCaseExecutor.java:290)
	at com.kms.katalon.core.main.TestCaseExecutor.execute(TestCaseExecutor.java:224)
	at com.kms.katalon.core.main.TestCaseMain.runTestCase(TestCaseMain.java:106)
	at com.kms.katalon.core.keyword.builtin.CallTestCaseKeyword$_callTestCase_closure1.doCall(CallTestCaseKeyword.groovy:59)
	at com.kms.katalon.core.keyword.builtin.CallTestCaseKeyword$_callTestCase_closure1.call(CallTestCaseKeyword.groovy)
	at com.kms.katalon.core.keyword.internal.KeywordMain.runKeyword(KeywordMain.groovy:54)
	at com.kms.katalon.core.keyword.builtin.CallTestCaseKeyword.callTestCase(CallTestCaseKeyword.groovy:80)
	at com.kms.katalon.core.keyword.builtin.CallTestCaseKeyword.execute(CallTestCaseKeyword.groovy:44)
	at com.kms.katalon.core.keyword.internal.KeywordExecutor.executeKeywordForPlatform(KeywordExecutor.groovy:53)
	at com.kms.katalon.core.keyword.BuiltinKeywords.callTestCase(BuiltinKeywords.groovy:334)
	at Increase quantity - cart page.run(Increase quantity - cart page:139)
	at com.kms.katalon.core.main.ScriptEngine.run(ScriptEngine.java:194)
	at com.kms.katalon.core.main.ScriptEngine.runScriptAsRawText(ScriptEngine.java:119)
	at com.kms.katalon.core.main.TestCaseExecutor.runScript(TestCaseExecutor.java:328)
	at com.kms.katalon.core.main.TestCaseExecutor.doExecute(TestCaseExecutor.java:319)
	at com.kms.katalon.core.main.TestCaseExecutor.processExecutionPhase(TestCaseExecutor.java:298)
	at com.kms.katalon.core.main.TestCaseExecutor.accessMainPhase(TestCaseExecutor.java:290)
	at com.kms.katalon.core.main.TestCaseExecutor.execute(TestCaseExecutor.java:224)
	at com.kms.katalon.core.main.TestSuiteExecutor.accessTestCaseMainPhase(TestSuiteExecutor.java:129)
	at com.kms.katalon.core.main.TestSuiteExecutor.accessTestSuiteMainPhase(TestSuiteExecutor.java:112)
	at com.kms.katalon.core.main.TestSuiteExecutor.execute(TestSuiteExecutor.java:81)
	at com.kms.katalon.core.main.TestCaseMain.startTestSuite(TestCaseMain.java:149)
	at com.kms.katalon.core.main.TestCaseMain$startTestSuite$0.call(Unknown Source)
	at TempTestSuite1565707895630.run(TempTestSuite1565707895630.groovy:36)
"/>
         <system-out><![CDATA[2019-08-13 10:51:37 - [TEST_CASE][FAILED] - Test Cases/CRITICAL PATH - SPANISH/Increase quantity - cart page: Test Cases/CRITICAL PATH - SPANISH/Increase quantity - cart page FAILED.
Reason:
com.kms.katalon.core.exception.StepFailedException: Unable to verify text 'payment' is present  (Root cause: com.kms.katalon.core.exception.StepFailedException: Text 'payment' is not present on page )
	at com.kms.katalon.core.keyword.internal.KeywordMain.stepFailed(KeywordMain.groovy:36)
	at com.kms.katalon.core.webui.keyword.internal.WebUIKeywordMain.stepFailed(WebUIKeywordMain.groovy:65)
	at com.kms.katalon.core.webui.keyword.internal.WebUIKeywordMain.runKeyword(WebUIKeywordMain.groovy:27)
	at com.kms.katalon.core.webui.keyword.builtin.VerifyTextPresentKeyword.verifyTextPresent(VerifyTextPresentKeyword.groovy:83)
	at com.kms.katalon.core.webui.keyword.builtin.VerifyTextPresentKeyword.execute(VerifyTextPresentKeyword.groovy:68)
	at com.kms.katalon.core.keyword.internal.KeywordExecutor.executeKeywordForPlatform(KeywordExecutor.groovy:53)
	at com.kms.katalon.core.webui.keyword.WebUiBuiltInKeywords.verifyTextPresent(WebUiBuiltInKeywords.groovy:1693)
	at com.kms.katalon.core.webui.keyword.WebUiBuiltInKeywords$verifyTextPresent$7.call(Unknown Source)
	at CALL- SHIPPING TO PAYMENT.run(CALL- SHIPPING TO PAYMENT:24)
	at com.kms.katalon.core.main.ScriptEngine.run(ScriptEngine.java:194)
	at com.kms.katalon.core.main.ScriptEngine.runScriptAsRawText(ScriptEngine.java:119)
	at com.kms.katalon.core.main.TestCaseExecutor.runScript(TestCaseExecutor.java:328)
	at com.kms.katalon.core.main.TestCaseExecutor.doExecute(TestCaseExecutor.java:319)
	at com.kms.katalon.core.main.TestCaseExecutor.processExecutionPhase(TestCaseExecutor.java:298)
	at com.kms.katalon.core.main.TestCaseExecutor.accessMainPhase(TestCaseExecutor.java:290)
	at com.kms.katalon.core.main.TestCaseExecutor.execute(TestCaseExecutor.java:224)
	at com.kms.katalon.core.main.TestCaseMain.runTestCase(TestCaseMain.java:106)
	at com.kms.katalon.core.keyword.builtin.CallTestCaseKeyword$_callTestCase_closure1.doCall(CallTestCaseKeyword.groovy:59)
	at com.kms.katalon.core.keyword.builtin.CallTestCaseKeyword$_callTestCase_closure1.call(CallTestCaseKeyword.groovy)
	at com.kms.katalon.core.keyword.internal.KeywordMain.runKeyword(KeywordMain.groovy:54)
	at com.kms.katalon.core.keyword.builtin.CallTestCaseKeyword.callTestCase(CallTestCaseKeyword.groovy:80)
	at com.kms.katalon.core.keyword.builtin.CallTestCaseKeyword.execute(CallTestCaseKeyword.groovy:44)
	at com.kms.katalon.core.keyword.internal.KeywordExecutor.executeKeywordForPlatform(KeywordExecutor.groovy:53)
	at com.kms.katalon.core.keyword.BuiltinKeywords.callTestCase(BuiltinKeywords.groovy:334)
	at Increase quantity - cart page.run(Increase quantity - cart page:139)
	at com.kms.katalon.core.main.ScriptEngine.run(ScriptEngine.java:194)
	at com.kms.katalon.core.main.ScriptEngine.runScriptAsRawText(ScriptEngine.java:119)
	at com.kms.katalon.core.main.TestCaseExecutor.runScript(TestCaseExecutor.java:328)
	at com.kms.katalon.core.main.TestCaseExecutor.doExecute(TestCaseExecutor.java:319)
	at com.kms.katalon.core.main.TestCaseExecutor.processExecutionPhase(TestCaseExecutor.java:298)
	at com.kms.katalon.core.main.TestCaseExecutor.accessMainPhase(TestCaseExecutor.java:290)
	at com.kms.katalon.core.main.TestCaseExecutor.execute(TestCaseExecutor.java:224)
	at com.kms.katalon.core.main.TestSuiteExecutor.accessTestCaseMainPhase(TestSuiteExecutor.java:129)
	at com.kms.katalon.core.main.TestSuiteExecutor.accessTestSuiteMainPhase(TestSuiteExecutor.java:112)
	at com.kms.katalon.core.main.TestSuiteExecutor.execute(TestSuiteExecutor.java:81)
	at com.kms.katalon.core.main.TestCaseMain.startTestSuite(TestCaseMain.java:149)
	at com.kms.katalon.core.main.TestCaseMain$startTestSuite$0.call(Unknown Source)
	at TempTestSuite1565707895630.run(TempTestSuite1565707895630.groovy:36)


2019-08-13 10:51:37 - [TEST_STEP][PASSED] - callTestCase(findTestCase("CALL - LANGUAGE TOGGLER"), [:], STOP_ON_FAILURE): Call Test Case 'Test Cases/CALL - LANGUAGE TOGGLER' successfully

2019-08-13 10:51:38 - [TEST_CASE][PASSED] - Test Cases/CALL - LANGUAGE TOGGLER: Test Cases/CALL - LANGUAGE TOGGLER

2019-08-13 10:51:38 - [TEST_STEP][PASSED] - callTestCase(findTestCase("CALL-URL"), [:], STOP_ON_FAILURE): Call Test Case 'Test Cases/CALL-URL' successfully

2019-08-13 10:51:38 - [TEST_CASE][PASSED] - Test Cases/CALL-URL: Test Cases/CALL-URL

2019-08-13 10:51:38 - [TEST_STEP][PASSED] - openBrowser(""): Browser is opened with url: ''

2019-08-13 10:51:38 - [MESSAGE][INFO] - Starting 'Chrome' driver

2019-08-13 10:51:38 - [MESSAGE][INFO] - Action delay is set to 0 seconds

2019-08-13 10:51:40 - [MESSAGE][PASSED] - Browser is opened with url: ''

2019-08-13 10:51:40 - [TEST_STEP][PASSED] - navigateToUrl("https://charlotterusse.com/"): Navigate to 'https://charlotterusse.com/' successfully

2019-08-13 10:51:42 - [MESSAGE][PASSED] - Navigate to 'https://charlotterusse.com/' successfully

2019-08-13 10:51:42 - [TEST_STEP][PASSED] - click(findTestObject("CR-DESKTOP/Window pop up/language- english")): Object: 'Object Repository/CR-DESKTOP/Window pop up/language- english' is clicked on

2019-08-13 10:51:43 - [MESSAGE][PASSED] - Object: 'Object Repository/CR-DESKTOP/Window pop up/language- english' is clicked on

2019-08-13 10:51:43 - [TEST_STEP][PASSED] - click(findTestObject("CR-DESKTOP/Window pop up/Pop up - close")): Object: 'Object Repository/CR-DESKTOP/Window pop up/Pop up - close' is clicked on

2019-08-13 10:51:43 - [MESSAGE][PASSED] - Object: 'Object Repository/CR-DESKTOP/Window pop up/Pop up - close' is clicked on

2019-08-13 10:51:43 - [TEST_STEP][PASSED] - maximizeWindow(): Current window maximized

2019-08-13 10:51:43 - [MESSAGE][PASSED] - Current window maximized

2019-08-13 10:51:43 - [MESSAGE][PASSED] - Call Test Case 'Test Cases/CALL-URL' successfully

2019-08-13 10:51:43 - [TEST_STEP][PASSED] - delay(2): Delayed 2 second(s)

2019-08-13 10:51:45 - [MESSAGE][PASSED] - Delayed 2 second(s)

2019-08-13 10:51:45 - [TEST_STEP][PASSED] - click(findTestObject("CR-DESKTOP/Home page/Spanish")): Object: 'Object Repository/CR-DESKTOP/Home page/Spanish' is clicked on

2019-08-13 10:51:45 - [MESSAGE][PASSED] - Object: 'Object Repository/CR-DESKTOP/Home page/Spanish' is clicked on

2019-08-13 10:51:45 - [MESSAGE][PASSED] - Call Test Case 'Test Cases/CALL - LANGUAGE TOGGLER' successfully

2019-08-13 10:51:45 - [TEST_STEP][PASSED] - delay(2): Delayed 2 second(s)

2019-08-13 10:51:47 - [MESSAGE][PASSED] - Delayed 2 second(s)

2019-08-13 10:51:47 - [TEST_STEP][PASSED] - mouseOver(findTestObject("CR-DESKTOP - SPANISH/Mega menu/SHOES")): Object: 'Object Repository/CR-DESKTOP - SPANISH/Mega menu/SHOES' is hovered

2019-08-13 10:51:47 - [MESSAGE][PASSED] - Object: 'Object Repository/CR-DESKTOP - SPANISH/Mega menu/SHOES' is hovered

2019-08-13 10:51:47 - [TEST_STEP][PASSED] - delay(2): Delayed 2 second(s)

2019-08-13 10:51:49 - [MESSAGE][PASSED] - Delayed 2 second(s)

2019-08-13 10:51:49 - [TEST_STEP][PASSED] - click(findTestObject("CR-DESKTOP - SPANISH/Mega menu/shoes - tenis")): Object: 'Object Repository/CR-DESKTOP - SPANISH/Mega menu/shoes - tenis' is clicked on

2019-08-13 10:51:51 - [MESSAGE][PASSED] - Object: 'Object Repository/CR-DESKTOP - SPANISH/Mega menu/shoes - tenis' is clicked on

2019-08-13 10:51:51 - [TEST_STEP][PASSED] - delay(2): Delayed 2 second(s)

2019-08-13 10:51:53 - [MESSAGE][PASSED] - Delayed 2 second(s)

2019-08-13 10:51:53 - [TEST_STEP][PASSED] - click(findTestObject("CR-DESKTOP/Collection page/product 3")): Object: 'Object Repository/CR-DESKTOP/Collection page/product 3' is clicked on

2019-08-13 10:51:55 - [MESSAGE][PASSED] - Object: 'Object Repository/CR-DESKTOP/Collection page/product 3' is clicked on

2019-08-13 10:51:55 - [TEST_STEP][PASSED] - delay(2): Delayed 2 second(s)

2019-08-13 10:51:57 - [MESSAGE][PASSED] - Delayed 2 second(s)

2019-08-13 10:51:57 - [TEST_STEP][PASSED] - click(findTestObject("CR-DESKTOP - SPANISH/product page/verde neon")): Object: 'Object Repository/CR-DESKTOP - SPANISH/product page/verde neon' is clicked on

2019-08-13 10:51:57 - [MESSAGE][PASSED] - Object: 'Object Repository/CR-DESKTOP - SPANISH/product page/verde neon' is clicked on

2019-08-13 10:51:57 - [TEST_STEP][PASSED] - delay(2): Delayed 2 second(s)

2019-08-13 10:51:59 - [MESSAGE][PASSED] - Delayed 2 second(s)

2019-08-13 10:51:59 - [TEST_STEP][PASSED] - click(findTestObject("CR-DESKTOP/product page/Size -6")): Object: 'Object Repository/CR-DESKTOP/product page/Size -6' is clicked on

2019-08-13 10:51:59 - [MESSAGE][PASSED] - Object: 'Object Repository/CR-DESKTOP/product page/Size -6' is clicked on

2019-08-13 10:51:59 - [TEST_STEP][PASSED] - delay(2): Delayed 2 second(s)

2019-08-13 10:52:01 - [MESSAGE][PASSED] - Delayed 2 second(s)

2019-08-13 10:52:01 - [TEST_STEP][PASSED] - click(findTestObject("CR-DESKTOP - SPANISH/product page/Add to bag")): Object: 'Object Repository/CR-DESKTOP - SPANISH/product page/Add to bag' is clicked on

2019-08-13 10:52:01 - [MESSAGE][PASSED] - Object: 'Object Repository/CR-DESKTOP - SPANISH/product page/Add to bag' is clicked on

2019-08-13 10:52:01 - [TEST_STEP][PASSED] - delay(2): Delayed 2 second(s)

2019-08-13 10:52:03 - [MESSAGE][PASSED] - Delayed 2 second(s)

2019-08-13 10:52:03 - [TEST_STEP][PASSED] - click(findTestObject("CR-DESKTOP/Cart flyout/Checkout")): Object: 'Object Repository/CR-DESKTOP/Cart flyout/Checkout' is clicked on

2019-08-13 10:52:06 - [MESSAGE][PASSED] - Object: 'Object Repository/CR-DESKTOP/Cart flyout/Checkout' is clicked on

2019-08-13 10:52:06 - [TEST_STEP][PASSED] - delay(3): Delayed 3 second(s)

2019-08-13 10:52:09 - [MESSAGE][PASSED] - Delayed 3 second(s)

2019-08-13 10:52:09 - [TEST_STEP][PASSED] - click(findTestObject("CR-DESKTOP - SPANISH/Customer info page/cart page link")): Object: 'Object Repository/CR-DESKTOP - SPANISH/Customer info page/cart page link' is clicked on

2019-08-13 10:52:11 - [MESSAGE][PASSED] - Object: 'Object Repository/CR-DESKTOP - SPANISH/Customer info page/cart page link' is clicked on

2019-08-13 10:52:11 - [TEST_STEP][PASSED] - delay(2): Delayed 2 second(s)

2019-08-13 10:52:13 - [MESSAGE][PASSED] - Delayed 2 second(s)

2019-08-13 10:52:13 - [TEST_STEP][PASSED] - a = getText(findTestObject("CR-DESKTOP/Cart page/Get price - subtotal- cart page")): Text of object 'Object Repository/CR-DESKTOP/Cart page/Get price - subtotal- cart page' is: '$20.00'

2019-08-13 10:52:13 - [MESSAGE][PASSED] - Text of object 'Object Repository/CR-DESKTOP/Cart page/Get price - subtotal- cart page' is: '$20.00'

2019-08-13 10:52:13 - [TEST_STEP][PASSED] - delay(2): Delayed 2 second(s)

2019-08-13 10:52:15 - [MESSAGE][PASSED] - Delayed 2 second(s)

2019-08-13 10:52:15 - [TEST_STEP][PASSED] - comment("a=" + a): a=$20.00

2019-08-13 10:52:15 - [MESSAGE][INFO] - a=$20.00

2019-08-13 10:52:15 - [TEST_STEP][PASSED] - a1 = a.substring(1): null

2019-08-13 10:52:15 - [TEST_STEP][PASSED] - comment("a1=" + a1): a1=20.00

2019-08-13 10:52:15 - [MESSAGE][INFO] - a1=20.00

2019-08-13 10:52:15 - [TEST_STEP][PASSED] - delay(2): Delayed 2 second(s)

2019-08-13 10:52:17 - [MESSAGE][PASSED] - Delayed 2 second(s)

2019-08-13 10:52:17 - [TEST_STEP][PASSED] - setText(findTestObject("CR-DESKTOP - SPANISH/Cart page/input update qunatity"), "4"): Text '4' is set on object 'Object Repository/CR-DESKTOP - SPANISH/Cart page/input update qunatity'

2019-08-13 10:52:17 - [MESSAGE][PASSED] - Text '4' is set on object 'Object Repository/CR-DESKTOP - SPANISH/Cart page/input update qunatity'

2019-08-13 10:52:17 - [TEST_STEP][PASSED] - delay(2): Delayed 2 second(s)

2019-08-13 10:52:19 - [MESSAGE][PASSED] - Delayed 2 second(s)

2019-08-13 10:52:19 - [TEST_STEP][PASSED] - click(findTestObject("CR-DESKTOP/Cart page/td_Quantity")): Object: 'Object Repository/CR-DESKTOP/Cart page/td_Quantity' is clicked on

2019-08-13 10:52:19 - [MESSAGE][PASSED] - Object: 'Object Repository/CR-DESKTOP/Cart page/td_Quantity' is clicked on

2019-08-13 10:52:19 - [TEST_STEP][PASSED] - delay(2): Delayed 2 second(s)

2019-08-13 10:52:21 - [MESSAGE][PASSED] - Delayed 2 second(s)

2019-08-13 10:52:21 - [TEST_STEP][PASSED] - setText(findTestObject("CR-DESKTOP - SPANISH/Cart page/input update qunatity"), "6"): Text '6' is set on object 'Object Repository/CR-DESKTOP - SPANISH/Cart page/input update qunatity'

2019-08-13 10:52:21 - [MESSAGE][PASSED] - Text '6' is set on object 'Object Repository/CR-DESKTOP - SPANISH/Cart page/input update qunatity'

2019-08-13 10:52:21 - [TEST_STEP][PASSED] - delay(2): Delayed 2 second(s)

2019-08-13 10:52:23 - [MESSAGE][PASSED] - Delayed 2 second(s)

2019-08-13 10:52:23 - [TEST_STEP][PASSED] - click(findTestObject("CR-DESKTOP/Cart page/td_Quantity")): Object: 'Object Repository/CR-DESKTOP/Cart page/td_Quantity' is clicked on

2019-08-13 10:52:23 - [MESSAGE][PASSED] - Object: 'Object Repository/CR-DESKTOP/Cart page/td_Quantity' is clicked on

2019-08-13 10:52:23 - [TEST_STEP][PASSED] - delay(2): Delayed 2 second(s)

2019-08-13 10:52:25 - [MESSAGE][PASSED] - Delayed 2 second(s)

2019-08-13 10:52:25 - [TEST_STEP][PASSED] - click(findTestObject("CR-DESKTOP/Cart page/Update cart")): Object: 'Object Repository/CR-DESKTOP/Cart page/Update cart' is clicked on

2019-08-13 10:52:27 - [MESSAGE][PASSED] - Object: 'Object Repository/CR-DESKTOP/Cart page/Update cart' is clicked on

2019-08-13 10:52:27 - [TEST_STEP][PASSED] - delay(2): Delayed 2 second(s)

2019-08-13 10:52:29 - [MESSAGE][PASSED] - Delayed 2 second(s)

2019-08-13 10:52:29 - [TEST_STEP][PASSED] - b = getText(findTestObject("CR-DESKTOP - SPANISH/Cart page/Get price - subtotal- cart page")): Text of object 'Object Repository/CR-DESKTOP - SPANISH/Cart page/Get price - subtotal- cart page' is: '$219.95'

2019-08-13 10:52:29 - [MESSAGE][PASSED] - Text of object 'Object Repository/CR-DESKTOP - SPANISH/Cart page/Get price - subtotal- cart page' is: '$219.95'

2019-08-13 10:52:29 - [TEST_STEP][PASSED] - delay(2): Delayed 2 second(s)

2019-08-13 10:52:31 - [MESSAGE][PASSED] - Delayed 2 second(s)

2019-08-13 10:52:31 - [TEST_STEP][PASSED] - comment("b=" + b): b=$219.95

2019-08-13 10:52:31 - [MESSAGE][INFO] - b=$219.95

2019-08-13 10:52:31 - [TEST_STEP][PASSED] - b1 = b.substring(1): null

2019-08-13 10:52:31 - [TEST_STEP][PASSED] - comment("b1=" + b1): b1=219.95

2019-08-13 10:52:31 - [MESSAGE][INFO] - b1=219.95

2019-08-13 10:52:31 - [TEST_STEP][PASSED] - delay(2): Delayed 2 second(s)

2019-08-13 10:52:33 - [MESSAGE][PASSED] - Delayed 2 second(s)

2019-08-13 10:52:33 - [TEST_STEP][PASSED] - delay(2): Delayed 2 second(s)

2019-08-13 10:52:35 - [MESSAGE][PASSED] - Delayed 2 second(s)

2019-08-13 10:52:35 - [TEST_STEP][PASSED] - p1 = <not implemented yet for class: org.codehaus.groovy.ast.expr.EmptyExpression>: null

2019-08-13 10:52:35 - [TEST_STEP][PASSED] - p2 = <not implemented yet for class: org.codehaus.groovy.ast.expr.EmptyExpression>: null

2019-08-13 10:52:35 - [TEST_STEP][PASSED] - try: p1=20.0

2019-08-13 10:52:35 - [TEST_STEP][PASSED] - str = a1: null

2019-08-13 10:52:35 - [TEST_STEP][PASSED] - comment("str=" + str): str=20.00

2019-08-13 10:52:35 - [MESSAGE][INFO] - str=20.00

2019-08-13 10:52:35 - [TEST_STEP][PASSED] - p1 = Double.valueOf(str): null

2019-08-13 10:52:35 - [TEST_STEP][PASSED] - comment("p1=" + p1): p1=20.0

2019-08-13 10:52:35 - [MESSAGE][INFO] - p1=20.0

2019-08-13 10:52:35 - [TEST_STEP][PASSED] - try: p2=219.95

2019-08-13 10:52:35 - [TEST_STEP][PASSED] - str5 = b1: null

2019-08-13 10:52:35 - [TEST_STEP][PASSED] - comment("str5=" + str5): str5=219.95

2019-08-13 10:52:35 - [MESSAGE][INFO] - str5=219.95

2019-08-13 10:52:35 - [TEST_STEP][PASSED] - p2 = Double.valueOf(str5): null

2019-08-13 10:52:35 - [TEST_STEP][PASSED] - comment("p2=" + p2): p2=219.95

2019-08-13 10:52:35 - [MESSAGE][INFO] - p2=219.95

2019-08-13 10:52:35 - [TEST_STEP][PASSED] - flag = verifyNotEqual(p1, p2): Actual object '20' and expected object '219.95' are not equal

2019-08-13 10:52:35 - [MESSAGE][PASSED] - Actual object '20' and expected object '219.95' are not equal

2019-08-13 10:52:35 - [TEST_STEP][PASSED] - if (flag == true): Quantity selector working

2019-08-13 10:52:35 - [TEST_STEP][PASSED] - comment("Quantity selector working"): Quantity selector working

2019-08-13 10:52:35 - [MESSAGE][INFO] - Quantity selector working

2019-08-13 10:52:35 - [TEST_STEP][PASSED] - click(findTestObject("CR-DESKTOP/Cart page/Check out - cart page")): Object: 'Object Repository/CR-DESKTOP/Cart page/Check out - cart page' is clicked on

2019-08-13 10:52:38 - [MESSAGE][PASSED] - Object: 'Object Repository/CR-DESKTOP/Cart page/Check out - cart page' is clicked on

2019-08-13 10:52:38 - [TEST_STEP][PASSED] - callTestCase(findTestCase("CALL - CUTOMER INFO PAGE"), [:], STOP_ON_FAILURE): Call Test Case 'Test Cases/CALL - CUTOMER INFO PAGE' successfully

2019-08-13 10:52:38 - [TEST_CASE][PASSED] - Test Cases/CALL - CUTOMER INFO PAGE: Test Cases/CALL - CUTOMER INFO PAGE

2019-08-13 10:52:38 - [TEST_STEP][PASSED] - setText(findTestObject("CR-DESKTOP/Customer info page/Email"), "suman@gmail.com"): Text 'suman@gmail.com' is set on object 'Object Repository/CR-DESKTOP/Customer info page/Email'

2019-08-13 10:52:39 - [MESSAGE][PASSED] - Text 'suman@gmail.com' is set on object 'Object Repository/CR-DESKTOP/Customer info page/Email'

2019-08-13 10:52:39 - [TEST_STEP][PASSED] - delay(1): Delayed 1 second(s)

2019-08-13 10:52:40 - [MESSAGE][PASSED] - Delayed 1 second(s)

2019-08-13 10:52:40 - [TEST_STEP][PASSED] - setText(findTestObject("CR-DESKTOP/Customer info page/First name"), "suman"): Text 'suman' is set on object 'Object Repository/CR-DESKTOP/Customer info page/First name'

2019-08-13 10:52:40 - [MESSAGE][PASSED] - Text 'suman' is set on object 'Object Repository/CR-DESKTOP/Customer info page/First name'

2019-08-13 10:52:40 - [TEST_STEP][PASSED] - delay(1): Delayed 1 second(s)

2019-08-13 10:52:41 - [MESSAGE][PASSED] - Delayed 1 second(s)

2019-08-13 10:52:41 - [TEST_STEP][PASSED] - setText(findTestObject("CR-DESKTOP/Customer info page/Last name"), "kompelly"): Text 'kompelly' is set on object 'Object Repository/CR-DESKTOP/Customer info page/Last name'

2019-08-13 10:52:41 - [MESSAGE][PASSED] - Text 'kompelly' is set on object 'Object Repository/CR-DESKTOP/Customer info page/Last name'

2019-08-13 10:52:41 - [TEST_STEP][PASSED] - delay(1): Delayed 1 second(s)

2019-08-13 10:52:42 - [MESSAGE][PASSED] - Delayed 1 second(s)

2019-08-13 10:52:42 - [TEST_STEP][PASSED] - setText(findTestObject("CR-DESKTOP/Customer info page/Address"), "123 saint alxendre"): Text '123 saint alxendre' is set on object 'Object Repository/CR-DESKTOP/Customer info page/Address'

2019-08-13 10:52:42 - [MESSAGE][PASSED] - Text '123 saint alxendre' is set on object 'Object Repository/CR-DESKTOP/Customer info page/Address'

2019-08-13 10:52:42 - [TEST_STEP][PASSED] - delay(1): Delayed 1 second(s)

2019-08-13 10:52:43 - [MESSAGE][PASSED] - Delayed 1 second(s)

2019-08-13 10:52:43 - [TEST_STEP][PASSED] - setText(findTestObject("CR-DESKTOP/Customer info page/apt suite"), "199"): Text '199' is set on object 'Object Repository/CR-DESKTOP/Customer info page/apt suite'

2019-08-13 10:52:43 - [MESSAGE][PASSED] - Text '199' is set on object 'Object Repository/CR-DESKTOP/Customer info page/apt suite'

2019-08-13 10:52:43 - [TEST_STEP][PASSED] - delay(1): Delayed 1 second(s)

2019-08-13 10:52:44 - [MESSAGE][PASSED] - Delayed 1 second(s)

2019-08-13 10:52:44 - [TEST_STEP][PASSED] - setText(findTestObject("CR-DESKTOP/Customer info page/City"), "montreal"): Text 'montreal' is set on object 'Object Repository/CR-DESKTOP/Customer info page/City'

2019-08-13 10:52:44 - [MESSAGE][PASSED] - Text 'montreal' is set on object 'Object Repository/CR-DESKTOP/Customer info page/City'

2019-08-13 10:52:44 - [TEST_STEP][PASSED] - delay(1): Delayed 1 second(s)

2019-08-13 10:52:45 - [MESSAGE][PASSED] - Delayed 1 second(s)

2019-08-13 10:52:45 - [TEST_STEP][PASSED] - selectOptionByValue(findTestObject("CR-DESKTOP/Customer info page/state dropdown"), "NJ", true): All options with value 'NJ' are selected in object 'Object Repository/CR-DESKTOP/Customer info page/state dropdown'  using regular expression

2019-08-13 10:52:46 - [MESSAGE][PASSED] - All options with value 'NJ' are selected in object 'Object Repository/CR-DESKTOP/Customer info page/state dropdown'  using regular expression

2019-08-13 10:52:46 - [TEST_STEP][PASSED] - delay(1): Delayed 1 second(s)

2019-08-13 10:52:47 - [MESSAGE][PASSED] - Delayed 1 second(s)

2019-08-13 10:52:47 - [TEST_STEP][PASSED] - setText(findTestObject("CR-DESKTOP/Customer info page/Zip code"), "07057"): Text '07057' is set on object 'Object Repository/CR-DESKTOP/Customer info page/Zip code'

2019-08-13 10:52:47 - [MESSAGE][PASSED] - Text '07057' is set on object 'Object Repository/CR-DESKTOP/Customer info page/Zip code'

2019-08-13 10:52:47 - [MESSAGE][PASSED] - Call Test Case 'Test Cases/CALL - CUTOMER INFO PAGE' successfully

2019-08-13 10:52:47 - [TEST_STEP][FAILED] - callTestCase(findTestCase("CALL- SHIPPING TO PAYMENT"), [:], STOP_ON_FAILURE): callTestCase(findTestCase("CALL- SHIPPING TO PAYMENT"), [:], STOP_ON_FAILURE) FAILED.
Reason:
com.kms.katalon.core.exception.StepFailedException: Unable to verify text 'payment' is present  (Root cause: com.kms.katalon.core.exception.StepFailedException: Text 'payment' is not present on page )
	at com.kms.katalon.core.keyword.internal.KeywordMain.stepFailed(KeywordMain.groovy:36)
	at com.kms.katalon.core.webui.keyword.internal.WebUIKeywordMain.stepFailed(WebUIKeywordMain.groovy:65)
	at com.kms.katalon.core.webui.keyword.internal.WebUIKeywordMain.runKeyword(WebUIKeywordMain.groovy:27)
	at com.kms.katalon.core.webui.keyword.builtin.VerifyTextPresentKeyword.verifyTextPresent(VerifyTextPresentKeyword.groovy:83)
	at com.kms.katalon.core.webui.keyword.builtin.VerifyTextPresentKeyword.execute(VerifyTextPresentKeyword.groovy:68)
	at com.kms.katalon.core.keyword.internal.KeywordExecutor.executeKeywordForPlatform(KeywordExecutor.groovy:53)
	at com.kms.katalon.core.webui.keyword.WebUiBuiltInKeywords.verifyTextPresent(WebUiBuiltInKeywords.groovy:1693)
	at com.kms.katalon.core.webui.keyword.WebUiBuiltInKeywords$verifyTextPresent$7.call(Unknown Source)
	at CALL- SHIPPING TO PAYMENT.run(CALL- SHIPPING TO PAYMENT:24)
	at com.kms.katalon.core.main.ScriptEngine.run(ScriptEngine.java:194)
	at com.kms.katalon.core.main.ScriptEngine.runScriptAsRawText(ScriptEngine.java:119)
	at com.kms.katalon.core.main.TestCaseExecutor.runScript(TestCaseExecutor.java:328)
	at com.kms.katalon.core.main.TestCaseExecutor.doExecute(TestCaseExecutor.java:319)
	at com.kms.katalon.core.main.TestCaseExecutor.processExecutionPhase(TestCaseExecutor.java:298)
	at com.kms.katalon.core.main.TestCaseExecutor.accessMainPhase(TestCaseExecutor.java:290)
	at com.kms.katalon.core.main.TestCaseExecutor.execute(TestCaseExecutor.java:224)
	at com.kms.katalon.core.main.TestCaseMain.runTestCase(TestCaseMain.java:106)
	at com.kms.katalon.core.keyword.builtin.CallTestCaseKeyword$_callTestCase_closure1.doCall(CallTestCaseKeyword.groovy:59)
	at com.kms.katalon.core.keyword.builtin.CallTestCaseKeyword$_callTestCase_closure1.call(CallTestCaseKeyword.groovy)
	at com.kms.katalon.core.keyword.internal.KeywordMain.runKeyword(KeywordMain.groovy:54)
	at com.kms.katalon.core.keyword.builtin.CallTestCaseKeyword.callTestCase(CallTestCaseKeyword.groovy:80)
	at com.kms.katalon.core.keyword.builtin.CallTestCaseKeyword.execute(CallTestCaseKeyword.groovy:44)
	at com.kms.katalon.core.keyword.internal.KeywordExecutor.executeKeywordForPlatform(KeywordExecutor.groovy:53)
	at com.kms.katalon.core.keyword.BuiltinKeywords.callTestCase(BuiltinKeywords.groovy:334)
	at Increase quantity - cart page.run(Increase quantity - cart page:139)
	at com.kms.katalon.core.main.ScriptEngine.run(ScriptEngine.java:194)
	at com.kms.katalon.core.main.ScriptEngine.runScriptAsRawText(ScriptEngine.java:119)
	at com.kms.katalon.core.main.TestCaseExecutor.runScript(TestCaseExecutor.java:328)
	at com.kms.katalon.core.main.TestCaseExecutor.doExecute(TestCaseExecutor.java:319)
	at com.kms.katalon.core.main.TestCaseExecutor.processExecutionPhase(TestCaseExecutor.java:298)
	at com.kms.katalon.core.main.TestCaseExecutor.accessMainPhase(TestCaseExecutor.java:290)
	at com.kms.katalon.core.main.TestCaseExecutor.execute(TestCaseExecutor.java:224)
	at com.kms.katalon.core.main.TestSuiteExecutor.accessTestCaseMainPhase(TestSuiteExecutor.java:129)
	at com.kms.katalon.core.main.TestSuiteExecutor.accessTestSuiteMainPhase(TestSuiteExecutor.java:112)
	at com.kms.katalon.core.main.TestSuiteExecutor.execute(TestSuiteExecutor.java:81)
	at com.kms.katalon.core.main.TestCaseMain.startTestSuite(TestCaseMain.java:149)
	at com.kms.katalon.core.main.TestCaseMain$startTestSuite$0.call(Unknown Source)
	at TempTestSuite1565707895630.run(TempTestSuite1565707895630.groovy:36)


2019-08-13 10:52:47 - [TEST_CASE][FAILED] - Test Cases/CALL- SHIPPING TO PAYMENT: Test Cases/CALL- SHIPPING TO PAYMENT FAILED.
Reason:
com.kms.katalon.core.exception.StepFailedException: Unable to verify text 'payment' is present  (Root cause: com.kms.katalon.core.exception.StepFailedException: Text 'payment' is not present on page )
	at com.kms.katalon.core.keyword.internal.KeywordMain.stepFailed(KeywordMain.groovy:36)
	at com.kms.katalon.core.webui.keyword.internal.WebUIKeywordMain.stepFailed(WebUIKeywordMain.groovy:65)
	at com.kms.katalon.core.webui.keyword.internal.WebUIKeywordMain.runKeyword(WebUIKeywordMain.groovy:27)
	at com.kms.katalon.core.webui.keyword.builtin.VerifyTextPresentKeyword.verifyTextPresent(VerifyTextPresentKeyword.groovy:83)
	at com.kms.katalon.core.webui.keyword.builtin.VerifyTextPresentKeyword.execute(VerifyTextPresentKeyword.groovy:68)
	at com.kms.katalon.core.keyword.internal.KeywordExecutor.executeKeywordForPlatform(KeywordExecutor.groovy:53)
	at com.kms.katalon.core.webui.keyword.WebUiBuiltInKeywords.verifyTextPresent(WebUiBuiltInKeywords.groovy:1693)
	at com.kms.katalon.core.webui.keyword.WebUiBuiltInKeywords$verifyTextPresent$7.call(Unknown Source)
	at CALL- SHIPPING TO PAYMENT.run(CALL- SHIPPING TO PAYMENT:24)
	at com.kms.katalon.core.main.ScriptEngine.run(ScriptEngine.java:194)
	at com.kms.katalon.core.main.ScriptEngine.runScriptAsRawText(ScriptEngine.java:119)
	at com.kms.katalon.core.main.TestCaseExecutor.runScript(TestCaseExecutor.java:328)
	at com.kms.katalon.core.main.TestCaseExecutor.doExecute(TestCaseExecutor.java:319)
	at com.kms.katalon.core.main.TestCaseExecutor.processExecutionPhase(TestCaseExecutor.java:298)
	at com.kms.katalon.core.main.TestCaseExecutor.accessMainPhase(TestCaseExecutor.java:290)
	at com.kms.katalon.core.main.TestCaseExecutor.execute(TestCaseExecutor.java:224)
	at com.kms.katalon.core.main.TestCaseMain.runTestCase(TestCaseMain.java:106)
	at com.kms.katalon.core.keyword.builtin.CallTestCaseKeyword$_callTestCase_closure1.doCall(CallTestCaseKeyword.groovy:59)
	at com.kms.katalon.core.keyword.builtin.CallTestCaseKeyword$_callTestCase_closure1.call(CallTestCaseKeyword.groovy)
	at com.kms.katalon.core.keyword.internal.KeywordMain.runKeyword(KeywordMain.groovy:54)
	at com.kms.katalon.core.keyword.builtin.CallTestCaseKeyword.callTestCase(CallTestCaseKeyword.groovy:80)
	at com.kms.katalon.core.keyword.builtin.CallTestCaseKeyword.execute(CallTestCaseKeyword.groovy:44)
	at com.kms.katalon.core.keyword.internal.KeywordExecutor.executeKeywordForPlatform(KeywordExecutor.groovy:53)
	at com.kms.katalon.core.keyword.BuiltinKeywords.callTestCase(BuiltinKeywords.groovy:334)
	at Increase quantity - cart page.run(Increase quantity - cart page:139)
	at com.kms.katalon.core.main.ScriptEngine.run(ScriptEngine.java:194)
	at com.kms.katalon.core.main.ScriptEngine.runScriptAsRawText(ScriptEngine.java:119)
	at com.kms.katalon.core.main.TestCaseExecutor.runScript(TestCaseExecutor.java:328)
	at com.kms.katalon.core.main.TestCaseExecutor.doExecute(TestCaseExecutor.java:319)
	at com.kms.katalon.core.main.TestCaseExecutor.processExecutionPhase(TestCaseExecutor.java:298)
	at com.kms.katalon.core.main.TestCaseExecutor.accessMainPhase(TestCaseExecutor.java:290)
	at com.kms.katalon.core.main.TestCaseExecutor.execute(TestCaseExecutor.java:224)
	at com.kms.katalon.core.main.TestSuiteExecutor.accessTestCaseMainPhase(TestSuiteExecutor.java:129)
	at com.kms.katalon.core.main.TestSuiteExecutor.accessTestSuiteMainPhase(TestSuiteExecutor.java:112)
	at com.kms.katalon.core.main.TestSuiteExecutor.execute(TestSuiteExecutor.java:81)
	at com.kms.katalon.core.main.TestCaseMain.startTestSuite(TestCaseMain.java:149)
	at com.kms.katalon.core.main.TestCaseMain$startTestSuite$0.call(Unknown Source)
	at TempTestSuite1565707895630.run(TempTestSuite1565707895630.groovy:36)


2019-08-13 10:52:48 - [TEST_STEP][PASSED] - click(findTestObject("CR-DESKTOP/Customer info page/Continue to shipping")): Object: 'Object Repository/CR-DESKTOP/Customer info page/Continue to shipping' is clicked on

2019-08-13 10:52:48 - [MESSAGE][PASSED] - Object: 'Object Repository/CR-DESKTOP/Customer info page/Continue to shipping' is clicked on

2019-08-13 10:52:48 - [TEST_STEP][PASSED] - delay(2): Delayed 2 second(s)

2019-08-13 10:52:50 - [MESSAGE][PASSED] - Delayed 2 second(s)

2019-08-13 10:52:50 - [TEST_STEP][PASSED] - click(findTestObject("CR-DESKTOP/Payment page/Continue to payment")): Object: 'Object Repository/CR-DESKTOP/Payment page/Continue to payment' is clicked on

2019-08-13 10:52:54 - [MESSAGE][PASSED] - Object: 'Object Repository/CR-DESKTOP/Payment page/Continue to payment' is clicked on

2019-08-13 10:52:54 - [TEST_STEP][PASSED] - delay(2): Delayed 2 second(s)

2019-08-13 10:52:56 - [MESSAGE][PASSED] - Delayed 2 second(s)

2019-08-13 10:52:56 - [TEST_STEP][FAILED] - verifyTextPresent("payment", false): verifyTextPresent("payment", false) FAILED.
Reason:
com.kms.katalon.core.exception.StepFailedException: Unable to verify text 'payment' is present  (Root cause: com.kms.katalon.core.exception.StepFailedException: Text 'payment' is not present on page )
	at com.kms.katalon.core.keyword.internal.KeywordMain.stepFailed(KeywordMain.groovy:36)
	at com.kms.katalon.core.webui.keyword.internal.WebUIKeywordMain.stepFailed(WebUIKeywordMain.groovy:65)
	at com.kms.katalon.core.webui.keyword.internal.WebUIKeywordMain.runKeyword(WebUIKeywordMain.groovy:27)
	at com.kms.katalon.core.webui.keyword.builtin.VerifyTextPresentKeyword.verifyTextPresent(VerifyTextPresentKeyword.groovy:83)
	at com.kms.katalon.core.webui.keyword.builtin.VerifyTextPresentKeyword.execute(VerifyTextPresentKeyword.groovy:68)
	at com.kms.katalon.core.keyword.internal.KeywordExecutor.executeKeywordForPlatform(KeywordExecutor.groovy:53)
	at com.kms.katalon.core.webui.keyword.WebUiBuiltInKeywords.verifyTextPresent(WebUiBuiltInKeywords.groovy:1693)
	at com.kms.katalon.core.webui.keyword.WebUiBuiltInKeywords$verifyTextPresent$7.call(Unknown Source)
	at CALL- SHIPPING TO PAYMENT.run(CALL- SHIPPING TO PAYMENT:24)
	at com.kms.katalon.core.main.ScriptEngine.run(ScriptEngine.java:194)
	at com.kms.katalon.core.main.ScriptEngine.runScriptAsRawText(ScriptEngine.java:119)
	at com.kms.katalon.core.main.TestCaseExecutor.runScript(TestCaseExecutor.java:328)
	at com.kms.katalon.core.main.TestCaseExecutor.doExecute(TestCaseExecutor.java:319)
	at com.kms.katalon.core.main.TestCaseExecutor.processExecutionPhase(TestCaseExecutor.java:298)
	at com.kms.katalon.core.main.TestCaseExecutor.accessMainPhase(TestCaseExecutor.java:290)
	at com.kms.katalon.core.main.TestCaseExecutor.execute(TestCaseExecutor.java:224)
	at com.kms.katalon.core.main.TestCaseMain.runTestCase(TestCaseMain.java:106)
	at com.kms.katalon.core.keyword.builtin.CallTestCaseKeyword$_callTestCase_closure1.doCall(CallTestCaseKeyword.groovy:59)
	at com.kms.katalon.core.keyword.builtin.CallTestCaseKeyword$_callTestCase_closure1.call(CallTestCaseKeyword.groovy)
	at com.kms.katalon.core.keyword.internal.KeywordMain.runKeyword(KeywordMain.groovy:54)
	at com.kms.katalon.core.keyword.builtin.CallTestCaseKeyword.callTestCase(CallTestCaseKeyword.groovy:80)
	at com.kms.katalon.core.keyword.builtin.CallTestCaseKeyword.execute(CallTestCaseKeyword.groovy:44)
	at com.kms.katalon.core.keyword.internal.KeywordExecutor.executeKeywordForPlatform(KeywordExecutor.groovy:53)
	at com.kms.katalon.core.keyword.BuiltinKeywords.callTestCase(BuiltinKeywords.groovy:334)
	at Increase quantity - cart page.run(Increase quantity - cart page:139)
	at com.kms.katalon.core.main.ScriptEngine.run(ScriptEngine.java:194)
	at com.kms.katalon.core.main.ScriptEngine.runScriptAsRawText(ScriptEngine.java:119)
	at com.kms.katalon.core.main.TestCaseExecutor.runScript(TestCaseExecutor.java:328)
	at com.kms.katalon.core.main.TestCaseExecutor.doExecute(TestCaseExecutor.java:319)
	at com.kms.katalon.core.main.TestCaseExecutor.processExecutionPhase(TestCaseExecutor.java:298)
	at com.kms.katalon.core.main.TestCaseExecutor.accessMainPhase(TestCaseExecutor.java:290)
	at com.kms.katalon.core.main.TestCaseExecutor.execute(TestCaseExecutor.java:224)
	at com.kms.katalon.core.main.TestSuiteExecutor.accessTestCaseMainPhase(TestSuiteExecutor.java:129)
	at com.kms.katalon.core.main.TestSuiteExecutor.accessTestSuiteMainPhase(TestSuiteExecutor.java:112)
	at com.kms.katalon.core.main.TestSuiteExecutor.execute(TestSuiteExecutor.java:81)
	at com.kms.katalon.core.main.TestCaseMain.startTestSuite(TestCaseMain.java:149)
	at com.kms.katalon.core.main.TestCaseMain$startTestSuite$0.call(Unknown Source)
	at TempTestSuite1565707895630.run(TempTestSuite1565707895630.groovy:36)


2019-08-13 10:52:56 - [MESSAGE][FAILED] - Text 'payment' is not present on page 

2019-08-13 10:52:57 - [MESSAGE][FAILED] - Unable to verify text 'payment' is present  (Root cause: com.kms.katalon.core.exception.StepFailedException: Text 'payment' is not present on page )
[[ATTACHMENT|/Users/sumankompelly/git/CR-Desktop/Reports/suite-chrome/20190813_105135/1565707976644.png]]

2019-08-13 10:52:57 - [MESSAGE][FAILED] - verifyTextPresent("payment", false) FAILED.
Reason:
com.kms.katalon.core.exception.StepFailedException: Unable to verify text 'payment' is present  (Root cause: com.kms.katalon.core.exception.StepFailedException: Text 'payment' is not present on page )
	at com.kms.katalon.core.keyword.internal.KeywordMain.stepFailed(KeywordMain.groovy:36)
	at com.kms.katalon.core.webui.keyword.internal.WebUIKeywordMain.stepFailed(WebUIKeywordMain.groovy:65)
	at com.kms.katalon.core.webui.keyword.internal.WebUIKeywordMain.runKeyword(WebUIKeywordMain.groovy:27)
	at com.kms.katalon.core.webui.keyword.builtin.VerifyTextPresentKeyword.verifyTextPresent(VerifyTextPresentKeyword.groovy:83)
	at com.kms.katalon.core.webui.keyword.builtin.VerifyTextPresentKeyword.execute(VerifyTextPresentKeyword.groovy:68)
	at com.kms.katalon.core.keyword.internal.KeywordExecutor.executeKeywordForPlatform(KeywordExecutor.groovy:53)
	at com.kms.katalon.core.webui.keyword.WebUiBuiltInKeywords.verifyTextPresent(WebUiBuiltInKeywords.groovy:1693)
	at com.kms.katalon.core.webui.keyword.WebUiBuiltInKeywords$verifyTextPresent$7.call(Unknown Source)
	at CALL- SHIPPING TO PAYMENT.run(CALL- SHIPPING TO PAYMENT:24)
	at com.kms.katalon.core.main.ScriptEngine.run(ScriptEngine.java:194)
	at com.kms.katalon.core.main.ScriptEngine.runScriptAsRawText(ScriptEngine.java:119)
	at com.kms.katalon.core.main.TestCaseExecutor.runScript(TestCaseExecutor.java:328)
	at com.kms.katalon.core.main.TestCaseExecutor.doExecute(TestCaseExecutor.java:319)
	at com.kms.katalon.core.main.TestCaseExecutor.processExecutionPhase(TestCaseExecutor.java:298)
	at com.kms.katalon.core.main.TestCaseExecutor.accessMainPhase(TestCaseExecutor.java:290)
	at com.kms.katalon.core.main.TestCaseExecutor.execute(TestCaseExecutor.java:224)
	at com.kms.katalon.core.main.TestCaseMain.runTestCase(TestCaseMain.java:106)
	at com.kms.katalon.core.keyword.builtin.CallTestCaseKeyword$_callTestCase_closure1.doCall(CallTestCaseKeyword.groovy:59)
	at com.kms.katalon.core.keyword.builtin.CallTestCaseKeyword$_callTestCase_closure1.call(CallTestCaseKeyword.groovy)
	at com.kms.katalon.core.keyword.internal.KeywordMain.runKeyword(KeywordMain.groovy:54)
	at com.kms.katalon.core.keyword.builtin.CallTestCaseKeyword.callTestCase(CallTestCaseKeyword.groovy:80)
	at com.kms.katalon.core.keyword.builtin.CallTestCaseKeyword.execute(CallTestCaseKeyword.groovy:44)
	at com.kms.katalon.core.keyword.internal.KeywordExecutor.executeKeywordForPlatform(KeywordExecutor.groovy:53)
	at com.kms.katalon.core.keyword.BuiltinKeywords.callTestCase(BuiltinKeywords.groovy:334)
	at Increase quantity - cart page.run(Increase quantity - cart page:139)
	at com.kms.katalon.core.main.ScriptEngine.run(ScriptEngine.java:194)
	at com.kms.katalon.core.main.ScriptEngine.runScriptAsRawText(ScriptEngine.java:119)
	at com.kms.katalon.core.main.TestCaseExecutor.runScript(TestCaseExecutor.java:328)
	at com.kms.katalon.core.main.TestCaseExecutor.doExecute(TestCaseExecutor.java:319)
	at com.kms.katalon.core.main.TestCaseExecutor.processExecutionPhase(TestCaseExecutor.java:298)
	at com.kms.katalon.core.main.TestCaseExecutor.accessMainPhase(TestCaseExecutor.java:290)
	at com.kms.katalon.core.main.TestCaseExecutor.execute(TestCaseExecutor.java:224)
	at com.kms.katalon.core.main.TestSuiteExecutor.accessTestCaseMainPhase(TestSuiteExecutor.java:129)
	at com.kms.katalon.core.main.TestSuiteExecutor.accessTestSuiteMainPhase(TestSuiteExecutor.java:112)
	at com.kms.katalon.core.main.TestSuiteExecutor.execute(TestSuiteExecutor.java:81)
	at com.kms.katalon.core.main.TestCaseMain.startTestSuite(TestCaseMain.java:149)
	at com.kms.katalon.core.main.TestCaseMain$startTestSuite$0.call(Unknown Source)
	at TempTestSuite1565707895630.run(TempTestSuite1565707895630.groovy:36)


2019-08-13 10:52:57 - [MESSAGE][FAILED] - Unable to call Test Case 'Test Cases/CALL- SHIPPING TO PAYMENT' (Root cause: com.kms.katalon.core.exception.StepFailedException: Call Test Case 'Test Cases/CALL- SHIPPING TO PAYMENT' failed)

2019-08-13 10:52:57 - [MESSAGE][FAILED] - callTestCase(findTestCase("CALL- SHIPPING TO PAYMENT"), [:], STOP_ON_FAILURE) FAILED.
Reason:
com.kms.katalon.core.exception.StepFailedException: Unable to verify text 'payment' is present  (Root cause: com.kms.katalon.core.exception.StepFailedException: Text 'payment' is not present on page )
	at com.kms.katalon.core.keyword.internal.KeywordMain.stepFailed(KeywordMain.groovy:36)
	at com.kms.katalon.core.webui.keyword.internal.WebUIKeywordMain.stepFailed(WebUIKeywordMain.groovy:65)
	at com.kms.katalon.core.webui.keyword.internal.WebUIKeywordMain.runKeyword(WebUIKeywordMain.groovy:27)
	at com.kms.katalon.core.webui.keyword.builtin.VerifyTextPresentKeyword.verifyTextPresent(VerifyTextPresentKeyword.groovy:83)
	at com.kms.katalon.core.webui.keyword.builtin.VerifyTextPresentKeyword.execute(VerifyTextPresentKeyword.groovy:68)
	at com.kms.katalon.core.keyword.internal.KeywordExecutor.executeKeywordForPlatform(KeywordExecutor.groovy:53)
	at com.kms.katalon.core.webui.keyword.WebUiBuiltInKeywords.verifyTextPresent(WebUiBuiltInKeywords.groovy:1693)
	at com.kms.katalon.core.webui.keyword.WebUiBuiltInKeywords$verifyTextPresent$7.call(Unknown Source)
	at CALL- SHIPPING TO PAYMENT.run(CALL- SHIPPING TO PAYMENT:24)
	at com.kms.katalon.core.main.ScriptEngine.run(ScriptEngine.java:194)
	at com.kms.katalon.core.main.ScriptEngine.runScriptAsRawText(ScriptEngine.java:119)
	at com.kms.katalon.core.main.TestCaseExecutor.runScript(TestCaseExecutor.java:328)
	at com.kms.katalon.core.main.TestCaseExecutor.doExecute(TestCaseExecutor.java:319)
	at com.kms.katalon.core.main.TestCaseExecutor.processExecutionPhase(TestCaseExecutor.java:298)
	at com.kms.katalon.core.main.TestCaseExecutor.accessMainPhase(TestCaseExecutor.java:290)
	at com.kms.katalon.core.main.TestCaseExecutor.execute(TestCaseExecutor.java:224)
	at com.kms.katalon.core.main.TestCaseMain.runTestCase(TestCaseMain.java:106)
	at com.kms.katalon.core.keyword.builtin.CallTestCaseKeyword$_callTestCase_closure1.doCall(CallTestCaseKeyword.groovy:59)
	at com.kms.katalon.core.keyword.builtin.CallTestCaseKeyword$_callTestCase_closure1.call(CallTestCaseKeyword.groovy)
	at com.kms.katalon.core.keyword.internal.KeywordMain.runKeyword(KeywordMain.groovy:54)
	at com.kms.katalon.core.keyword.builtin.CallTestCaseKeyword.callTestCase(CallTestCaseKeyword.groovy:80)
	at com.kms.katalon.core.keyword.builtin.CallTestCaseKeyword.execute(CallTestCaseKeyword.groovy:44)
	at com.kms.katalon.core.keyword.internal.KeywordExecutor.executeKeywordForPlatform(KeywordExecutor.groovy:53)
	at com.kms.katalon.core.keyword.BuiltinKeywords.callTestCase(BuiltinKeywords.groovy:334)
	at Increase quantity - cart page.run(Increase quantity - cart page:139)
	at com.kms.katalon.core.main.ScriptEngine.run(ScriptEngine.java:194)
	at com.kms.katalon.core.main.ScriptEngine.runScriptAsRawText(ScriptEngine.java:119)
	at com.kms.katalon.core.main.TestCaseExecutor.runScript(TestCaseExecutor.java:328)
	at com.kms.katalon.core.main.TestCaseExecutor.doExecute(TestCaseExecutor.java:319)
	at com.kms.katalon.core.main.TestCaseExecutor.processExecutionPhase(TestCaseExecutor.java:298)
	at com.kms.katalon.core.main.TestCaseExecutor.accessMainPhase(TestCaseExecutor.java:290)
	at com.kms.katalon.core.main.TestCaseExecutor.execute(TestCaseExecutor.java:224)
	at com.kms.katalon.core.main.TestSuiteExecutor.accessTestCaseMainPhase(TestSuiteExecutor.java:129)
	at com.kms.katalon.core.main.TestSuiteExecutor.accessTestSuiteMainPhase(TestSuiteExecutor.java:112)
	at com.kms.katalon.core.main.TestSuiteExecutor.execute(TestSuiteExecutor.java:81)
	at com.kms.katalon.core.main.TestCaseMain.startTestSuite(TestCaseMain.java:149)
	at com.kms.katalon.core.main.TestCaseMain$startTestSuite$0.call(Unknown Source)
	at TempTestSuite1565707895630.run(TempTestSuite1565707895630.groovy:36)]]></system-out>
         <system-err><![CDATA[2019-08-13 10:51:37 - [TEST_CASE][FAILED] - Test Cases/CRITICAL PATH - SPANISH/Increase quantity - cart page: Test Cases/CRITICAL PATH - SPANISH/Increase quantity - cart page FAILED.
Reason:
com.kms.katalon.core.exception.StepFailedException: Unable to verify text 'payment' is present  (Root cause: com.kms.katalon.core.exception.StepFailedException: Text 'payment' is not present on page )
	at com.kms.katalon.core.keyword.internal.KeywordMain.stepFailed(KeywordMain.groovy:36)
	at com.kms.katalon.core.webui.keyword.internal.WebUIKeywordMain.stepFailed(WebUIKeywordMain.groovy:65)
	at com.kms.katalon.core.webui.keyword.internal.WebUIKeywordMain.runKeyword(WebUIKeywordMain.groovy:27)
	at com.kms.katalon.core.webui.keyword.builtin.VerifyTextPresentKeyword.verifyTextPresent(VerifyTextPresentKeyword.groovy:83)
	at com.kms.katalon.core.webui.keyword.builtin.VerifyTextPresentKeyword.execute(VerifyTextPresentKeyword.groovy:68)
	at com.kms.katalon.core.keyword.internal.KeywordExecutor.executeKeywordForPlatform(KeywordExecutor.groovy:53)
	at com.kms.katalon.core.webui.keyword.WebUiBuiltInKeywords.verifyTextPresent(WebUiBuiltInKeywords.groovy:1693)
	at com.kms.katalon.core.webui.keyword.WebUiBuiltInKeywords$verifyTextPresent$7.call(Unknown Source)
	at CALL- SHIPPING TO PAYMENT.run(CALL- SHIPPING TO PAYMENT:24)
	at com.kms.katalon.core.main.ScriptEngine.run(ScriptEngine.java:194)
	at com.kms.katalon.core.main.ScriptEngine.runScriptAsRawText(ScriptEngine.java:119)
	at com.kms.katalon.core.main.TestCaseExecutor.runScript(TestCaseExecutor.java:328)
	at com.kms.katalon.core.main.TestCaseExecutor.doExecute(TestCaseExecutor.java:319)
	at com.kms.katalon.core.main.TestCaseExecutor.processExecutionPhase(TestCaseExecutor.java:298)
	at com.kms.katalon.core.main.TestCaseExecutor.accessMainPhase(TestCaseExecutor.java:290)
	at com.kms.katalon.core.main.TestCaseExecutor.execute(TestCaseExecutor.java:224)
	at com.kms.katalon.core.main.TestCaseMain.runTestCase(TestCaseMain.java:106)
	at com.kms.katalon.core.keyword.builtin.CallTestCaseKeyword$_callTestCase_closure1.doCall(CallTestCaseKeyword.groovy:59)
	at com.kms.katalon.core.keyword.builtin.CallTestCaseKeyword$_callTestCase_closure1.call(CallTestCaseKeyword.groovy)
	at com.kms.katalon.core.keyword.internal.KeywordMain.runKeyword(KeywordMain.groovy:54)
	at com.kms.katalon.core.keyword.builtin.CallTestCaseKeyword.callTestCase(CallTestCaseKeyword.groovy:80)
	at com.kms.katalon.core.keyword.builtin.CallTestCaseKeyword.execute(CallTestCaseKeyword.groovy:44)
	at com.kms.katalon.core.keyword.internal.KeywordExecutor.executeKeywordForPlatform(KeywordExecutor.groovy:53)
	at com.kms.katalon.core.keyword.BuiltinKeywords.callTestCase(BuiltinKeywords.groovy:334)
	at Increase quantity - cart page.run(Increase quantity - cart page:139)
	at com.kms.katalon.core.main.ScriptEngine.run(ScriptEngine.java:194)
	at com.kms.katalon.core.main.ScriptEngine.runScriptAsRawText(ScriptEngine.java:119)
	at com.kms.katalon.core.main.TestCaseExecutor.runScript(TestCaseExecutor.java:328)
	at com.kms.katalon.core.main.TestCaseExecutor.doExecute(TestCaseExecutor.java:319)
	at com.kms.katalon.core.main.TestCaseExecutor.processExecutionPhase(TestCaseExecutor.java:298)
	at com.kms.katalon.core.main.TestCaseExecutor.accessMainPhase(TestCaseExecutor.java:290)
	at com.kms.katalon.core.main.TestCaseExecutor.execute(TestCaseExecutor.java:224)
	at com.kms.katalon.core.main.TestSuiteExecutor.accessTestCaseMainPhase(TestSuiteExecutor.java:129)
	at com.kms.katalon.core.main.TestSuiteExecutor.accessTestSuiteMainPhase(TestSuiteExecutor.java:112)
	at com.kms.katalon.core.main.TestSuiteExecutor.execute(TestSuiteExecutor.java:81)
	at com.kms.katalon.core.main.TestCaseMain.startTestSuite(TestCaseMain.java:149)
	at com.kms.katalon.core.main.TestCaseMain$startTestSuite$0.call(Unknown Source)
	at TempTestSuite1565707895630.run(TempTestSuite1565707895630.groovy:36)]]></system-err>
      </testcase>
      <testcase name="Test Cases/CRITICAL PATH - SPANISH/Increase quantity - cart flyout" classname="Test Cases/CRITICAL PATH - SPANISH/Increase quantity - cart flyout" status="FAILED">
         <failure type="FAILED" message="Test Cases/CRITICAL PATH - SPANISH/Increase quantity - cart flyout FAILED.
Reason:
com.kms.katalon.core.exception.StepFailedException: Unable to verify text 'payment' is present  (Root cause: com.kms.katalon.core.exception.StepFailedException: Text 'payment' is not present on page )
	at com.kms.katalon.core.keyword.internal.KeywordMain.stepFailed(KeywordMain.groovy:36)
	at com.kms.katalon.core.webui.keyword.internal.WebUIKeywordMain.stepFailed(WebUIKeywordMain.groovy:65)
	at com.kms.katalon.core.webui.keyword.internal.WebUIKeywordMain.runKeyword(WebUIKeywordMain.groovy:27)
	at com.kms.katalon.core.webui.keyword.builtin.VerifyTextPresentKeyword.verifyTextPresent(VerifyTextPresentKeyword.groovy:83)
	at com.kms.katalon.core.webui.keyword.builtin.VerifyTextPresentKeyword.execute(VerifyTextPresentKeyword.groovy:68)
	at com.kms.katalon.core.keyword.internal.KeywordExecutor.executeKeywordForPlatform(KeywordExecutor.groovy:53)
	at com.kms.katalon.core.webui.keyword.WebUiBuiltInKeywords.verifyTextPresent(WebUiBuiltInKeywords.groovy:1693)
	at com.kms.katalon.core.webui.keyword.WebUiBuiltInKeywords$verifyTextPresent$7.call(Unknown Source)
	at CALL- SHIPPING TO PAYMENT.run(CALL- SHIPPING TO PAYMENT:24)
	at com.kms.katalon.core.main.ScriptEngine.run(ScriptEngine.java:194)
	at com.kms.katalon.core.main.ScriptEngine.runScriptAsRawText(ScriptEngine.java:119)
	at com.kms.katalon.core.main.TestCaseExecutor.runScript(TestCaseExecutor.java:328)
	at com.kms.katalon.core.main.TestCaseExecutor.doExecute(TestCaseExecutor.java:319)
	at com.kms.katalon.core.main.TestCaseExecutor.processExecutionPhase(TestCaseExecutor.java:298)
	at com.kms.katalon.core.main.TestCaseExecutor.accessMainPhase(TestCaseExecutor.java:290)
	at com.kms.katalon.core.main.TestCaseExecutor.execute(TestCaseExecutor.java:224)
	at com.kms.katalon.core.main.TestCaseMain.runTestCase(TestCaseMain.java:106)
	at com.kms.katalon.core.keyword.builtin.CallTestCaseKeyword$_callTestCase_closure1.doCall(CallTestCaseKeyword.groovy:59)
	at com.kms.katalon.core.keyword.builtin.CallTestCaseKeyword$_callTestCase_closure1.call(CallTestCaseKeyword.groovy)
	at com.kms.katalon.core.keyword.internal.KeywordMain.runKeyword(KeywordMain.groovy:54)
	at com.kms.katalon.core.keyword.builtin.CallTestCaseKeyword.callTestCase(CallTestCaseKeyword.groovy:80)
	at com.kms.katalon.core.keyword.builtin.CallTestCaseKeyword.execute(CallTestCaseKeyword.groovy:44)
	at com.kms.katalon.core.keyword.internal.KeywordExecutor.executeKeywordForPlatform(KeywordExecutor.groovy:53)
	at com.kms.katalon.core.keyword.BuiltinKeywords.callTestCase(BuiltinKeywords.groovy:334)
	at Increase quantity - cart flyout.run(Increase quantity - cart flyout:127)
	at com.kms.katalon.core.main.ScriptEngine.run(ScriptEngine.java:194)
	at com.kms.katalon.core.main.ScriptEngine.runScriptAsRawText(ScriptEngine.java:119)
	at com.kms.katalon.core.main.TestCaseExecutor.runScript(TestCaseExecutor.java:328)
	at com.kms.katalon.core.main.TestCaseExecutor.doExecute(TestCaseExecutor.java:319)
	at com.kms.katalon.core.main.TestCaseExecutor.processExecutionPhase(TestCaseExecutor.java:298)
	at com.kms.katalon.core.main.TestCaseExecutor.accessMainPhase(TestCaseExecutor.java:290)
	at com.kms.katalon.core.main.TestCaseExecutor.execute(TestCaseExecutor.java:224)
	at com.kms.katalon.core.main.TestSuiteExecutor.accessTestCaseMainPhase(TestSuiteExecutor.java:129)
	at com.kms.katalon.core.main.TestSuiteExecutor.accessTestSuiteMainPhase(TestSuiteExecutor.java:112)
	at com.kms.katalon.core.main.TestSuiteExecutor.execute(TestSuiteExecutor.java:81)
	at com.kms.katalon.core.main.TestCaseMain.startTestSuite(TestCaseMain.java:149)
	at com.kms.katalon.core.main.TestCaseMain$startTestSuite$0.call(Unknown Source)
	at TempTestSuite1565707895630.run(TempTestSuite1565707895630.groovy:36)
"/>
         <system-out><![CDATA[2019-08-13 10:52:57 - [TEST_CASE][FAILED] - Test Cases/CRITICAL PATH - SPANISH/Increase quantity - cart flyout: Test Cases/CRITICAL PATH - SPANISH/Increase quantity - cart flyout FAILED.
Reason:
com.kms.katalon.core.exception.StepFailedException: Unable to verify text 'payment' is present  (Root cause: com.kms.katalon.core.exception.StepFailedException: Text 'payment' is not present on page )
	at com.kms.katalon.core.keyword.internal.KeywordMain.stepFailed(KeywordMain.groovy:36)
	at com.kms.katalon.core.webui.keyword.internal.WebUIKeywordMain.stepFailed(WebUIKeywordMain.groovy:65)
	at com.kms.katalon.core.webui.keyword.internal.WebUIKeywordMain.runKeyword(WebUIKeywordMain.groovy:27)
	at com.kms.katalon.core.webui.keyword.builtin.VerifyTextPresentKeyword.verifyTextPresent(VerifyTextPresentKeyword.groovy:83)
	at com.kms.katalon.core.webui.keyword.builtin.VerifyTextPresentKeyword.execute(VerifyTextPresentKeyword.groovy:68)
	at com.kms.katalon.core.keyword.internal.KeywordExecutor.executeKeywordForPlatform(KeywordExecutor.groovy:53)
	at com.kms.katalon.core.webui.keyword.WebUiBuiltInKeywords.verifyTextPresent(WebUiBuiltInKeywords.groovy:1693)
	at com.kms.katalon.core.webui.keyword.WebUiBuiltInKeywords$verifyTextPresent$7.call(Unknown Source)
	at CALL- SHIPPING TO PAYMENT.run(CALL- SHIPPING TO PAYMENT:24)
	at com.kms.katalon.core.main.ScriptEngine.run(ScriptEngine.java:194)
	at com.kms.katalon.core.main.ScriptEngine.runScriptAsRawText(ScriptEngine.java:119)
	at com.kms.katalon.core.main.TestCaseExecutor.runScript(TestCaseExecutor.java:328)
	at com.kms.katalon.core.main.TestCaseExecutor.doExecute(TestCaseExecutor.java:319)
	at com.kms.katalon.core.main.TestCaseExecutor.processExecutionPhase(TestCaseExecutor.java:298)
	at com.kms.katalon.core.main.TestCaseExecutor.accessMainPhase(TestCaseExecutor.java:290)
	at com.kms.katalon.core.main.TestCaseExecutor.execute(TestCaseExecutor.java:224)
	at com.kms.katalon.core.main.TestCaseMain.runTestCase(TestCaseMain.java:106)
	at com.kms.katalon.core.keyword.builtin.CallTestCaseKeyword$_callTestCase_closure1.doCall(CallTestCaseKeyword.groovy:59)
	at com.kms.katalon.core.keyword.builtin.CallTestCaseKeyword$_callTestCase_closure1.call(CallTestCaseKeyword.groovy)
	at com.kms.katalon.core.keyword.internal.KeywordMain.runKeyword(KeywordMain.groovy:54)
	at com.kms.katalon.core.keyword.builtin.CallTestCaseKeyword.callTestCase(CallTestCaseKeyword.groovy:80)
	at com.kms.katalon.core.keyword.builtin.CallTestCaseKeyword.execute(CallTestCaseKeyword.groovy:44)
	at com.kms.katalon.core.keyword.internal.KeywordExecutor.executeKeywordForPlatform(KeywordExecutor.groovy:53)
	at com.kms.katalon.core.keyword.BuiltinKeywords.callTestCase(BuiltinKeywords.groovy:334)
	at Increase quantity - cart flyout.run(Increase quantity - cart flyout:127)
	at com.kms.katalon.core.main.ScriptEngine.run(ScriptEngine.java:194)
	at com.kms.katalon.core.main.ScriptEngine.runScriptAsRawText(ScriptEngine.java:119)
	at com.kms.katalon.core.main.TestCaseExecutor.runScript(TestCaseExecutor.java:328)
	at com.kms.katalon.core.main.TestCaseExecutor.doExecute(TestCaseExecutor.java:319)
	at com.kms.katalon.core.main.TestCaseExecutor.processExecutionPhase(TestCaseExecutor.java:298)
	at com.kms.katalon.core.main.TestCaseExecutor.accessMainPhase(TestCaseExecutor.java:290)
	at com.kms.katalon.core.main.TestCaseExecutor.execute(TestCaseExecutor.java:224)
	at com.kms.katalon.core.main.TestSuiteExecutor.accessTestCaseMainPhase(TestSuiteExecutor.java:129)
	at com.kms.katalon.core.main.TestSuiteExecutor.accessTestSuiteMainPhase(TestSuiteExecutor.java:112)
	at com.kms.katalon.core.main.TestSuiteExecutor.execute(TestSuiteExecutor.java:81)
	at com.kms.katalon.core.main.TestCaseMain.startTestSuite(TestCaseMain.java:149)
	at com.kms.katalon.core.main.TestCaseMain$startTestSuite$0.call(Unknown Source)
	at TempTestSuite1565707895630.run(TempTestSuite1565707895630.groovy:36)


2019-08-13 10:52:57 - [TEST_STEP][PASSED] - callTestCase(findTestCase("CALL - LANGUAGE TOGGLER"), [:], STOP_ON_FAILURE): Call Test Case 'Test Cases/CALL - LANGUAGE TOGGLER' successfully

2019-08-13 10:52:57 - [TEST_CASE][PASSED] - Test Cases/CALL - LANGUAGE TOGGLER: Test Cases/CALL - LANGUAGE TOGGLER

2019-08-13 10:52:57 - [TEST_STEP][PASSED] - callTestCase(findTestCase("CALL-URL"), [:], STOP_ON_FAILURE): Call Test Case 'Test Cases/CALL-URL' successfully

2019-08-13 10:52:57 - [TEST_CASE][PASSED] - Test Cases/CALL-URL: Test Cases/CALL-URL

2019-08-13 10:52:57 - [TEST_STEP][PASSED] - openBrowser(""): Browser is opened with url: ''

2019-08-13 10:52:57 - [MESSAGE][WARNING] - A browser is already opened. Closing browser and opening a new one

2019-08-13 10:52:57 - [MESSAGE][INFO] - Starting 'Chrome' driver

2019-08-13 10:52:58 - [MESSAGE][PASSED] - Browser is opened with url: ''

2019-08-13 10:52:58 - [TEST_STEP][PASSED] - navigateToUrl("https://charlotterusse.com/"): Navigate to 'https://charlotterusse.com/' successfully

2019-08-13 10:53:03 - [MESSAGE][PASSED] - Navigate to 'https://charlotterusse.com/' successfully

2019-08-13 10:53:03 - [TEST_STEP][PASSED] - click(findTestObject("CR-DESKTOP/Window pop up/language- english")): Object: 'Object Repository/CR-DESKTOP/Window pop up/language- english' is clicked on

2019-08-13 10:53:03 - [MESSAGE][PASSED] - Object: 'Object Repository/CR-DESKTOP/Window pop up/language- english' is clicked on

2019-08-13 10:53:03 - [TEST_STEP][PASSED] - click(findTestObject("CR-DESKTOP/Window pop up/Pop up - close")): Object: 'Object Repository/CR-DESKTOP/Window pop up/Pop up - close' is clicked on

2019-08-13 10:53:03 - [MESSAGE][PASSED] - Object: 'Object Repository/CR-DESKTOP/Window pop up/Pop up - close' is clicked on

2019-08-13 10:53:03 - [TEST_STEP][PASSED] - maximizeWindow(): Current window maximized

2019-08-13 10:53:04 - [MESSAGE][PASSED] - Current window maximized

2019-08-13 10:53:04 - [MESSAGE][PASSED] - Call Test Case 'Test Cases/CALL-URL' successfully

2019-08-13 10:53:04 - [TEST_STEP][PASSED] - delay(2): Delayed 2 second(s)

2019-08-13 10:53:06 - [MESSAGE][PASSED] - Delayed 2 second(s)

2019-08-13 10:53:06 - [TEST_STEP][PASSED] - click(findTestObject("CR-DESKTOP/Home page/Spanish")): Object: 'Object Repository/CR-DESKTOP/Home page/Spanish' is clicked on

2019-08-13 10:53:06 - [MESSAGE][PASSED] - Object: 'Object Repository/CR-DESKTOP/Home page/Spanish' is clicked on

2019-08-13 10:53:06 - [MESSAGE][PASSED] - Call Test Case 'Test Cases/CALL - LANGUAGE TOGGLER' successfully

2019-08-13 10:53:06 - [TEST_STEP][PASSED] - delay(2): Delayed 2 second(s)

2019-08-13 10:53:08 - [MESSAGE][PASSED] - Delayed 2 second(s)

2019-08-13 10:53:08 - [TEST_STEP][PASSED] - mouseOver(findTestObject("CR-DESKTOP - SPANISH/Mega menu/SHOES")): Object: 'Object Repository/CR-DESKTOP - SPANISH/Mega menu/SHOES' is hovered

2019-08-13 10:53:09 - [MESSAGE][PASSED] - Object: 'Object Repository/CR-DESKTOP - SPANISH/Mega menu/SHOES' is hovered

2019-08-13 10:53:09 - [TEST_STEP][PASSED] - delay(2): Delayed 2 second(s)

2019-08-13 10:53:11 - [MESSAGE][PASSED] - Delayed 2 second(s)

2019-08-13 10:53:11 - [TEST_STEP][PASSED] - click(findTestObject("CR-DESKTOP - SPANISH/Mega menu/shoes - tenis")): Object: 'Object Repository/CR-DESKTOP - SPANISH/Mega menu/shoes - tenis' is clicked on

2019-08-13 10:53:13 - [MESSAGE][PASSED] - Object: 'Object Repository/CR-DESKTOP - SPANISH/Mega menu/shoes - tenis' is clicked on

2019-08-13 10:53:13 - [TEST_STEP][PASSED] - delay(2): Delayed 2 second(s)

2019-08-13 10:53:15 - [MESSAGE][PASSED] - Delayed 2 second(s)

2019-08-13 10:53:15 - [TEST_STEP][PASSED] - click(findTestObject("CR-DESKTOP/Collection page/product 3")): Object: 'Object Repository/CR-DESKTOP/Collection page/product 3' is clicked on

2019-08-13 10:53:19 - [MESSAGE][PASSED] - Object: 'Object Repository/CR-DESKTOP/Collection page/product 3' is clicked on

2019-08-13 10:53:19 - [TEST_STEP][PASSED] - delay(2): Delayed 2 second(s)

2019-08-13 10:53:21 - [MESSAGE][PASSED] - Delayed 2 second(s)

2019-08-13 10:53:21 - [TEST_STEP][PASSED] - click(findTestObject("CR-DESKTOP - SPANISH/product page/verde neon")): Object: 'Object Repository/CR-DESKTOP - SPANISH/product page/verde neon' is clicked on

2019-08-13 10:53:21 - [MESSAGE][PASSED] - Object: 'Object Repository/CR-DESKTOP - SPANISH/product page/verde neon' is clicked on

2019-08-13 10:53:21 - [TEST_STEP][PASSED] - delay(2): Delayed 2 second(s)

2019-08-13 10:53:23 - [MESSAGE][PASSED] - Delayed 2 second(s)

2019-08-13 10:53:23 - [TEST_STEP][PASSED] - click(findTestObject("CR-DESKTOP/product page/Size -6")): Object: 'Object Repository/CR-DESKTOP/product page/Size -6' is clicked on

2019-08-13 10:53:23 - [MESSAGE][PASSED] - Object: 'Object Repository/CR-DESKTOP/product page/Size -6' is clicked on

2019-08-13 10:53:23 - [TEST_STEP][PASSED] - delay(2): Delayed 2 second(s)

2019-08-13 10:53:25 - [MESSAGE][PASSED] - Delayed 2 second(s)

2019-08-13 10:53:25 - [TEST_STEP][PASSED] - click(findTestObject("CR-DESKTOP - SPANISH/product page/Add to bag")): Object: 'Object Repository/CR-DESKTOP - SPANISH/product page/Add to bag' is clicked on

2019-08-13 10:53:25 - [MESSAGE][PASSED] - Object: 'Object Repository/CR-DESKTOP - SPANISH/product page/Add to bag' is clicked on

2019-08-13 10:53:25 - [TEST_STEP][PASSED] - delay(2): Delayed 2 second(s)

2019-08-13 10:53:27 - [MESSAGE][PASSED] - Delayed 2 second(s)

2019-08-13 10:53:27 - [TEST_STEP][PASSED] - a = getText(findTestObject("CR-DESKTOP/Cart flyout/Get price - subtotal")): Text of object 'Object Repository/CR-DESKTOP/Cart flyout/Get price - subtotal' is: '$26.95'

2019-08-13 10:53:27 - [MESSAGE][PASSED] - Text of object 'Object Repository/CR-DESKTOP/Cart flyout/Get price - subtotal' is: '$26.95'

2019-08-13 10:53:27 - [TEST_STEP][PASSED] - delay(2): Delayed 2 second(s)

2019-08-13 10:53:29 - [MESSAGE][PASSED] - Delayed 2 second(s)

2019-08-13 10:53:29 - [TEST_STEP][PASSED] - comment("a=" + a): a=$26.95

2019-08-13 10:53:29 - [MESSAGE][INFO] - a=$26.95

2019-08-13 10:53:29 - [TEST_STEP][PASSED] - a1 = a.substring(1): null

2019-08-13 10:53:29 - [TEST_STEP][PASSED] - comment("a1=" + a1): a1=26.95

2019-08-13 10:53:29 - [MESSAGE][INFO] - a1=26.95

2019-08-13 10:53:29 - [TEST_STEP][PASSED] - delay(2): Delayed 2 second(s)

2019-08-13 10:53:31 - [MESSAGE][PASSED] - Delayed 2 second(s)

2019-08-13 10:53:31 - [TEST_STEP][PASSED] - click(findTestObject("CR-DESKTOP/Cart flyout/cart quantity increase - cart flyout")): Object: 'Object Repository/CR-DESKTOP/Cart flyout/cart quantity increase - cart flyout' is clicked on

2019-08-13 10:53:31 - [MESSAGE][PASSED] - Object: 'Object Repository/CR-DESKTOP/Cart flyout/cart quantity increase - cart flyout' is clicked on

2019-08-13 10:53:31 - [TEST_STEP][PASSED] - delay(2): Delayed 2 second(s)

2019-08-13 10:53:33 - [MESSAGE][PASSED] - Delayed 2 second(s)

2019-08-13 10:53:33 - [TEST_STEP][PASSED] - click(findTestObject("CR-DESKTOP/Cart flyout/cart quantity increase - cart flyout")): Object: 'Object Repository/CR-DESKTOP/Cart flyout/cart quantity increase - cart flyout' is clicked on

2019-08-13 10:53:33 - [MESSAGE][PASSED] - Object: 'Object Repository/CR-DESKTOP/Cart flyout/cart quantity increase - cart flyout' is clicked on

2019-08-13 10:53:33 - [TEST_STEP][PASSED] - delay(2): Delayed 2 second(s)

2019-08-13 10:53:35 - [MESSAGE][PASSED] - Delayed 2 second(s)

2019-08-13 10:53:35 - [TEST_STEP][PASSED] - setText(findTestObject("CR-DESKTOP/Cart flyout/Input update - cart flyout"), "4"): Text '4' is set on object 'Object Repository/CR-DESKTOP/Cart flyout/Input update - cart flyout'

2019-08-13 10:53:36 - [MESSAGE][PASSED] - Text '4' is set on object 'Object Repository/CR-DESKTOP/Cart flyout/Input update - cart flyout'

2019-08-13 10:53:36 - [TEST_STEP][PASSED] - delay(2): Delayed 2 second(s)

2019-08-13 10:53:38 - [MESSAGE][PASSED] - Delayed 2 second(s)

2019-08-13 10:53:38 - [TEST_STEP][PASSED] - click(findTestObject("CR-DESKTOP/Cart flyout/click outside")): Object: 'Object Repository/CR-DESKTOP/Cart flyout/click outside' is clicked on

2019-08-13 10:53:38 - [MESSAGE][PASSED] - Object: 'Object Repository/CR-DESKTOP/Cart flyout/click outside' is clicked on

2019-08-13 10:53:38 - [TEST_STEP][PASSED] - delay(2): Delayed 2 second(s)

2019-08-13 10:53:40 - [MESSAGE][PASSED] - Delayed 2 second(s)

2019-08-13 10:53:40 - [TEST_STEP][PASSED] - b = getText(findTestObject("CR-DESKTOP/Cart flyout/Get price - subtotal")): Text of object 'Object Repository/CR-DESKTOP/Cart flyout/Get price - subtotal' is: '$86.93'

2019-08-13 10:53:40 - [MESSAGE][PASSED] - Text of object 'Object Repository/CR-DESKTOP/Cart flyout/Get price - subtotal' is: '$86.93'

2019-08-13 10:53:40 - [TEST_STEP][PASSED] - delay(2): Delayed 2 second(s)

2019-08-13 10:53:42 - [MESSAGE][PASSED] - Delayed 2 second(s)

2019-08-13 10:53:42 - [TEST_STEP][PASSED] - comment("b=" + b): b=$86.93

2019-08-13 10:53:42 - [MESSAGE][INFO] - b=$86.93

2019-08-13 10:53:42 - [TEST_STEP][PASSED] - b1 = b.substring(1): null

2019-08-13 10:53:42 - [TEST_STEP][PASSED] - comment("b1=" + b1): b1=86.93

2019-08-13 10:53:42 - [MESSAGE][INFO] - b1=86.93

2019-08-13 10:53:42 - [TEST_STEP][PASSED] - delay(2): Delayed 2 second(s)

2019-08-13 10:53:44 - [MESSAGE][PASSED] - Delayed 2 second(s)

2019-08-13 10:53:44 - [TEST_STEP][PASSED] - p1 = <not implemented yet for class: org.codehaus.groovy.ast.expr.EmptyExpression>: null

2019-08-13 10:53:44 - [TEST_STEP][PASSED] - p2 = <not implemented yet for class: org.codehaus.groovy.ast.expr.EmptyExpression>: null

2019-08-13 10:53:44 - [TEST_STEP][PASSED] - try: p1=26.95

2019-08-13 10:53:44 - [TEST_STEP][PASSED] - str = a1: null

2019-08-13 10:53:44 - [TEST_STEP][PASSED] - comment("str=" + str): str=26.95

2019-08-13 10:53:44 - [MESSAGE][INFO] - str=26.95

2019-08-13 10:53:44 - [TEST_STEP][PASSED] - p1 = Double.valueOf(str): null

2019-08-13 10:53:44 - [TEST_STEP][PASSED] - comment("p1=" + p1): p1=26.95

2019-08-13 10:53:44 - [MESSAGE][INFO] - p1=26.95

2019-08-13 10:53:44 - [TEST_STEP][PASSED] - try: p2=86.93

2019-08-13 10:53:44 - [TEST_STEP][PASSED] - str5 = b1: null

2019-08-13 10:53:44 - [TEST_STEP][PASSED] - comment("str5=" + str5): str5=86.93

2019-08-13 10:53:44 - [MESSAGE][INFO] - str5=86.93

2019-08-13 10:53:44 - [TEST_STEP][PASSED] - p2 = Double.valueOf(str5): null

2019-08-13 10:53:44 - [TEST_STEP][PASSED] - comment("p2=" + p2): p2=86.93

2019-08-13 10:53:44 - [MESSAGE][INFO] - p2=86.93

2019-08-13 10:53:44 - [TEST_STEP][PASSED] - flag = verifyNotEqual(p1, p2): Actual object '26.95' and expected object '86.93' are not equal

2019-08-13 10:53:44 - [MESSAGE][PASSED] - Actual object '26.95' and expected object '86.93' are not equal

2019-08-13 10:53:44 - [TEST_STEP][PASSED] - if (flag == true): Quantity selector working

2019-08-13 10:53:44 - [TEST_STEP][PASSED] - comment("Quantity selector working"): Quantity selector working

2019-08-13 10:53:44 - [MESSAGE][INFO] - Quantity selector working

2019-08-13 10:53:44 - [TEST_STEP][PASSED] - delay(2): Delayed 2 second(s)

2019-08-13 10:53:46 - [MESSAGE][PASSED] - Delayed 2 second(s)

2019-08-13 10:53:46 - [TEST_STEP][PASSED] - click(findTestObject("CR-DESKTOP/Cart flyout/Checkout")): Object: 'Object Repository/CR-DESKTOP/Cart flyout/Checkout' is clicked on

2019-08-13 10:53:50 - [MESSAGE][PASSED] - Object: 'Object Repository/CR-DESKTOP/Cart flyout/Checkout' is clicked on

2019-08-13 10:53:50 - [TEST_STEP][PASSED] - callTestCase(findTestCase("CALL - CUTOMER INFO PAGE"), [:], STOP_ON_FAILURE): Call Test Case 'Test Cases/CALL - CUTOMER INFO PAGE' successfully

2019-08-13 10:53:50 - [TEST_CASE][PASSED] - Test Cases/CALL - CUTOMER INFO PAGE: Test Cases/CALL - CUTOMER INFO PAGE

2019-08-13 10:53:50 - [TEST_STEP][PASSED] - setText(findTestObject("CR-DESKTOP/Customer info page/Email"), "suman@gmail.com"): Text 'suman@gmail.com' is set on object 'Object Repository/CR-DESKTOP/Customer info page/Email'

2019-08-13 10:53:51 - [MESSAGE][PASSED] - Text 'suman@gmail.com' is set on object 'Object Repository/CR-DESKTOP/Customer info page/Email'

2019-08-13 10:53:51 - [TEST_STEP][PASSED] - delay(1): Delayed 1 second(s)

2019-08-13 10:53:52 - [MESSAGE][PASSED] - Delayed 1 second(s)

2019-08-13 10:53:52 - [TEST_STEP][PASSED] - setText(findTestObject("CR-DESKTOP/Customer info page/First name"), "suman"): Text 'suman' is set on object 'Object Repository/CR-DESKTOP/Customer info page/First name'

2019-08-13 10:53:52 - [MESSAGE][PASSED] - Text 'suman' is set on object 'Object Repository/CR-DESKTOP/Customer info page/First name'

2019-08-13 10:53:52 - [TEST_STEP][PASSED] - delay(1): Delayed 1 second(s)

2019-08-13 10:53:53 - [MESSAGE][PASSED] - Delayed 1 second(s)

2019-08-13 10:53:53 - [TEST_STEP][PASSED] - setText(findTestObject("CR-DESKTOP/Customer info page/Last name"), "kompelly"): Text 'kompelly' is set on object 'Object Repository/CR-DESKTOP/Customer info page/Last name'

2019-08-13 10:53:53 - [MESSAGE][PASSED] - Text 'kompelly' is set on object 'Object Repository/CR-DESKTOP/Customer info page/Last name'

2019-08-13 10:53:53 - [TEST_STEP][PASSED] - delay(1): Delayed 1 second(s)

2019-08-13 10:53:54 - [MESSAGE][PASSED] - Delayed 1 second(s)

2019-08-13 10:53:54 - [TEST_STEP][PASSED] - setText(findTestObject("CR-DESKTOP/Customer info page/Address"), "123 saint alxendre"): Text '123 saint alxendre' is set on object 'Object Repository/CR-DESKTOP/Customer info page/Address'

2019-08-13 10:53:55 - [MESSAGE][PASSED] - Text '123 saint alxendre' is set on object 'Object Repository/CR-DESKTOP/Customer info page/Address'

2019-08-13 10:53:55 - [TEST_STEP][PASSED] - delay(1): Delayed 1 second(s)

2019-08-13 10:53:56 - [MESSAGE][PASSED] - Delayed 1 second(s)

2019-08-13 10:53:56 - [TEST_STEP][PASSED] - setText(findTestObject("CR-DESKTOP/Customer info page/apt suite"), "199"): Text '199' is set on object 'Object Repository/CR-DESKTOP/Customer info page/apt suite'

2019-08-13 10:53:56 - [MESSAGE][PASSED] - Text '199' is set on object 'Object Repository/CR-DESKTOP/Customer info page/apt suite'

2019-08-13 10:53:56 - [TEST_STEP][PASSED] - delay(1): Delayed 1 second(s)

2019-08-13 10:53:57 - [MESSAGE][PASSED] - Delayed 1 second(s)

2019-08-13 10:53:57 - [TEST_STEP][PASSED] - setText(findTestObject("CR-DESKTOP/Customer info page/City"), "montreal"): Text 'montreal' is set on object 'Object Repository/CR-DESKTOP/Customer info page/City'

2019-08-13 10:53:57 - [MESSAGE][PASSED] - Text 'montreal' is set on object 'Object Repository/CR-DESKTOP/Customer info page/City'

2019-08-13 10:53:57 - [TEST_STEP][PASSED] - delay(1): Delayed 1 second(s)

2019-08-13 10:53:58 - [MESSAGE][PASSED] - Delayed 1 second(s)

2019-08-13 10:53:58 - [TEST_STEP][PASSED] - selectOptionByValue(findTestObject("CR-DESKTOP/Customer info page/state dropdown"), "NJ", true): All options with value 'NJ' are selected in object 'Object Repository/CR-DESKTOP/Customer info page/state dropdown'  using regular expression

2019-08-13 10:53:59 - [MESSAGE][PASSED] - All options with value 'NJ' are selected in object 'Object Repository/CR-DESKTOP/Customer info page/state dropdown'  using regular expression

2019-08-13 10:53:59 - [TEST_STEP][PASSED] - delay(1): Delayed 1 second(s)

2019-08-13 10:54:00 - [MESSAGE][PASSED] - Delayed 1 second(s)

2019-08-13 10:54:00 - [TEST_STEP][PASSED] - setText(findTestObject("CR-DESKTOP/Customer info page/Zip code"), "07057"): Text '07057' is set on object 'Object Repository/CR-DESKTOP/Customer info page/Zip code'

2019-08-13 10:54:00 - [MESSAGE][PASSED] - Text '07057' is set on object 'Object Repository/CR-DESKTOP/Customer info page/Zip code'

2019-08-13 10:54:00 - [MESSAGE][PASSED] - Call Test Case 'Test Cases/CALL - CUTOMER INFO PAGE' successfully

2019-08-13 10:54:00 - [TEST_STEP][FAILED] - callTestCase(findTestCase("CALL- SHIPPING TO PAYMENT"), [:], STOP_ON_FAILURE): callTestCase(findTestCase("CALL- SHIPPING TO PAYMENT"), [:], STOP_ON_FAILURE) FAILED.
Reason:
com.kms.katalon.core.exception.StepFailedException: Unable to verify text 'payment' is present  (Root cause: com.kms.katalon.core.exception.StepFailedException: Text 'payment' is not present on page )
	at com.kms.katalon.core.keyword.internal.KeywordMain.stepFailed(KeywordMain.groovy:36)
	at com.kms.katalon.core.webui.keyword.internal.WebUIKeywordMain.stepFailed(WebUIKeywordMain.groovy:65)
	at com.kms.katalon.core.webui.keyword.internal.WebUIKeywordMain.runKeyword(WebUIKeywordMain.groovy:27)
	at com.kms.katalon.core.webui.keyword.builtin.VerifyTextPresentKeyword.verifyTextPresent(VerifyTextPresentKeyword.groovy:83)
	at com.kms.katalon.core.webui.keyword.builtin.VerifyTextPresentKeyword.execute(VerifyTextPresentKeyword.groovy:68)
	at com.kms.katalon.core.keyword.internal.KeywordExecutor.executeKeywordForPlatform(KeywordExecutor.groovy:53)
	at com.kms.katalon.core.webui.keyword.WebUiBuiltInKeywords.verifyTextPresent(WebUiBuiltInKeywords.groovy:1693)
	at com.kms.katalon.core.webui.keyword.WebUiBuiltInKeywords$verifyTextPresent$7.call(Unknown Source)
	at CALL- SHIPPING TO PAYMENT.run(CALL- SHIPPING TO PAYMENT:24)
	at com.kms.katalon.core.main.ScriptEngine.run(ScriptEngine.java:194)
	at com.kms.katalon.core.main.ScriptEngine.runScriptAsRawText(ScriptEngine.java:119)
	at com.kms.katalon.core.main.TestCaseExecutor.runScript(TestCaseExecutor.java:328)
	at com.kms.katalon.core.main.TestCaseExecutor.doExecute(TestCaseExecutor.java:319)
	at com.kms.katalon.core.main.TestCaseExecutor.processExecutionPhase(TestCaseExecutor.java:298)
	at com.kms.katalon.core.main.TestCaseExecutor.accessMainPhase(TestCaseExecutor.java:290)
	at com.kms.katalon.core.main.TestCaseExecutor.execute(TestCaseExecutor.java:224)
	at com.kms.katalon.core.main.TestCaseMain.runTestCase(TestCaseMain.java:106)
	at com.kms.katalon.core.keyword.builtin.CallTestCaseKeyword$_callTestCase_closure1.doCall(CallTestCaseKeyword.groovy:59)
	at com.kms.katalon.core.keyword.builtin.CallTestCaseKeyword$_callTestCase_closure1.call(CallTestCaseKeyword.groovy)
	at com.kms.katalon.core.keyword.internal.KeywordMain.runKeyword(KeywordMain.groovy:54)
	at com.kms.katalon.core.keyword.builtin.CallTestCaseKeyword.callTestCase(CallTestCaseKeyword.groovy:80)
	at com.kms.katalon.core.keyword.builtin.CallTestCaseKeyword.execute(CallTestCaseKeyword.groovy:44)
	at com.kms.katalon.core.keyword.internal.KeywordExecutor.executeKeywordForPlatform(KeywordExecutor.groovy:53)
	at com.kms.katalon.core.keyword.BuiltinKeywords.callTestCase(BuiltinKeywords.groovy:334)
	at Increase quantity - cart flyout.run(Increase quantity - cart flyout:127)
	at com.kms.katalon.core.main.ScriptEngine.run(ScriptEngine.java:194)
	at com.kms.katalon.core.main.ScriptEngine.runScriptAsRawText(ScriptEngine.java:119)
	at com.kms.katalon.core.main.TestCaseExecutor.runScript(TestCaseExecutor.java:328)
	at com.kms.katalon.core.main.TestCaseExecutor.doExecute(TestCaseExecutor.java:319)
	at com.kms.katalon.core.main.TestCaseExecutor.processExecutionPhase(TestCaseExecutor.java:298)
	at com.kms.katalon.core.main.TestCaseExecutor.accessMainPhase(TestCaseExecutor.java:290)
	at com.kms.katalon.core.main.TestCaseExecutor.execute(TestCaseExecutor.java:224)
	at com.kms.katalon.core.main.TestSuiteExecutor.accessTestCaseMainPhase(TestSuiteExecutor.java:129)
	at com.kms.katalon.core.main.TestSuiteExecutor.accessTestSuiteMainPhase(TestSuiteExecutor.java:112)
	at com.kms.katalon.core.main.TestSuiteExecutor.execute(TestSuiteExecutor.java:81)
	at com.kms.katalon.core.main.TestCaseMain.startTestSuite(TestCaseMain.java:149)
	at com.kms.katalon.core.main.TestCaseMain$startTestSuite$0.call(Unknown Source)
	at TempTestSuite1565707895630.run(TempTestSuite1565707895630.groovy:36)


2019-08-13 10:54:00 - [TEST_CASE][FAILED] - Test Cases/CALL- SHIPPING TO PAYMENT: Test Cases/CALL- SHIPPING TO PAYMENT FAILED.
Reason:
com.kms.katalon.core.exception.StepFailedException: Unable to verify text 'payment' is present  (Root cause: com.kms.katalon.core.exception.StepFailedException: Text 'payment' is not present on page )
	at com.kms.katalon.core.keyword.internal.KeywordMain.stepFailed(KeywordMain.groovy:36)
	at com.kms.katalon.core.webui.keyword.internal.WebUIKeywordMain.stepFailed(WebUIKeywordMain.groovy:65)
	at com.kms.katalon.core.webui.keyword.internal.WebUIKeywordMain.runKeyword(WebUIKeywordMain.groovy:27)
	at com.kms.katalon.core.webui.keyword.builtin.VerifyTextPresentKeyword.verifyTextPresent(VerifyTextPresentKeyword.groovy:83)
	at com.kms.katalon.core.webui.keyword.builtin.VerifyTextPresentKeyword.execute(VerifyTextPresentKeyword.groovy:68)
	at com.kms.katalon.core.keyword.internal.KeywordExecutor.executeKeywordForPlatform(KeywordExecutor.groovy:53)
	at com.kms.katalon.core.webui.keyword.WebUiBuiltInKeywords.verifyTextPresent(WebUiBuiltInKeywords.groovy:1693)
	at com.kms.katalon.core.webui.keyword.WebUiBuiltInKeywords$verifyTextPresent$7.call(Unknown Source)
	at CALL- SHIPPING TO PAYMENT.run(CALL- SHIPPING TO PAYMENT:24)
	at com.kms.katalon.core.main.ScriptEngine.run(ScriptEngine.java:194)
	at com.kms.katalon.core.main.ScriptEngine.runScriptAsRawText(ScriptEngine.java:119)
	at com.kms.katalon.core.main.TestCaseExecutor.runScript(TestCaseExecutor.java:328)
	at com.kms.katalon.core.main.TestCaseExecutor.doExecute(TestCaseExecutor.java:319)
	at com.kms.katalon.core.main.TestCaseExecutor.processExecutionPhase(TestCaseExecutor.java:298)
	at com.kms.katalon.core.main.TestCaseExecutor.accessMainPhase(TestCaseExecutor.java:290)
	at com.kms.katalon.core.main.TestCaseExecutor.execute(TestCaseExecutor.java:224)
	at com.kms.katalon.core.main.TestCaseMain.runTestCase(TestCaseMain.java:106)
	at com.kms.katalon.core.keyword.builtin.CallTestCaseKeyword$_callTestCase_closure1.doCall(CallTestCaseKeyword.groovy:59)
[...]
	at com.kms.katalon.core.webui.keyword.internal.WebUIKeywordMain.stepFailed(WebUIKeywordMain.groovy:65)
	at com.kms.katalon.core.webui.keyword.internal.WebUIKeywordMain.runKeyword(WebUIKeywordMain.groovy:27)
	at com.kms.katalon.core.webui.keyword.builtin.ClickKeyword.click(ClickKeyword.groovy:86)
	at com.kms.katalon.core.webui.keyword.builtin.ClickKeyword.execute(ClickKeyword.groovy:67)
	at com.kms.katalon.core.keyword.internal.KeywordExecutor.executeKeywordForPlatform(KeywordExecutor.groovy:53)
	at com.kms.katalon.core.webui.keyword.WebUiBuiltInKeywords.click(WebUiBuiltInKeywords.groovy:616)
	at com.kms.katalon.core.webui.keyword.WebUiBuiltInKeywords$click$1.call(Unknown Source)
	at Different products.run(Different products:28)
	at com.kms.katalon.core.main.ScriptEngine.run(ScriptEngine.java:194)
	at com.kms.katalon.core.main.ScriptEngine.runScriptAsRawText(ScriptEngine.java:119)
	at com.kms.katalon.core.main.TestCaseExecutor.runScript(TestCaseExecutor.java:328)
	at com.kms.katalon.core.main.TestCaseExecutor.doExecute(TestCaseExecutor.java:319)
	at com.kms.katalon.core.main.TestCaseExecutor.processExecutionPhase(TestCaseExecutor.java:298)
	at com.kms.katalon.core.main.TestCaseExecutor.accessMainPhase(TestCaseExecutor.java:290)
	at com.kms.katalon.core.main.TestCaseExecutor.execute(TestCaseExecutor.java:224)
	at com.kms.katalon.core.main.TestSuiteExecutor.accessTestCaseMainPhase(TestSuiteExecutor.java:129)
	at com.kms.katalon.core.main.TestSuiteExecutor.accessTestSuiteMainPhase(TestSuiteExecutor.java:112)
	at com.kms.katalon.core.main.TestSuiteExecutor.execute(TestSuiteExecutor.java:81)
	at com.kms.katalon.core.main.TestCaseMain.startTestSuite(TestCaseMain.java:149)
	at com.kms.katalon.core.main.TestCaseMain$startTestSuite$0.call(Unknown Source)
	at TempTestSuite1565707895630.run(TempTestSuite1565707895630.groovy:36)


2019-08-13 11:21:26 - [MESSAGE][FAILED] - Unable to click on object 'Object Repository/CR-DESKTOP/Collection page/product 3' (Root cause: org.openqa.selenium.WebDriverException: unknown error: Element <img class="featured_collection__image" alt="Mesh Perspex Sneaker" src="//cdn.shopify.com/s/files/1/0074/5124/6676/products/077451487117-18-0_270x400_crop_center.jpg?v=1564178884"> is not clickable at point (727, 478). Other element would receive the click: <div class="language-popup__container" style="display: block;">...</div>
  (Session info: chrome=76.0.3809.100)
  (Driver info: chromedriver=2.43.600229 (3fae4d0cda5334b4f533bede5a4787f7b832d052),platform=Mac OS X 10.13.6 x86_64) (WARNING: The server did not provide any stacktrace information)
Command duration or timeout: 0 milliseconds
Build info: version: '3.7.1', revision: '8a0099a', time: '2017-11-06T21:07:36.161Z'
System info: host: 'sumans-MacBook-Pro.local', ip: 'fe80:0:0:0:101b:184c:e876:9570%en0', os.name: 'Mac OS X', os.arch: 'x86_64', os.version: '10.13.6', java.version: '1.8.0_181'
Driver info: com.kms.katalon.selenium.driver.CChromeDriver
Capabilities {acceptInsecureCerts: false, acceptSslCerts: false, applicationCacheEnabled: false, browserConnectionEnabled: false, browserName: chrome, chrome: {chromedriverVersion: 2.43.600229 (3fae4d0cda5334..., userDataDir: /var/folders/1t/c55l8xzs6gq...}, cssSelectorsEnabled: true, databaseEnabled: false, goog:chromeOptions: {debuggerAddress: localhost:57566}, handlesAlerts: true, hasTouchScreen: false, javascriptEnabled: true, locationContextEnabled: true, mobileEmulationEnabled: false, nativeEvents: true, networkConnectionEnabled: false, pageLoadStrategy: normal, platform: MAC, platformName: MAC, rotatable: false, setWindowRect: true, takesHeapSnapshot: true, takesScreenshot: true, unexpectedAlertBehaviour: , unhandledPromptBehavior: , version: 76.0.3809.100, webStorageEnabled: true}
Session ID: fd468b01e52a2e20936941ed228f5e35)
[[ATTACHMENT|/Users/sumankompelly/git/CR-Desktop/Reports/suite-chrome/20190813_105135/1565709686290.png]]

2019-08-13 11:21:26 - [MESSAGE][FAILED] - click(findTestObject("CR-DESKTOP/Collection page/product 3")) FAILED.
Reason:
com.kms.katalon.core.exception.StepFailedException: Unable to click on object 'Object Repository/CR-DESKTOP/Collection page/product 3' (Root cause: org.openqa.selenium.WebDriverException: unknown error: Element <img class="featured_collection__image" alt="Mesh Perspex Sneaker" src="//cdn.shopify.com/s/files/1/0074/5124/6676/products/077451487117-18-0_270x400_crop_center.jpg?v=1564178884"> is not clickable at point (727, 478). Other element would receive the click: <div class="language-popup__container" style="display: block;">...</div>
  (Session info: chrome=76.0.3809.100)
  (Driver info: chromedriver=2.43.600229 (3fae4d0cda5334b4f533bede5a4787f7b832d052),platform=Mac OS X 10.13.6 x86_64) (WARNING: The server did not provide any stacktrace information)
Command duration or timeout: 0 milliseconds
Build info: version: '3.7.1', revision: '8a0099a', time: '2017-11-06T21:07:36.161Z'
System info: host: 'sumans-MacBook-Pro.local', ip: 'fe80:0:0:0:101b:184c:e876:9570%en0', os.name: 'Mac OS X', os.arch: 'x86_64', os.version: '10.13.6', java.version: '1.8.0_181'
Driver info: com.kms.katalon.selenium.driver.CChromeDriver
Capabilities {acceptInsecureCerts: false, acceptSslCerts: false, applicationCacheEnabled: false, browserConnectionEnabled: false, browserName: chrome, chrome: {chromedriverVersion: 2.43.600229 (3fae4d0cda5334..., userDataDir: /var/folders/1t/c55l8xzs6gq...}, cssSelectorsEnabled: true, databaseEnabled: false, goog:chromeOptions: {debuggerAddress: localhost:57566}, handlesAlerts: true, hasTouchScreen: false, javascriptEnabled: true, locationContextEnabled: true, mobileEmulationEnabled: false, nativeEvents: true, networkConnectionEnabled: false, pageLoadStrategy: normal, platform: MAC, platformName: MAC, rotatable: false, setWindowRect: true, takesHeapSnapshot: true, takesScreenshot: true, unexpectedAlertBehaviour: , unhandledPromptBehavior: , version: 76.0.3809.100, webStorageEnabled: true}
Session ID: fd468b01e52a2e20936941ed228f5e35)
	at com.kms.katalon.core.keyword.internal.KeywordMain.stepFailed(KeywordMain.groovy:36)
	at com.kms.katalon.core.webui.keyword.internal.WebUIKeywordMain.stepFailed(WebUIKeywordMain.groovy:65)
	at com.kms.katalon.core.webui.keyword.internal.WebUIKeywordMain.runKeyword(WebUIKeywordMain.groovy:27)
	at com.kms.katalon.core.webui.keyword.builtin.ClickKeyword.click(ClickKeyword.groovy:86)
	at com.kms.katalon.core.webui.keyword.builtin.ClickKeyword.execute(ClickKeyword.groovy:67)
	at com.kms.katalon.core.keyword.internal.KeywordExecutor.executeKeywordForPlatform(KeywordExecutor.groovy:53)
	at com.kms.katalon.core.webui.keyword.WebUiBuiltInKeywords.click(WebUiBuiltInKeywords.groovy:616)
	at com.kms.katalon.core.webui.keyword.WebUiBuiltInKeywords$click$1.call(Unknown Source)
	at Different products.run(Different products:28)
	at com.kms.katalon.core.main.ScriptEngine.run(ScriptEngine.java:194)
	at com.kms.katalon.core.main.ScriptEngine.runScriptAsRawText(ScriptEngine.java:119)
	at com.kms.katalon.core.main.TestCaseExecutor.runScript(TestCaseExecutor.java:328)
	at com.kms.katalon.core.main.TestCaseExecutor.doExecute(TestCaseExecutor.java:319)
	at com.kms.katalon.core.main.TestCaseExecutor.processExecutionPhase(TestCaseExecutor.java:298)
	at com.kms.katalon.core.main.TestCaseExecutor.accessMainPhase(TestCaseExecutor.java:290)
	at com.kms.katalon.core.main.TestCaseExecutor.execute(TestCaseExecutor.java:224)
	at com.kms.katalon.core.main.TestSuiteExecutor.accessTestCaseMainPhase(TestSuiteExecutor.java:129)
	at com.kms.katalon.core.main.TestSuiteExecutor.accessTestSuiteMainPhase(TestSuiteExecutor.java:112)
	at com.kms.katalon.core.main.TestSuiteExecutor.execute(TestSuiteExecutor.java:81)
	at com.kms.katalon.core.main.TestCaseMain.startTestSuite(TestCaseMain.java:149)
	at com.kms.katalon.core.main.TestCaseMain$startTestSuite$0.call(Unknown Source)
	at TempTestSuite1565707895630.run(TempTestSuite1565707895630.groovy:36)]]></system-out>
         <system-err><![CDATA[2019-08-13 11:21:15 - [TEST_CASE][FAILED] - Test Cases/CRITICAL PATH/Different products: Test Cases/CRITICAL PATH/Different products FAILED.
Reason:
com.kms.katalon.core.exception.StepFailedException: Unable to click on object 'Object Repository/CR-DESKTOP/Collection page/product 3' (Root cause: org.openqa.selenium.WebDriverException: unknown error: Element <img class="featured_collection__image" alt="Mesh Perspex Sneaker" src="//cdn.shopify.com/s/files/1/0074/5124/6676/products/077451487117-18-0_270x400_crop_center.jpg?v=1564178884"> is not clickable at point (727, 478). Other element would receive the click: <div class="language-popup__container" style="display: block;">...</div>
  (Session info: chrome=76.0.3809.100)
  (Driver info: chromedriver=2.43.600229 (3fae4d0cda5334b4f533bede5a4787f7b832d052),platform=Mac OS X 10.13.6 x86_64) (WARNING: The server did not provide any stacktrace information)
Command duration or timeout: 0 milliseconds
Build info: version: '3.7.1', revision: '8a0099a', time: '2017-11-06T21:07:36.161Z'
System info: host: 'sumans-MacBook-Pro.local', ip: 'fe80:0:0:0:101b:184c:e876:9570%en0', os.name: 'Mac OS X', os.arch: 'x86_64', os.version: '10.13.6', java.version: '1.8.0_181'
Driver info: com.kms.katalon.selenium.driver.CChromeDriver
Capabilities {acceptInsecureCerts: false, acceptSslCerts: false, applicationCacheEnabled: false, browserConnectionEnabled: false, browserName: chrome, chrome: {chromedriverVersion: 2.43.600229 (3fae4d0cda5334..., userDataDir: /var/folders/1t/c55l8xzs6gq...}, cssSelectorsEnabled: true, databaseEnabled: false, goog:chromeOptions: {debuggerAddress: localhost:57566}, handlesAlerts: true, hasTouchScreen: false, javascriptEnabled: true, locationContextEnabled: true, mobileEmulationEnabled: false, nativeEvents: true, networkConnectionEnabled: false, pageLoadStrategy: normal, platform: MAC, platformName: MAC, rotatable: false, setWindowRect: true, takesHeapSnapshot: true, takesScreenshot: true, unexpectedAlertBehaviour: , unhandledPromptBehavior: , version: 76.0.3809.100, webStorageEnabled: true}
Session ID: fd468b01e52a2e20936941ed228f5e35)
	at com.kms.katalon.core.keyword.internal.KeywordMain.stepFailed(KeywordMain.groovy:36)
	at com.kms.katalon.core.webui.keyword.internal.WebUIKeywordMain.stepFailed(WebUIKeywordMain.groovy:65)
	at com.kms.katalon.core.webui.keyword.internal.WebUIKeywordMain.runKeyword(WebUIKeywordMain.groovy:27)
	at com.kms.katalon.core.webui.keyword.builtin.ClickKeyword.click(ClickKeyword.groovy:86)
	at com.kms.katalon.core.webui.keyword.builtin.ClickKeyword.execute(ClickKeyword.groovy:67)
	at com.kms.katalon.core.keyword.internal.KeywordExecutor.executeKeywordForPlatform(KeywordExecutor.groovy:53)
	at com.kms.katalon.core.webui.keyword.WebUiBuiltInKeywords.click(WebUiBuiltInKeywords.groovy:616)
	at com.kms.katalon.core.webui.keyword.WebUiBuiltInKeywords$click$1.call(Unknown Source)
	at Different products.run(Different products:28)
	at com.kms.katalon.core.main.ScriptEngine.run(ScriptEngine.java:194)
	at com.kms.katalon.core.main.ScriptEngine.runScriptAsRawText(ScriptEngine.java:119)
	at com.kms.katalon.core.main.TestCaseExecutor.runScript(TestCaseExecutor.java:328)
	at com.kms.katalon.core.main.TestCaseExecutor.doExecute(TestCaseExecutor.java:319)
	at com.kms.katalon.core.main.TestCaseExecutor.processExecutionPhase(TestCaseExecutor.java:298)
	at com.kms.katalon.core.main.TestCaseExecutor.accessMainPhase(TestCaseExecutor.java:290)
	at com.kms.katalon.core.main.TestCaseExecutor.execute(TestCaseExecutor.java:224)
	at com.kms.katalon.core.main.TestSuiteExecutor.accessTestCaseMainPhase(TestSuiteExecutor.java:129)
	at com.kms.katalon.core.main.TestSuiteExecutor.accessTestSuiteMainPhase(TestSuiteExecutor.java:112)
	at com.kms.katalon.core.main.TestSuiteExecutor.execute(TestSuiteExecutor.java:81)
	at com.kms.katalon.core.main.TestCaseMain.startTestSuite(TestCaseMain.java:149)
	at com.kms.katalon.core.main.TestCaseMain$startTestSuite$0.call(Unknown Source)
	at TempTestSuite1565707895630.run(TempTestSuite1565707895630.groovy:36)]]></system-err>
      </testcase>
      <system-out><![CDATA[2019-08-13 10:51:37 - [TEST_SUITE][FAILED] - suite-chrome: Test Cases/CRITICAL PATH - SPANISH/Increase quantity - cart page FAILED.
Reason:
com.kms.katalon.core.exception.StepFailedException: Unable to verify text 'payment' is present  (Root cause: com.kms.katalon.core.exception.StepFailedException: Text 'payment' is not present on page )
	at com.kms.katalon.core.keyword.internal.KeywordMain.stepFailed(KeywordMain.groovy:36)
	at com.kms.katalon.core.webui.keyword.internal.WebUIKeywordMain.stepFailed(WebUIKeywordMain.groovy:65)
	at com.kms.katalon.core.webui.keyword.internal.WebUIKeywordMain.runKeyword(WebUIKeywordMain.groovy:27)
	at com.kms.katalon.core.webui.keyword.builtin.VerifyTextPresentKeyword.verifyTextPresent(VerifyTextPresentKeyword.groovy:83)
	at com.kms.katalon.core.webui.keyword.builtin.VerifyTextPresentKeyword.execute(VerifyTextPresentKeyword.groovy:68)
	at com.kms.katalon.core.keyword.internal.KeywordExecutor.executeKeywordForPlatform(KeywordExecutor.groovy:53)
	at com.kms.katalon.core.webui.keyword.WebUiBuiltInKeywords.verifyTextPresent(WebUiBuiltInKeywords.groovy:1693)
	at com.kms.katalon.core.webui.keyword.WebUiBuiltInKeywords$verifyTextPresent$7.call(Unknown Source)
	at CALL- SHIPPING TO PAYMENT.run(CALL- SHIPPING TO PAYMENT:24)
	at com.kms.katalon.core.main.ScriptEngine.run(ScriptEngine.java:194)
	at com.kms.katalon.core.main.ScriptEngine.runScriptAsRawText(ScriptEngine.java:119)
	at com.kms.katalon.core.main.TestCaseExecutor.runScript(TestCaseExecutor.java:328)
	at com.kms.katalon.core.main.TestCaseExecutor.doExecute(TestCaseExecutor.java:319)
	at com.kms.katalon.core.main.TestCaseExecutor.processExecutionPhase(TestCaseExecutor.java:298)
	at com.kms.katalon.core.main.TestCaseExecutor.accessMainPhase(TestCaseExecutor.java:290)
	at com.kms.katalon.core.main.TestCaseExecutor.execute(TestCaseExecutor.java:224)
	at com.kms.katalon.core.main.TestCaseMain.runTestCase(TestCaseMain.java:106)
	at com.kms.katalon.core.keyword.builtin.CallTestCaseKeyword$_callTestCase_closure1.doCall(CallTestCaseKeyword.groovy:59)
	at com.kms.katalon.core.keyword.builtin.CallTestCaseKeyword$_callTestCase_closure1.call(CallTestCaseKeyword.groovy)
	at com.kms.katalon.core.keyword.internal.KeywordMain.runKeyword(KeywordMain.groovy:54)
	at com.kms.katalon.core.keyword.builtin.CallTestCaseKeyword.callTestCase(CallTestCaseKeyword.groovy:80)
	at com.kms.katalon.core.keyword.builtin.CallTestCaseKeyword.execute(CallTestCaseKeyword.groovy:44)
	at com.kms.katalon.core.keyword.internal.KeywordExecutor.executeKeywordForPlatform(KeywordExecutor.groovy:53)
	at com.kms.katalon.core.keyword.BuiltinKeywords.callTestCase(BuiltinKeywords.groovy:334)
	at Increase quantity - cart page.run(Increase quantity - cart page:139)
	at com.kms.katalon.core.main.ScriptEngine.run(ScriptEngine.java:194)
	at com.kms.katalon.core.main.ScriptEngine.runScriptAsRawText(ScriptEngine.java:119)
	at com.kms.katalon.core.main.TestCaseExecutor.runScript(TestCaseExecutor.java:328)
	at com.kms.katalon.core.main.TestCaseExecutor.doExecute(TestCaseExecutor.java:319)
	at com.kms.katalon.core.main.TestCaseExecutor.processExecutionPhase(TestCaseExecutor.java:298)
	at com.kms.katalon.core.main.TestCaseExecutor.accessMainPhase(TestCaseExecutor.java:290)
	at com.kms.katalon.core.main.TestCaseExecutor.execute(TestCaseExecutor.java:224)
	at com.kms.katalon.core.main.TestSuiteExecutor.accessTestCaseMainPhase(TestSuiteExecutor.java:129)
	at com.kms.katalon.core.main.TestSuiteExecutor.accessTestSuiteMainPhase(TestSuiteExecutor.java:112)
	at com.kms.katalon.core.main.TestSuiteExecutor.execute(TestSuiteExecutor.java:81)
	at com.kms.katalon.core.main.TestCaseMain.startTestSuite(TestCaseMain.java:149)
	at com.kms.katalon.core.main.TestCaseMain$startTestSuite$0.call(Unknown Source)
	at TempTestSuite1565707895630.run(TempTestSuite1565707895630.groovy:36)]]></system-out>
      <system-err><![CDATA[2019-08-13 10:51:37 - [TEST_SUITE][FAILED] - suite-chrome: Test Cases/CRITICAL PATH - SPANISH/Increase quantity - cart page FAILED.
Reason:
com.kms.katalon.core.exception.StepFailedException: Unable to verify text 'payment' is present  (Root cause: com.kms.katalon.core.exception.StepFailedException: Text 'payment' is not present on page )
	at com.kms.katalon.core.keyword.internal.KeywordMain.stepFailed(KeywordMain.groovy:36)
	at com.kms.katalon.core.webui.keyword.internal.WebUIKeywordMain.stepFailed(WebUIKeywordMain.groovy:65)
	at com.kms.katalon.core.webui.keyword.internal.WebUIKeywordMain.runKeyword(WebUIKeywordMain.groovy:27)
	at com.kms.katalon.core.webui.keyword.builtin.VerifyTextPresentKeyword.verifyTextPresent(VerifyTextPresentKeyword.groovy:83)
	at com.kms.katalon.core.webui.keyword.builtin.VerifyTextPresentKeyword.execute(VerifyTextPresentKeyword.groovy:68)
	at com.kms.katalon.core.keyword.internal.KeywordExecutor.executeKeywordForPlatform(KeywordExecutor.groovy:53)
	at com.kms.katalon.core.webui.keyword.WebUiBuiltInKeywords.verifyTextPresent(WebUiBuiltInKeywords.groovy:1693)
	at com.kms.katalon.core.webui.keyword.WebUiBuiltInKeywords$verifyTextPresent$7.call(Unknown Source)
	at CALL- SHIPPING TO PAYMENT.run(CALL- SHIPPING TO PAYMENT:24)
	at com.kms.katalon.core.main.ScriptEngine.run(ScriptEngine.java:194)
	at com.kms.katalon.core.main.ScriptEngine.runScriptAsRawText(ScriptEngine.java:119)
	at com.kms.katalon.core.main.TestCaseExecutor.runScript(TestCaseExecutor.java:328)
	at com.kms.katalon.core.main.TestCaseExecutor.doExecute(TestCaseExecutor.java:319)
	at com.kms.katalon.core.main.TestCaseExecutor.processExecutionPhase(TestCaseExecutor.java:298)
	at com.kms.katalon.core.main.TestCaseExecutor.accessMainPhase(TestCaseExecutor.java:290)
	at com.kms.katalon.core.main.TestCaseExecutor.execute(TestCaseExecutor.java:224)
	at com.kms.katalon.core.main.TestCaseMain.runTestCase(TestCaseMain.java:106)
	at com.kms.katalon.core.keyword.builtin.CallTestCaseKeyword$_callTestCase_closure1.doCall(CallTestCaseKeyword.groovy:59)
	at com.kms.katalon.core.keyword.builtin.CallTestCaseKeyword$_callTestCase_closure1.call(CallTestCaseKeyword.groovy)
	at com.kms.katalon.core.keyword.internal.KeywordMain.runKeyword(KeywordMain.groovy:54)
	at com.kms.katalon.core.keyword.builtin.CallTestCaseKeyword.callTestCase(CallTestCaseKeyword.groovy:80)
	at com.kms.katalon.core.keyword.builtin.CallTestCaseKeyword.execute(CallTestCaseKeyword.groovy:44)
	at com.kms.katalon.core.keyword.internal.KeywordExecutor.executeKeywordForPlatform(KeywordExecutor.groovy:53)
	at com.kms.katalon.core.keyword.BuiltinKeywords.callTestCase(BuiltinKeywords.groovy:334)
	at Increase quantity - cart page.run(Increase quantity - cart page:139)
	at com.kms.katalon.core.main.ScriptEngine.run(ScriptEngine.java:194)
	at com.kms.katalon.core.main.ScriptEngine.runScriptAsRawText(ScriptEngine.java:119)
	at com.kms.katalon.core.main.TestCaseExecutor.runScript(TestCaseExecutor.java:328)
	at com.kms.katalon.core.main.TestCaseExecutor.doExecute(TestCaseExecutor.java:319)
	at com.kms.katalon.core.main.TestCaseExecutor.processExecutionPhase(TestCaseExecutor.java:298)
	at com.kms.katalon.core.main.TestCaseExecutor.accessMainPhase(TestCaseExecutor.java:290)
	at com.kms.katalon.core.main.TestCaseExecutor.execute(TestCaseExecutor.java:224)
	at com.kms.katalon.core.main.TestSuiteExecutor.accessTestCaseMainPhase(TestSuiteExecutor.java:129)
	at com.kms.katalon.core.main.TestSuiteExecutor.accessTestSuiteMainPhase(TestSuiteExecutor.java:112)
	at com.kms.katalon.core.main.TestSuiteExecutor.execute(TestSuiteExecutor.java:81)
	at com.kms.katalon.core.main.TestCaseMain.startTestSuite(TestCaseMain.java:149)
	at com.kms.katalon.core.main.TestCaseMain$startTestSuite$0.call(Unknown Source)
	at TempTestSuite1565707895630.run(TempTestSuite1565707895630.groovy:36)]]></system-err>
   </testsuite>
</testsuites>
